[36m[2020-12-30 16:57:23,283] [Log.py:69] [Log:__console] [DEBUG]- 正在执行第1条case:"标题为查询老师正在教学的课堂"[0m
[32m[2020-12-30 16:57:23,284] [Log.py:67] [Log:__console] [INFO]- 【测试通过!!】执行第1条case:标题为"查询老师正在教学的课堂"结束。[0m
[36m[2020-12-30 16:57:23,659] [Log.py:69] [Log:__console] [DEBUG]- 正在执行第2条case:"标题为课件-获取课件详情"[0m
[32m[2020-12-30 16:57:23,660] [Log.py:67] [Log:__console] [INFO]- 【测试通过!!】执行第2条case:标题为"课件-获取课件详情"结束。[0m
[36m[2020-12-30 16:57:23,967] [Log.py:69] [Log:__console] [DEBUG]- 正在执行第3条case:"标题为课件-获取互动课件内页详情"[0m
[32m[2020-12-30 16:57:23,968] [Log.py:67] [Log:__console] [INFO]- 【测试通过!!】执行第3条case:标题为"课件-获取互动课件内页详情"结束。[0m
[36m[2020-12-30 16:57:24,258] [Log.py:69] [Log:__console] [DEBUG]- 正在执行第4条case:"标题为试卷详情"[0m
[32m[2020-12-30 16:57:24,259] [Log.py:67] [Log:__console] [INFO]- 【测试通过!!】执行第4条case:标题为"试卷详情"结束。[0m
[36m[2020-12-30 16:57:24,472] [Log.py:69] [Log:__console] [DEBUG]- 正在执行第5条case:"标题为获取试卷中所有题型"[0m
[32m[2020-12-30 16:57:24,472] [Log.py:67] [Log:__console] [INFO]- 【测试通过!!】执行第5条case:标题为"获取试卷中所有题型"结束。[0m
[36m[2020-12-30 16:57:24,785] [Log.py:69] [Log:__console] [DEBUG]- 正在执行第6条case:"标题为获取试卷中所有习题|试卷预览"[0m
[32m[2020-12-30 16:57:24,786] [Log.py:67] [Log:__console] [INFO]- 【测试通过!!】执行第6条case:标题为"获取试卷中所有习题|试卷预览"结束。[0m
[33m[2020-12-30 16:57:24,787] [Log.py:71] [Log:__console] [WARNING]- 未执行第7条case:"标题为习题删除"未开启状态[0m
[36m[2020-12-30 16:57:25,117] [Log.py:69] [Log:__console] [DEBUG]- 正在执行第8条case:"标题为课件-试卷导出"[0m
[32m[2020-12-30 16:57:25,118] [Log.py:67] [Log:__console] [INFO]- 【测试通过!!】执行第8条case:标题为"课件-试卷导出"结束。[0m
[36m[2020-12-30 16:57:25,531] [Log.py:69] [Log:__console] [DEBUG]- 正在执行第9条case:"标题为我的-获取用户信息"[0m
[32m[2020-12-30 16:57:25,532] [Log.py:67] [Log:__console] [INFO]- 【测试通过!!】执行第9条case:标题为"我的-获取用户信息"结束。[0m
[36m[2020-12-30 16:57:25,812] [Log.py:69] [Log:__console] [DEBUG]- 正在执行第10条case:"标题为我的-获取我的错题集"[0m
[32m[2020-12-30 16:57:25,813] [Log.py:67] [Log:__console] [INFO]- 【测试通过!!】执行第10条case:标题为"我的-获取我的错题集"结束。[0m
[36m[2020-12-30 16:57:26,288] [Log.py:69] [Log:__console] [DEBUG]- 正在执行第11条case:"标题为我的-获取我的错题集"[0m
[32m[2020-12-30 16:57:26,288] [Log.py:67] [Log:__console] [INFO]- 【测试通过!!】执行第11条case:标题为"我的-获取我的错题集"结束。[0m
[36m[2020-12-30 16:57:26,518] [Log.py:69] [Log:__console] [DEBUG]- 正在执行第12条case:"标题为课程--我听的课"[0m
[32m[2020-12-30 16:57:26,518] [Log.py:67] [Log:__console] [INFO]- 【测试通过!!】执行第12条case:标题为"课程--我听的课"结束。[0m
[36m[2020-12-30 16:57:26,837] [Log.py:69] [Log:__console] [DEBUG]- 正在执行第1条case:"标题为课件-添加课件"[0m
[32m[2020-12-30 16:57:26,838] [Log.py:67] [Log:__console] [INFO]- 【测试通过!!】执行第1条case:标题为"课件-添加课件"[0m
[36m[2020-12-30 16:57:27,167] [Log.py:69] [Log:__console] [DEBUG]- 正在执行第2条case:"标题为课件-添加外链"[0m
[32m[2020-12-30 16:57:27,168] [Log.py:67] [Log:__console] [INFO]- 【测试通过!!】执行第2条case:标题为"课件-添加外链"[0m
[36m[2020-12-30 16:57:27,450] [Log.py:69] [Log:__console] [DEBUG]- 正在执行第3条case:"标题为课件-复制课件"[0m
[32m[2020-12-30 16:57:27,451] [Log.py:67] [Log:__console] [INFO]- 【测试通过!!】执行第3条case:标题为"课件-复制课件"[0m
[36m[2020-12-30 16:57:27,740] [Log.py:69] [Log:__console] [DEBUG]- 正在执行第4条case:"标题为课件-获取课件列表"[0m
[32m[2020-12-30 16:57:27,740] [Log.py:67] [Log:__console] [INFO]- 【测试通过!!】执行第4条case:标题为"课件-获取课件列表"[0m
[36m[2020-12-30 16:57:28,087] [Log.py:69] [Log:__console] [DEBUG]- 正在执行第5条case:"标题为课件-创建章节目录"[0m
[32m[2020-12-30 16:57:28,088] [Log.py:67] [Log:__console] [INFO]- 【测试通过!!】执行第5条case:标题为"课件-创建章节目录"[0m
[36m[2020-12-30 16:57:28,334] [Log.py:69] [Log:__console] [DEBUG]- 正在执行第6条case:"标题为互动课件添加判断题"[0m
[32m[2020-12-30 16:57:28,334] [Log.py:67] [Log:__console] [INFO]- 【测试通过!!】执行第6条case:标题为"互动课件添加判断题"[0m
[36m[2020-12-30 16:57:28,555] [Log.py:69] [Log:__console] [DEBUG]- 正在执行第7条case:"标题为互动课件添加单选题"[0m
[32m[2020-12-30 16:57:28,556] [Log.py:67] [Log:__console] [INFO]- 【测试通过!!】执行第7条case:标题为"互动课件添加单选题"[0m
[36m[2020-12-30 16:57:28,815] [Log.py:69] [Log:__console] [DEBUG]- 正在执行第8条case:"标题为互动课件添加多选题"[0m
[32m[2020-12-30 16:57:28,816] [Log.py:67] [Log:__console] [INFO]- 【测试通过!!】执行第8条case:标题为"互动课件添加多选题"[0m
[36m[2020-12-30 16:57:29,268] [Log.py:69] [Log:__console] [DEBUG]- 正在执行第9条case:"标题为互动课件添加投票题"[0m
[32m[2020-12-30 16:57:29,269] [Log.py:67] [Log:__console] [INFO]- 【测试通过!!】执行第9条case:标题为"互动课件添加投票题"[0m
[36m[2020-12-30 16:57:29,515] [Log.py:69] [Log:__console] [DEBUG]- 正在执行第10条case:"标题为互动课件添加判断题"[0m
[32m[2020-12-30 16:57:29,516] [Log.py:67] [Log:__console] [INFO]- 【测试通过!!】执行第10条case:标题为"互动课件添加判断题"[0m
[36m[2020-12-30 16:57:30,511] [Log.py:69] [Log:__console] [DEBUG]- 正在执行第11条case:"标题为课件-发布课件到班级"[0m
[32m[2020-12-30 16:57:30,511] [Log.py:67] [Log:__console] [INFO]- 【测试通过!!】执行第11条case:标题为"课件-发布课件到班级"[0m
[33m[2020-12-30 16:57:30,513] [Log.py:71] [Log:__console] [WARNING]- 未执行第12条case:"标题为课件-添加试卷"未开启状态[0m
[36m[2020-12-30 16:57:30,885] [Log.py:69] [Log:__console] [DEBUG]- 正在执行第13条case:"标题为课件-添加试卷判断题"[0m
[32m[2020-12-30 16:57:30,885] [Log.py:67] [Log:__console] [INFO]- 【测试通过!!】执行第13条case:标题为"课件-添加试卷判断题"[0m
[36m[2020-12-30 16:57:31,251] [Log.py:69] [Log:__console] [DEBUG]- 正在执行第14条case:"标题为课件-添加试卷单选题"[0m
[32m[2020-12-30 16:57:31,251] [Log.py:67] [Log:__console] [INFO]- 【测试通过!!】执行第14条case:标题为"课件-添加试卷单选题"[0m
[36m[2020-12-30 16:57:31,599] [Log.py:69] [Log:__console] [DEBUG]- 正在执行第15条case:"标题为课件-添加试卷多选"[0m
[32m[2020-12-30 16:57:31,600] [Log.py:67] [Log:__console] [INFO]- 【测试通过!!】执行第15条case:标题为"课件-添加试卷多选"[0m
[36m[2020-12-30 16:57:31,928] [Log.py:69] [Log:__console] [DEBUG]- 正在执行第16条case:"标题为课件-添加试卷填空题"[0m
[32m[2020-12-30 16:57:31,929] [Log.py:67] [Log:__console] [INFO]- 【测试通过!!】执行第16条case:标题为"课件-添加试卷填空题"[0m
[36m[2020-12-30 16:57:32,370] [Log.py:69] [Log:__console] [DEBUG]- 正在执行第17条case:"标题为课件-添加试卷简答题"[0m
[32m[2020-12-30 16:57:32,371] [Log.py:67] [Log:__console] [INFO]- 【测试通过!!】执行第17条case:标题为"课件-添加试卷简答题"[0m
[36m[2020-12-30 16:57:33,299] [Log.py:69] [Log:__console] [DEBUG]- 正在执行第19条case:"标题为课件-添加段落说明"[0m
[32m[2020-12-30 16:57:33,299] [Log.py:67] [Log:__console] [INFO]- 【测试通过!!】执行第19条case:标题为"课件-添加段落说明"[0m
[36m[2020-12-30 16:57:33,721] [Log.py:69] [Log:__console] [DEBUG]- 正在执行第20条case:"标题为课件-发布试卷"[0m
[32m[2020-12-30 16:57:33,721] [Log.py:67] [Log:__console] [INFO]- 【测试通过!!】执行第20条case:标题为"课件-发布试卷"[0m
[36m[2020-12-30 16:57:34,094] [Log.py:69] [Log:__console] [DEBUG]- 正在执行第21条case:"标题为我的-获取我的学习记录"[0m
[32m[2020-12-30 16:57:34,095] [Log.py:67] [Log:__console] [INFO]- 【测试通过!!】执行第21条case:标题为"我的-获取我的学习记录"[0m
[36m[2020-12-30 16:57:34,381] [Log.py:69] [Log:__console] [DEBUG]- 正在执行第22条case:"标题为课程班级-置顶"[0m
[32m[2020-12-30 16:57:34,382] [Log.py:67] [Log:__console] [INFO]- 【测试通过!!】执行第22条case:标题为"课程班级-置顶"[0m
[36m[2020-12-30 16:57:35,120] [Log.py:69] [Log:__console] [DEBUG]- 正在执行第23条case:"标题为我的--编辑资料"[0m
[32m[2020-12-30 16:57:35,120] [Log.py:67] [Log:__console] [INFO]- 【测试通过!!】执行第23条case:标题为"我的--编辑资料"[0m
[36m[2020-12-30 17:03:09,796] [Log.py:69] [Log:__console] [DEBUG]- 正在执行第1条case:"标题为查询老师正在教学的课堂"[0m
[32m[2020-12-30 17:03:09,797] [Log.py:67] [Log:__console] [INFO]- 【测试通过!!】执行第1条case:标题为"查询老师正在教学的课堂"结束。[0m
[36m[2020-12-30 17:03:09,957] [Log.py:69] [Log:__console] [DEBUG]- 正在执行第2条case:"标题为课件-获取课件详情"[0m
[32m[2020-12-30 17:03:09,958] [Log.py:67] [Log:__console] [INFO]- 【测试通过!!】执行第2条case:标题为"课件-获取课件详情"结束。[0m
[36m[2020-12-30 17:03:10,089] [Log.py:69] [Log:__console] [DEBUG]- 正在执行第3条case:"标题为课件-获取互动课件内页详情"[0m
[32m[2020-12-30 17:03:10,089] [Log.py:67] [Log:__console] [INFO]- 【测试通过!!】执行第3条case:标题为"课件-获取互动课件内页详情"结束。[0m
[36m[2020-12-30 17:03:10,243] [Log.py:69] [Log:__console] [DEBUG]- 正在执行第4条case:"标题为试卷详情"[0m
[32m[2020-12-30 17:03:10,244] [Log.py:67] [Log:__console] [INFO]- 【测试通过!!】执行第4条case:标题为"试卷详情"结束。[0m
[36m[2020-12-30 17:03:10,368] [Log.py:69] [Log:__console] [DEBUG]- 正在执行第5条case:"标题为获取试卷中所有题型"[0m
[32m[2020-12-30 17:03:10,369] [Log.py:67] [Log:__console] [INFO]- 【测试通过!!】执行第5条case:标题为"获取试卷中所有题型"结束。[0m
[36m[2020-12-30 17:03:10,510] [Log.py:69] [Log:__console] [DEBUG]- 正在执行第6条case:"标题为获取试卷中所有习题|试卷预览"[0m
[32m[2020-12-30 17:03:10,511] [Log.py:67] [Log:__console] [INFO]- 【测试通过!!】执行第6条case:标题为"获取试卷中所有习题|试卷预览"结束。[0m
[33m[2020-12-30 17:03:10,512] [Log.py:71] [Log:__console] [WARNING]- 未执行第7条case:"标题为习题删除"未开启状态[0m
[36m[2020-12-30 17:03:10,652] [Log.py:69] [Log:__console] [DEBUG]- 正在执行第8条case:"标题为课件-试卷导出"[0m
[32m[2020-12-30 17:03:10,653] [Log.py:67] [Log:__console] [INFO]- 【测试通过!!】执行第8条case:标题为"课件-试卷导出"结束。[0m
[36m[2020-12-30 17:03:10,798] [Log.py:69] [Log:__console] [DEBUG]- 正在执行第9条case:"标题为我的-获取用户信息"[0m
[32m[2020-12-30 17:03:10,799] [Log.py:67] [Log:__console] [INFO]- 【测试通过!!】执行第9条case:标题为"我的-获取用户信息"结束。[0m
[36m[2020-12-30 17:03:10,924] [Log.py:69] [Log:__console] [DEBUG]- 正在执行第10条case:"标题为我的-获取我的错题集"[0m
[32m[2020-12-30 17:03:10,924] [Log.py:67] [Log:__console] [INFO]- 【测试通过!!】执行第10条case:标题为"我的-获取我的错题集"结束。[0m
[36m[2020-12-30 17:03:11,081] [Log.py:69] [Log:__console] [DEBUG]- 正在执行第11条case:"标题为我的-获取我的错题集"[0m
[32m[2020-12-30 17:03:11,081] [Log.py:67] [Log:__console] [INFO]- 【测试通过!!】执行第11条case:标题为"我的-获取我的错题集"结束。[0m
[36m[2020-12-30 17:03:11,217] [Log.py:69] [Log:__console] [DEBUG]- 正在执行第12条case:"标题为课程--我听的课"[0m
[32m[2020-12-30 17:03:11,217] [Log.py:67] [Log:__console] [INFO]- 【测试通过!!】执行第12条case:标题为"课程--我听的课"结束。[0m
[36m[2020-12-30 17:03:11,374] [Log.py:69] [Log:__console] [DEBUG]- 正在执行第1条case:"标题为课件-添加课件"[0m
[32m[2020-12-30 17:03:11,375] [Log.py:67] [Log:__console] [INFO]- 【测试通过!!】执行第1条case:标题为"课件-添加课件"[0m
[36m[2020-12-30 17:03:11,537] [Log.py:69] [Log:__console] [DEBUG]- 正在执行第2条case:"标题为课件-添加外链"[0m
[32m[2020-12-30 17:03:11,538] [Log.py:67] [Log:__console] [INFO]- 【测试通过!!】执行第2条case:标题为"课件-添加外链"[0m
[36m[2020-12-30 17:03:11,717] [Log.py:69] [Log:__console] [DEBUG]- 正在执行第3条case:"标题为课件-复制课件"[0m
[32m[2020-12-30 17:03:11,717] [Log.py:67] [Log:__console] [INFO]- 【测试通过!!】执行第3条case:标题为"课件-复制课件"[0m
[36m[2020-12-30 17:03:11,840] [Log.py:69] [Log:__console] [DEBUG]- 正在执行第4条case:"标题为课件-获取课件列表"[0m
[32m[2020-12-30 17:03:11,841] [Log.py:67] [Log:__console] [INFO]- 【测试通过!!】执行第4条case:标题为"课件-获取课件列表"[0m
[36m[2020-12-30 17:03:12,064] [Log.py:69] [Log:__console] [DEBUG]- 正在执行第5条case:"标题为课件-创建章节目录"[0m
[32m[2020-12-30 17:03:12,065] [Log.py:67] [Log:__console] [INFO]- 【测试通过!!】执行第5条case:标题为"课件-创建章节目录"[0m
[36m[2020-12-30 17:03:12,269] [Log.py:69] [Log:__console] [DEBUG]- 正在执行第6条case:"标题为互动课件添加判断题"[0m
[32m[2020-12-30 17:03:12,270] [Log.py:67] [Log:__console] [INFO]- 【测试通过!!】执行第6条case:标题为"互动课件添加判断题"[0m
[36m[2020-12-30 17:03:12,432] [Log.py:69] [Log:__console] [DEBUG]- 正在执行第7条case:"标题为互动课件添加单选题"[0m
[32m[2020-12-30 17:03:12,432] [Log.py:67] [Log:__console] [INFO]- 【测试通过!!】执行第7条case:标题为"互动课件添加单选题"[0m
[36m[2020-12-30 17:03:12,577] [Log.py:69] [Log:__console] [DEBUG]- 正在执行第8条case:"标题为互动课件添加多选题"[0m
[32m[2020-12-30 17:03:12,578] [Log.py:67] [Log:__console] [INFO]- 【测试通过!!】执行第8条case:标题为"互动课件添加多选题"[0m
[36m[2020-12-30 17:03:12,715] [Log.py:69] [Log:__console] [DEBUG]- 正在执行第9条case:"标题为互动课件添加投票题"[0m
[32m[2020-12-30 17:03:12,715] [Log.py:67] [Log:__console] [INFO]- 【测试通过!!】执行第9条case:标题为"互动课件添加投票题"[0m
[36m[2020-12-30 17:03:12,899] [Log.py:69] [Log:__console] [DEBUG]- 正在执行第10条case:"标题为互动课件添加判断题"[0m
[32m[2020-12-30 17:03:12,900] [Log.py:67] [Log:__console] [INFO]- 【测试通过!!】执行第10条case:标题为"互动课件添加判断题"[0m
[36m[2020-12-30 17:03:13,333] [Log.py:69] [Log:__console] [DEBUG]- 正在执行第11条case:"标题为课件-发布课件到班级"[0m
[32m[2020-12-30 17:03:13,334] [Log.py:67] [Log:__console] [INFO]- 【测试通过!!】执行第11条case:标题为"课件-发布课件到班级"[0m
[33m[2020-12-30 17:03:13,335] [Log.py:71] [Log:__console] [WARNING]- 未执行第12条case:"标题为课件-添加试卷"未开启状态[0m
[36m[2020-12-30 17:03:13,499] [Log.py:69] [Log:__console] [DEBUG]- 正在执行第13条case:"标题为课件-添加试卷判断题"[0m
[32m[2020-12-30 17:03:13,499] [Log.py:67] [Log:__console] [INFO]- 【测试通过!!】执行第13条case:标题为"课件-添加试卷判断题"[0m
[36m[2020-12-30 17:03:13,658] [Log.py:69] [Log:__console] [DEBUG]- 正在执行第14条case:"标题为课件-添加试卷单选题"[0m
[32m[2020-12-30 17:03:13,658] [Log.py:67] [Log:__console] [INFO]- 【测试通过!!】执行第14条case:标题为"课件-添加试卷单选题"[0m
[36m[2020-12-30 17:03:13,828] [Log.py:69] [Log:__console] [DEBUG]- 正在执行第15条case:"标题为课件-添加试卷多选"[0m
[32m[2020-12-30 17:03:13,829] [Log.py:67] [Log:__console] [INFO]- 【测试通过!!】执行第15条case:标题为"课件-添加试卷多选"[0m
[36m[2020-12-30 17:03:14,012] [Log.py:69] [Log:__console] [DEBUG]- 正在执行第16条case:"标题为课件-添加试卷填空题"[0m
[32m[2020-12-30 17:03:14,013] [Log.py:67] [Log:__console] [INFO]- 【测试通过!!】执行第16条case:标题为"课件-添加试卷填空题"[0m
[36m[2020-12-30 17:03:14,178] [Log.py:69] [Log:__console] [DEBUG]- 正在执行第17条case:"标题为课件-添加试卷简答题"[0m
[32m[2020-12-30 17:03:14,179] [Log.py:67] [Log:__console] [INFO]- 【测试通过!!】执行第17条case:标题为"课件-添加试卷简答题"[0m
[36m[2020-12-30 17:03:14,328] [Log.py:69] [Log:__console] [DEBUG]- 正在执行第19条case:"标题为课件-添加段落说明"[0m
[32m[2020-12-30 17:03:14,329] [Log.py:67] [Log:__console] [INFO]- 【测试通过!!】执行第19条case:标题为"课件-添加段落说明"[0m
[36m[2020-12-30 17:03:14,554] [Log.py:69] [Log:__console] [DEBUG]- 正在执行第20条case:"标题为课件-发布试卷"[0m
[32m[2020-12-30 17:03:14,555] [Log.py:67] [Log:__console] [INFO]- 【测试通过!!】执行第20条case:标题为"课件-发布试卷"[0m
[36m[2020-12-30 17:03:14,739] [Log.py:69] [Log:__console] [DEBUG]- 正在执行第21条case:"标题为我的-获取我的学习记录"[0m
[32m[2020-12-30 17:03:14,740] [Log.py:67] [Log:__console] [INFO]- 【测试通过!!】执行第21条case:标题为"我的-获取我的学习记录"[0m
[36m[2020-12-30 17:03:14,949] [Log.py:69] [Log:__console] [DEBUG]- 正在执行第22条case:"标题为课程班级-置顶"[0m
[32m[2020-12-30 17:03:14,950] [Log.py:67] [Log:__console] [INFO]- 【测试通过!!】执行第22条case:标题为"课程班级-置顶"[0m
[36m[2020-12-30 17:03:15,603] [Log.py:69] [Log:__console] [DEBUG]- 正在执行第23条case:"标题为我的--编辑资料"[0m
[32m[2020-12-30 17:03:15,603] [Log.py:67] [Log:__console] [INFO]- 【测试通过!!】执行第23条case:标题为"我的--编辑资料"[0m
[36m[2020-12-30 17:45:37,180] [Log.py:69] [Log:__console] [DEBUG]- 正在执行第1条case:"标题为查询老师正在教学的课堂"[0m
[32m[2020-12-30 17:45:37,182] [Log.py:67] [Log:__console] [INFO]- 【测试通过!!】执行第1条case:标题为"查询老师正在教学的课堂"结束。[0m
[36m[2020-12-30 17:45:37,343] [Log.py:69] [Log:__console] [DEBUG]- 正在执行第2条case:"标题为课件-获取课件详情"[0m
[32m[2020-12-30 17:45:37,344] [Log.py:67] [Log:__console] [INFO]- 【测试通过!!】执行第2条case:标题为"课件-获取课件详情"结束。[0m
[36m[2020-12-30 17:45:37,496] [Log.py:69] [Log:__console] [DEBUG]- 正在执行第3条case:"标题为课件-获取互动课件内页详情"[0m
[32m[2020-12-30 17:45:37,496] [Log.py:67] [Log:__console] [INFO]- 【测试通过!!】执行第3条case:标题为"课件-获取互动课件内页详情"结束。[0m
[36m[2020-12-30 17:45:37,652] [Log.py:69] [Log:__console] [DEBUG]- 正在执行第4条case:"标题为试卷详情"[0m
[32m[2020-12-30 17:45:37,653] [Log.py:67] [Log:__console] [INFO]- 【测试通过!!】执行第4条case:标题为"试卷详情"结束。[0m
[36m[2020-12-30 17:45:37,817] [Log.py:69] [Log:__console] [DEBUG]- 正在执行第5条case:"标题为获取试卷中所有题型"[0m
[32m[2020-12-30 17:45:37,818] [Log.py:67] [Log:__console] [INFO]- 【测试通过!!】执行第5条case:标题为"获取试卷中所有题型"结束。[0m
[36m[2020-12-30 17:45:37,987] [Log.py:69] [Log:__console] [DEBUG]- 正在执行第6条case:"标题为获取试卷中所有习题|试卷预览"[0m
[32m[2020-12-30 17:45:37,987] [Log.py:67] [Log:__console] [INFO]- 【测试通过!!】执行第6条case:标题为"获取试卷中所有习题|试卷预览"结束。[0m
[33m[2020-12-30 17:45:37,989] [Log.py:71] [Log:__console] [WARNING]- 未执行第7条case:"标题为习题删除"未开启状态[0m
[36m[2020-12-30 17:45:38,124] [Log.py:69] [Log:__console] [DEBUG]- 正在执行第8条case:"标题为课件-试卷导出"[0m
[32m[2020-12-30 17:45:38,125] [Log.py:67] [Log:__console] [INFO]- 【测试通过!!】执行第8条case:标题为"课件-试卷导出"结束。[0m
[36m[2020-12-30 17:45:38,299] [Log.py:69] [Log:__console] [DEBUG]- 正在执行第9条case:"标题为我的-获取用户信息"[0m
[32m[2020-12-30 17:45:38,300] [Log.py:67] [Log:__console] [INFO]- 【测试通过!!】执行第9条case:标题为"我的-获取用户信息"结束。[0m
[36m[2020-12-30 17:45:38,474] [Log.py:69] [Log:__console] [DEBUG]- 正在执行第10条case:"标题为我的-获取我的错题集"[0m
[32m[2020-12-30 17:45:38,474] [Log.py:67] [Log:__console] [INFO]- 【测试通过!!】执行第10条case:标题为"我的-获取我的错题集"结束。[0m
[36m[2020-12-30 17:45:38,675] [Log.py:69] [Log:__console] [DEBUG]- 正在执行第11条case:"标题为我的-获取我的错题集"[0m
[32m[2020-12-30 17:45:38,675] [Log.py:67] [Log:__console] [INFO]- 【测试通过!!】执行第11条case:标题为"我的-获取我的错题集"结束。[0m
[36m[2020-12-30 17:45:38,894] [Log.py:69] [Log:__console] [DEBUG]- 正在执行第12条case:"标题为课程--我听的课"[0m
[32m[2020-12-30 17:45:38,894] [Log.py:67] [Log:__console] [INFO]- 【测试通过!!】执行第12条case:标题为"课程--我听的课"结束。[0m
[36m[2020-12-30 17:45:39,035] [Log.py:69] [Log:__console] [DEBUG]- 正在执行第1条case:"标题为课件-添加课件"[0m
[32m[2020-12-30 17:45:39,036] [Log.py:67] [Log:__console] [INFO]- 【测试通过!!】执行第1条case:标题为"课件-添加课件"[0m
[36m[2020-12-30 17:45:39,192] [Log.py:69] [Log:__console] [DEBUG]- 正在执行第2条case:"标题为课件-添加外链"[0m
[32m[2020-12-30 17:45:39,193] [Log.py:67] [Log:__console] [INFO]- 【测试通过!!】执行第2条case:标题为"课件-添加外链"[0m
[36m[2020-12-30 17:45:39,381] [Log.py:69] [Log:__console] [DEBUG]- 正在执行第3条case:"标题为课件-复制课件"[0m
[32m[2020-12-30 17:45:39,381] [Log.py:67] [Log:__console] [INFO]- 【测试通过!!】执行第3条case:标题为"课件-复制课件"[0m
[36m[2020-12-30 17:45:39,545] [Log.py:69] [Log:__console] [DEBUG]- 正在执行第4条case:"标题为课件-获取课件列表"[0m
[32m[2020-12-30 17:45:39,546] [Log.py:67] [Log:__console] [INFO]- 【测试通过!!】执行第4条case:标题为"课件-获取课件列表"[0m
[36m[2020-12-30 17:45:39,734] [Log.py:69] [Log:__console] [DEBUG]- 正在执行第5条case:"标题为课件-创建章节目录"[0m
[32m[2020-12-30 17:45:39,735] [Log.py:67] [Log:__console] [INFO]- 【测试通过!!】执行第5条case:标题为"课件-创建章节目录"[0m
[36m[2020-12-30 17:45:39,905] [Log.py:69] [Log:__console] [DEBUG]- 正在执行第6条case:"标题为互动课件添加判断题"[0m
[32m[2020-12-30 17:45:39,906] [Log.py:67] [Log:__console] [INFO]- 【测试通过!!】执行第6条case:标题为"互动课件添加判断题"[0m
[36m[2020-12-30 17:45:40,097] [Log.py:69] [Log:__console] [DEBUG]- 正在执行第7条case:"标题为互动课件添加单选题"[0m
[32m[2020-12-30 17:45:40,098] [Log.py:67] [Log:__console] [INFO]- 【测试通过!!】执行第7条case:标题为"互动课件添加单选题"[0m
[36m[2020-12-30 17:45:40,254] [Log.py:69] [Log:__console] [DEBUG]- 正在执行第8条case:"标题为互动课件添加多选题"[0m
[32m[2020-12-30 17:45:40,255] [Log.py:67] [Log:__console] [INFO]- 【测试通过!!】执行第8条case:标题为"互动课件添加多选题"[0m
[36m[2020-12-30 17:45:40,410] [Log.py:69] [Log:__console] [DEBUG]- 正在执行第9条case:"标题为互动课件添加投票题"[0m
[32m[2020-12-30 17:45:40,410] [Log.py:67] [Log:__console] [INFO]- 【测试通过!!】执行第9条case:标题为"互动课件添加投票题"[0m
[36m[2020-12-30 17:45:40,594] [Log.py:69] [Log:__console] [DEBUG]- 正在执行第10条case:"标题为互动课件添加判断题"[0m
[32m[2020-12-30 17:45:40,595] [Log.py:67] [Log:__console] [INFO]- 【测试通过!!】执行第10条case:标题为"互动课件添加判断题"[0m
[36m[2020-12-30 17:45:40,979] [Log.py:69] [Log:__console] [DEBUG]- 正在执行第11条case:"标题为课件-发布课件到班级"[0m
[32m[2020-12-30 17:45:40,980] [Log.py:67] [Log:__console] [INFO]- 【测试通过!!】执行第11条case:标题为"课件-发布课件到班级"[0m
[33m[2020-12-30 17:45:40,981] [Log.py:71] [Log:__console] [WARNING]- 未执行第12条case:"标题为课件-添加试卷"未开启状态[0m
[36m[2020-12-30 17:45:41,148] [Log.py:69] [Log:__console] [DEBUG]- 正在执行第13条case:"标题为课件-添加试卷判断题"[0m
[32m[2020-12-30 17:45:41,149] [Log.py:67] [Log:__console] [INFO]- 【测试通过!!】执行第13条case:标题为"课件-添加试卷判断题"[0m
[36m[2020-12-30 17:45:41,312] [Log.py:69] [Log:__console] [DEBUG]- 正在执行第14条case:"标题为课件-添加试卷单选题"[0m
[32m[2020-12-30 17:45:41,312] [Log.py:67] [Log:__console] [INFO]- 【测试通过!!】执行第14条case:标题为"课件-添加试卷单选题"[0m
[36m[2020-12-30 17:45:41,466] [Log.py:69] [Log:__console] [DEBUG]- 正在执行第15条case:"标题为课件-添加试卷多选"[0m
[32m[2020-12-30 17:45:41,466] [Log.py:67] [Log:__console] [INFO]- 【测试通过!!】执行第15条case:标题为"课件-添加试卷多选"[0m
[36m[2020-12-30 17:45:41,618] [Log.py:69] [Log:__console] [DEBUG]- 正在执行第16条case:"标题为课件-添加试卷填空题"[0m
[32m[2020-12-30 17:45:41,619] [Log.py:67] [Log:__console] [INFO]- 【测试通过!!】执行第16条case:标题为"课件-添加试卷填空题"[0m
[36m[2020-12-30 17:45:41,765] [Log.py:69] [Log:__console] [DEBUG]- 正在执行第17条case:"标题为课件-添加试卷简答题"[0m
[32m[2020-12-30 17:45:41,765] [Log.py:67] [Log:__console] [INFO]- 【测试通过!!】执行第17条case:标题为"课件-添加试卷简答题"[0m
[36m[2020-12-30 17:45:41,905] [Log.py:69] [Log:__console] [DEBUG]- 正在执行第19条case:"标题为课件-添加段落说明"[0m
[32m[2020-12-30 17:45:41,905] [Log.py:67] [Log:__console] [INFO]- 【测试通过!!】执行第19条case:标题为"课件-添加段落说明"[0m
[36m[2020-12-30 17:45:42,143] [Log.py:69] [Log:__console] [DEBUG]- 正在执行第20条case:"标题为课件-发布试卷"[0m
[32m[2020-12-30 17:45:42,143] [Log.py:67] [Log:__console] [INFO]- 【测试通过!!】执行第20条case:标题为"课件-发布试卷"[0m
[36m[2020-12-30 17:45:42,273] [Log.py:69] [Log:__console] [DEBUG]- 正在执行第21条case:"标题为我的-获取我的学习记录"[0m
[32m[2020-12-30 17:45:42,274] [Log.py:67] [Log:__console] [INFO]- 【测试通过!!】执行第21条case:标题为"我的-获取我的学习记录"[0m
[36m[2020-12-30 17:45:42,426] [Log.py:69] [Log:__console] [DEBUG]- 正在执行第22条case:"标题为课程班级-置顶"[0m
[32m[2020-12-30 17:45:42,427] [Log.py:67] [Log:__console] [INFO]- 【测试通过!!】执行第22条case:标题为"课程班级-置顶"[0m
[36m[2020-12-30 17:45:43,063] [Log.py:69] [Log:__console] [DEBUG]- 正在执行第23条case:"标题为我的--编辑资料"[0m
[32m[2020-12-30 17:45:43,064] [Log.py:67] [Log:__console] [INFO]- 【测试通过!!】执行第23条case:标题为"我的--编辑资料"[0m
[36m[2020-12-30 17:45:43,313] [Log.py:69] [Log:__console] [DEBUG]- 正在执行第24条case:"标题为课程--获取教学日志"[0m
[32m[2020-12-30 17:45:43,314] [Log.py:67] [Log:__console] [INFO]- 【测试通过!!】执行第24条case:标题为"课程--获取教学日志"[0m
[36m[2020-12-30 17:45:43,476] [Log.py:69] [Log:__console] [DEBUG]- 正在执行第25条case:"标题为课程--获取话题列表"[0m
[32m[2020-12-30 17:45:43,477] [Log.py:67] [Log:__console] [INFO]- 【测试通过!!】执行第25条case:标题为"课程--获取话题列表"[0m
[36m[2020-12-30 17:45:44,042] [Log.py:69] [Log:__console] [DEBUG]- 正在执行第26条case:"标题为课程--发布话题"[0m
[32m[2020-12-30 17:45:44,043] [Log.py:67] [Log:__console] [INFO]- 【测试通过!!】执行第26条case:标题为"课程--发布话题"[0m
[36m[2020-12-30 17:45:44,190] [Log.py:69] [Log:__console] [DEBUG]- 正在执行第27条case:"标题为课程--获取班级成员"[0m
[32m[2020-12-30 17:45:44,190] [Log.py:67] [Log:__console] [INFO]- 【测试通过!!】执行第27条case:标题为"课程--获取班级成员"[0m
