[36m[2020-11-16 16:39:12,861] [Log.py:69] [Log:__console] [DEBUG]- 正在执行第1条case:"标题为查询老师正在教学的课堂"[0m
[32m[2020-11-16 16:39:12,862] [Log.py:67] [Log:__console] [INFO]- 【测试通过!!】执行第1条case:标题为"查询老师正在教学的课堂"结束。[0m
[36m[2020-11-16 16:39:13,353] [Log.py:69] [Log:__console] [DEBUG]- 正在执行第2条case:"标题为课件-获取课件详情"[0m
[36m[2020-11-16 16:39:13,732] [Log.py:69] [Log:__console] [DEBUG]- 正在执行第3条case:"标题为课件-获取互动课件内页详情"[0m
[32m[2020-11-16 16:39:13,733] [Log.py:67] [Log:__console] [INFO]- 【测试通过!!】执行第3条case:标题为"课件-获取互动课件内页详情"结束。[0m
[36m[2020-11-16 16:39:14,101] [Log.py:69] [Log:__console] [DEBUG]- 正在执行第4条case:"标题为课件-试卷导出"[0m
[32m[2020-11-16 16:39:14,102] [Log.py:67] [Log:__console] [INFO]- 【测试通过!!】执行第4条case:标题为"课件-试卷导出"结束。[0m
[36m[2020-11-16 16:39:14,941] [Log.py:69] [Log:__console] [DEBUG]- 正在执行第1条case:"标题为获取互动课件内页详情"[0m
[32m[2020-11-16 16:39:14,942] [Log.py:67] [Log:__console] [INFO]- 【测试通过!!】执行第1条case:标题为"获取互动课件内页详情"[0m
[36m[2020-11-16 16:39:15,196] [Log.py:69] [Log:__console] [DEBUG]- 正在执行第2条case:"标题为课件-添加课件"[0m
[32m[2020-11-16 16:39:15,197] [Log.py:67] [Log:__console] [INFO]- 【测试通过!!】执行第2条case:标题为"课件-添加课件"[0m
[36m[2020-11-16 16:39:15,558] [Log.py:69] [Log:__console] [DEBUG]- 正在执行第3条case:"标题为课件-添加外链"[0m
[32m[2020-11-16 16:39:15,558] [Log.py:67] [Log:__console] [INFO]- 【测试通过!!】执行第3条case:标题为"课件-添加外链"[0m
[36m[2020-11-16 16:39:15,949] [Log.py:69] [Log:__console] [DEBUG]- 正在执行第4条case:"标题为课件-复制课件"[0m
[32m[2020-11-16 16:39:15,950] [Log.py:67] [Log:__console] [INFO]- 【测试通过!!】执行第4条case:标题为"课件-复制课件"[0m
[36m[2020-11-16 16:39:16,293] [Log.py:69] [Log:__console] [DEBUG]- 正在执行第5条case:"标题为课件-获取课件列表"[0m
[32m[2020-11-16 16:39:16,294] [Log.py:67] [Log:__console] [INFO]- 【测试通过!!】执行第5条case:标题为"课件-获取课件列表"[0m
[36m[2020-11-16 16:39:16,584] [Log.py:69] [Log:__console] [DEBUG]- 正在执行第6条case:"标题为课件-创建章节目录"[0m
[32m[2020-11-16 16:39:16,585] [Log.py:67] [Log:__console] [INFO]- 【测试通过!!】执行第6条case:标题为"课件-创建章节目录"[0m
[36m[2020-11-16 16:39:16,928] [Log.py:69] [Log:__console] [DEBUG]- 正在执行第7条case:"标题为课件-创建子目录"[0m
[32m[2020-11-16 16:39:16,928] [Log.py:67] [Log:__console] [INFO]- 【测试通过!!】执行第7条case:标题为"课件-创建子目录"[0m
[36m[2020-11-16 16:39:17,396] [Log.py:69] [Log:__console] [DEBUG]- 正在执行第8条case:"标题为章节目录删除目录"[0m
[36m[2020-11-16 16:39:17,989] [Log.py:69] [Log:__console] [DEBUG]- 正在执行第9条case:"标题为章节目录-获取章节列表"[0m
[32m[2020-11-16 16:39:17,991] [Log.py:67] [Log:__console] [INFO]- 【测试通过!!】执行第9条case:标题为"章节目录-获取章节列表"[0m
[36m[2020-11-16 16:39:18,629] [Log.py:69] [Log:__console] [DEBUG]- 正在执行第10条case:"标题为章节目录-移动目录"[0m
[32m[2020-11-16 16:39:18,630] [Log.py:67] [Log:__console] [INFO]- 【测试通过!!】执行第10条case:标题为"章节目录-移动目录"[0m
[36m[2020-11-16 16:39:19,111] [Log.py:69] [Log:__console] [DEBUG]- 正在执行第11条case:"标题为章节目录-目录重命名"[0m
[33m[2020-11-16 16:39:19,113] [Log.py:71] [Log:__console] [WARNING]- 未执行第12条case:"标题为章节目录-移动课件"未开启状态[0m
[33m[2020-11-16 16:39:19,114] [Log.py:71] [Log:__console] [WARNING]- 未执行第13条case:"标题为课件-重命名课件"未开启状态[0m
[36m[2020-11-16 16:39:19,639] [Log.py:69] [Log:__console] [DEBUG]- 正在执行第14条case:"标题为获取互动课件的习题"[0m
[32m[2020-11-16 16:39:19,640] [Log.py:67] [Log:__console] [INFO]- 【测试通过!!】执行第14条case:标题为"获取互动课件的习题"[0m
[36m[2020-11-16 16:39:20,316] [Log.py:69] [Log:__console] [DEBUG]- 正在执行第15条case:"标题为添加试卷"[0m
[36m[2020-11-16 16:39:21,014] [Log.py:69] [Log:__console] [DEBUG]- 正在执行第16条case:"标题为批量删除试卷"[0m
[32m[2020-11-16 16:39:21,015] [Log.py:67] [Log:__console] [INFO]- 【测试通过!!】执行第16条case:标题为"批量删除试卷"[0m
[36m[2020-11-16 16:42:27,931] [Log.py:69] [Log:__console] [DEBUG]- 正在执行第1条case:"标题为查询老师正在教学的课堂"[0m
[32m[2020-11-16 16:42:27,934] [Log.py:67] [Log:__console] [INFO]- 【测试通过!!】执行第1条case:标题为"查询老师正在教学的课堂"结束。[0m
[36m[2020-11-16 16:42:28,248] [Log.py:69] [Log:__console] [DEBUG]- 正在执行第2条case:"标题为课件-获取课件详情"[0m
[36m[2020-11-16 16:42:28,496] [Log.py:69] [Log:__console] [DEBUG]- 正在执行第3条case:"标题为课件-获取互动课件内页详情"[0m
[32m[2020-11-16 16:42:28,497] [Log.py:67] [Log:__console] [INFO]- 【测试通过!!】执行第3条case:标题为"课件-获取互动课件内页详情"结束。[0m
[36m[2020-11-16 16:42:28,721] [Log.py:69] [Log:__console] [DEBUG]- 正在执行第4条case:"标题为课件-试卷导出"[0m
[32m[2020-11-16 16:42:28,722] [Log.py:67] [Log:__console] [INFO]- 【测试通过!!】执行第4条case:标题为"课件-试卷导出"结束。[0m
[36m[2020-11-16 16:42:29,364] [Log.py:69] [Log:__console] [DEBUG]- 正在执行第1条case:"标题为获取互动课件内页详情"[0m
[32m[2020-11-16 16:42:29,365] [Log.py:67] [Log:__console] [INFO]- 【测试通过!!】执行第1条case:标题为"获取互动课件内页详情"[0m
[36m[2020-11-16 16:42:29,758] [Log.py:69] [Log:__console] [DEBUG]- 正在执行第2条case:"标题为课件-添加课件"[0m
[32m[2020-11-16 16:42:29,758] [Log.py:67] [Log:__console] [INFO]- 【测试通过!!】执行第2条case:标题为"课件-添加课件"[0m
[36m[2020-11-16 16:42:30,022] [Log.py:69] [Log:__console] [DEBUG]- 正在执行第3条case:"标题为课件-添加外链"[0m
[32m[2020-11-16 16:42:30,023] [Log.py:67] [Log:__console] [INFO]- 【测试通过!!】执行第3条case:标题为"课件-添加外链"[0m
[36m[2020-11-16 16:42:30,230] [Log.py:69] [Log:__console] [DEBUG]- 正在执行第4条case:"标题为课件-复制课件"[0m
[32m[2020-11-16 16:42:30,231] [Log.py:67] [Log:__console] [INFO]- 【测试通过!!】执行第4条case:标题为"课件-复制课件"[0m
[36m[2020-11-16 16:42:30,430] [Log.py:69] [Log:__console] [DEBUG]- 正在执行第5条case:"标题为课件-获取课件列表"[0m
[32m[2020-11-16 16:42:30,431] [Log.py:67] [Log:__console] [INFO]- 【测试通过!!】执行第5条case:标题为"课件-获取课件列表"[0m
[36m[2020-11-16 16:42:30,635] [Log.py:69] [Log:__console] [DEBUG]- 正在执行第6条case:"标题为课件-创建章节目录"[0m
[32m[2020-11-16 16:42:30,635] [Log.py:67] [Log:__console] [INFO]- 【测试通过!!】执行第6条case:标题为"课件-创建章节目录"[0m
[36m[2020-11-16 16:42:31,157] [Log.py:69] [Log:__console] [DEBUG]- 正在执行第7条case:"标题为课件-创建子目录"[0m
[32m[2020-11-16 16:42:31,158] [Log.py:67] [Log:__console] [INFO]- 【测试通过!!】执行第7条case:标题为"课件-创建子目录"[0m
[36m[2020-11-16 16:42:31,517] [Log.py:69] [Log:__console] [DEBUG]- 正在执行第8条case:"标题为章节目录删除目录"[0m
[36m[2020-11-16 16:42:32,539] [Log.py:69] [Log:__console] [DEBUG]- 正在执行第9条case:"标题为章节目录-获取章节列表"[0m
[32m[2020-11-16 16:42:32,540] [Log.py:67] [Log:__console] [INFO]- 【测试通过!!】执行第9条case:标题为"章节目录-获取章节列表"[0m
[36m[2020-11-16 16:42:33,275] [Log.py:69] [Log:__console] [DEBUG]- 正在执行第10条case:"标题为章节目录-移动目录"[0m
[32m[2020-11-16 16:42:33,276] [Log.py:67] [Log:__console] [INFO]- 【测试通过!!】执行第10条case:标题为"章节目录-移动目录"[0m
[36m[2020-11-16 16:42:34,631] [Log.py:69] [Log:__console] [DEBUG]- 正在执行第11条case:"标题为章节目录-目录重命名"[0m
[33m[2020-11-16 16:42:34,633] [Log.py:71] [Log:__console] [WARNING]- 未执行第12条case:"标题为章节目录-移动课件"未开启状态[0m
[33m[2020-11-16 16:42:34,634] [Log.py:71] [Log:__console] [WARNING]- 未执行第13条case:"标题为课件-重命名课件"未开启状态[0m
[36m[2020-11-16 16:42:35,135] [Log.py:69] [Log:__console] [DEBUG]- 正在执行第14条case:"标题为获取互动课件的习题"[0m
[32m[2020-11-16 16:42:35,136] [Log.py:67] [Log:__console] [INFO]- 【测试通过!!】执行第14条case:标题为"获取互动课件的习题"[0m
[36m[2020-11-16 16:42:35,535] [Log.py:69] [Log:__console] [DEBUG]- 正在执行第15条case:"标题为添加试卷"[0m
[36m[2020-11-16 16:42:35,828] [Log.py:69] [Log:__console] [DEBUG]- 正在执行第16条case:"标题为批量删除试卷"[0m
[32m[2020-11-16 16:42:35,829] [Log.py:67] [Log:__console] [INFO]- 【测试通过!!】执行第16条case:标题为"批量删除试卷"[0m
