[36m[2021-01-04 11:19:07,645] [Log.py:69] [Log:__console] [DEBUG]- 正在执行第1条case:"标题为查询老师正在教学的课堂"[0m
[32m[2021-01-04 11:19:07,647] [Log.py:67] [Log:__console] [INFO]- 【测试通过!!】执行第1条case:标题为"查询老师正在教学的课堂"结束。[0m
[36m[2021-01-04 11:19:07,926] [Log.py:69] [Log:__console] [DEBUG]- 正在执行第2条case:"标题为课件-获取课件详情"[0m
[32m[2021-01-04 11:19:07,927] [Log.py:67] [Log:__console] [INFO]- 【测试通过!!】执行第2条case:标题为"课件-获取课件详情"结束。[0m
[36m[2021-01-04 11:19:08,066] [Log.py:69] [Log:__console] [DEBUG]- 正在执行第3条case:"标题为课件-获取互动课件内页详情"[0m
[32m[2021-01-04 11:19:08,067] [Log.py:67] [Log:__console] [INFO]- 【测试通过!!】执行第3条case:标题为"课件-获取互动课件内页详情"结束。[0m
[36m[2021-01-04 11:19:08,251] [Log.py:69] [Log:__console] [DEBUG]- 正在执行第4条case:"标题为试卷详情"[0m
[32m[2021-01-04 11:19:08,252] [Log.py:67] [Log:__console] [INFO]- 【测试通过!!】执行第4条case:标题为"试卷详情"结束。[0m
[36m[2021-01-04 11:19:08,848] [Log.py:69] [Log:__console] [DEBUG]- 正在执行第5条case:"标题为获取试卷中所有题型"[0m
[32m[2021-01-04 11:19:08,848] [Log.py:67] [Log:__console] [INFO]- 【测试通过!!】执行第5条case:标题为"获取试卷中所有题型"结束。[0m
[36m[2021-01-04 11:19:09,475] [Log.py:69] [Log:__console] [DEBUG]- 正在执行第6条case:"标题为获取试卷中所有习题|试卷预览"[0m
[32m[2021-01-04 11:19:09,476] [Log.py:67] [Log:__console] [INFO]- 【测试通过!!】执行第6条case:标题为"获取试卷中所有习题|试卷预览"结束。[0m
[33m[2021-01-04 11:19:09,478] [Log.py:71] [Log:__console] [WARNING]- 未执行第7条case:"标题为习题删除"未开启状态[0m
[36m[2021-01-04 11:19:09,845] [Log.py:69] [Log:__console] [DEBUG]- 正在执行第8条case:"标题为课件-试卷导出"[0m
[32m[2021-01-04 11:19:09,845] [Log.py:67] [Log:__console] [INFO]- 【测试通过!!】执行第8条case:标题为"课件-试卷导出"结束。[0m
[36m[2021-01-04 11:19:10,091] [Log.py:69] [Log:__console] [DEBUG]- 正在执行第9条case:"标题为我的-获取用户信息"[0m
[32m[2021-01-04 11:19:10,091] [Log.py:67] [Log:__console] [INFO]- 【测试通过!!】执行第9条case:标题为"我的-获取用户信息"结束。[0m
[36m[2021-01-04 11:19:10,287] [Log.py:69] [Log:__console] [DEBUG]- 正在执行第10条case:"标题为我的-获取我的错题集"[0m
[32m[2021-01-04 11:19:10,288] [Log.py:67] [Log:__console] [INFO]- 【测试通过!!】执行第10条case:标题为"我的-获取我的错题集"结束。[0m
[36m[2021-01-04 11:19:10,662] [Log.py:69] [Log:__console] [DEBUG]- 正在执行第11条case:"标题为我的-获取我的错题集"[0m
[32m[2021-01-04 11:19:10,663] [Log.py:67] [Log:__console] [INFO]- 【测试通过!!】执行第11条case:标题为"我的-获取我的错题集"结束。[0m
[36m[2021-01-04 11:19:10,919] [Log.py:69] [Log:__console] [DEBUG]- 正在执行第12条case:"标题为课程--我听的课"[0m
[32m[2021-01-04 11:19:10,919] [Log.py:67] [Log:__console] [INFO]- 【测试通过!!】执行第12条case:标题为"课程--我听的课"结束。[0m
[36m[2021-01-04 11:19:11,086] [Log.py:69] [Log:__console] [DEBUG]- 正在执行第1条case:"标题为课件-添加课件"[0m
[32m[2021-01-04 11:19:11,086] [Log.py:67] [Log:__console] [INFO]- 【测试通过!!】执行第1条case:标题为"课件-添加课件"[0m
[36m[2021-01-04 11:19:11,447] [Log.py:69] [Log:__console] [DEBUG]- 正在执行第2条case:"标题为课件-添加外链"[0m
[32m[2021-01-04 11:19:11,447] [Log.py:67] [Log:__console] [INFO]- 【测试通过!!】执行第2条case:标题为"课件-添加外链"[0m
[36m[2021-01-04 11:19:12,222] [Log.py:69] [Log:__console] [DEBUG]- 正在执行第3条case:"标题为课件-复制课件"[0m
[32m[2021-01-04 11:19:12,222] [Log.py:67] [Log:__console] [INFO]- 【测试通过!!】执行第3条case:标题为"课件-复制课件"[0m
[36m[2021-01-04 11:19:12,425] [Log.py:69] [Log:__console] [DEBUG]- 正在执行第4条case:"标题为课件-获取课件列表"[0m
[32m[2021-01-04 11:19:12,426] [Log.py:67] [Log:__console] [INFO]- 【测试通过!!】执行第4条case:标题为"课件-获取课件列表"[0m
[36m[2021-01-04 11:19:12,723] [Log.py:69] [Log:__console] [DEBUG]- 正在执行第5条case:"标题为课件-创建章节目录"[0m
[32m[2021-01-04 11:19:12,724] [Log.py:67] [Log:__console] [INFO]- 【测试通过!!】执行第5条case:标题为"课件-创建章节目录"[0m
[36m[2021-01-04 11:19:12,937] [Log.py:69] [Log:__console] [DEBUG]- 正在执行第6条case:"标题为互动课件添加判断题"[0m
[32m[2021-01-04 11:19:12,938] [Log.py:67] [Log:__console] [INFO]- 【测试通过!!】执行第6条case:标题为"互动课件添加判断题"[0m
[36m[2021-01-04 11:19:13,124] [Log.py:69] [Log:__console] [DEBUG]- 正在执行第7条case:"标题为互动课件添加单选题"[0m
[32m[2021-01-04 11:19:13,124] [Log.py:67] [Log:__console] [INFO]- 【测试通过!!】执行第7条case:标题为"互动课件添加单选题"[0m
[36m[2021-01-04 11:19:13,403] [Log.py:69] [Log:__console] [DEBUG]- 正在执行第8条case:"标题为互动课件添加多选题"[0m
[32m[2021-01-04 11:19:13,404] [Log.py:67] [Log:__console] [INFO]- 【测试通过!!】执行第8条case:标题为"互动课件添加多选题"[0m
[36m[2021-01-04 11:19:13,970] [Log.py:69] [Log:__console] [DEBUG]- 正在执行第9条case:"标题为互动课件添加投票题"[0m
[32m[2021-01-04 11:19:13,970] [Log.py:67] [Log:__console] [INFO]- 【测试通过!!】执行第9条case:标题为"互动课件添加投票题"[0m
[36m[2021-01-04 11:19:14,219] [Log.py:69] [Log:__console] [DEBUG]- 正在执行第10条case:"标题为互动课件添加判断题"[0m
[32m[2021-01-04 11:19:14,220] [Log.py:67] [Log:__console] [INFO]- 【测试通过!!】执行第10条case:标题为"互动课件添加判断题"[0m
[36m[2021-01-04 11:19:14,972] [Log.py:69] [Log:__console] [DEBUG]- 正在执行第11条case:"标题为课件-发布课件到班级"[0m
[32m[2021-01-04 11:19:14,972] [Log.py:67] [Log:__console] [INFO]- 【测试通过!!】执行第11条case:标题为"课件-发布课件到班级"[0m
[33m[2021-01-04 11:19:14,974] [Log.py:71] [Log:__console] [WARNING]- 未执行第12条case:"标题为课件-添加试卷"未开启状态[0m
[36m[2021-01-04 11:19:15,221] [Log.py:69] [Log:__console] [DEBUG]- 正在执行第13条case:"标题为课件-添加试卷判断题"[0m
[32m[2021-01-04 11:19:15,222] [Log.py:67] [Log:__console] [INFO]- 【测试通过!!】执行第13条case:标题为"课件-添加试卷判断题"[0m
[36m[2021-01-04 11:19:15,511] [Log.py:69] [Log:__console] [DEBUG]- 正在执行第14条case:"标题为课件-添加试卷单选题"[0m
[32m[2021-01-04 11:19:15,511] [Log.py:67] [Log:__console] [INFO]- 【测试通过!!】执行第14条case:标题为"课件-添加试卷单选题"[0m
[36m[2021-01-04 11:19:15,728] [Log.py:69] [Log:__console] [DEBUG]- 正在执行第15条case:"标题为课件-添加试卷多选"[0m
[32m[2021-01-04 11:19:15,729] [Log.py:67] [Log:__console] [INFO]- 【测试通过!!】执行第15条case:标题为"课件-添加试卷多选"[0m
[36m[2021-01-04 11:19:15,983] [Log.py:69] [Log:__console] [DEBUG]- 正在执行第16条case:"标题为课件-添加试卷填空题"[0m
[32m[2021-01-04 11:19:15,983] [Log.py:67] [Log:__console] [INFO]- 【测试通过!!】执行第16条case:标题为"课件-添加试卷填空题"[0m
[36m[2021-01-04 11:19:16,322] [Log.py:69] [Log:__console] [DEBUG]- 正在执行第17条case:"标题为课件-添加试卷简答题"[0m
[32m[2021-01-04 11:19:16,322] [Log.py:67] [Log:__console] [INFO]- 【测试通过!!】执行第17条case:标题为"课件-添加试卷简答题"[0m
[36m[2021-01-04 11:19:16,552] [Log.py:69] [Log:__console] [DEBUG]- 正在执行第19条case:"标题为课件-添加段落说明"[0m
[32m[2021-01-04 11:19:16,552] [Log.py:67] [Log:__console] [INFO]- 【测试通过!!】执行第19条case:标题为"课件-添加段落说明"[0m
[36m[2021-01-04 11:19:17,751] [Log.py:69] [Log:__console] [DEBUG]- 正在执行第20条case:"标题为课件-发布试卷"[0m
[32m[2021-01-04 11:19:17,752] [Log.py:67] [Log:__console] [INFO]- 【测试通过!!】执行第20条case:标题为"课件-发布试卷"[0m
[36m[2021-01-04 11:19:18,066] [Log.py:69] [Log:__console] [DEBUG]- 正在执行第21条case:"标题为我的-获取我的学习记录"[0m
[32m[2021-01-04 11:19:18,066] [Log.py:67] [Log:__console] [INFO]- 【测试通过!!】执行第21条case:标题为"我的-获取我的学习记录"[0m
[36m[2021-01-04 11:19:18,378] [Log.py:69] [Log:__console] [DEBUG]- 正在执行第22条case:"标题为课程班级-置顶"[0m
[32m[2021-01-04 11:19:18,379] [Log.py:67] [Log:__console] [INFO]- 【测试通过!!】执行第22条case:标题为"课程班级-置顶"[0m
[36m[2021-01-04 11:19:19,186] [Log.py:69] [Log:__console] [DEBUG]- 正在执行第23条case:"标题为我的--编辑资料"[0m
[32m[2021-01-04 11:19:19,186] [Log.py:67] [Log:__console] [INFO]- 【测试通过!!】执行第23条case:标题为"我的--编辑资料"[0m
[36m[2021-01-04 11:19:19,680] [Log.py:69] [Log:__console] [DEBUG]- 正在执行第24条case:"标题为课程--获取教学日志"[0m
[32m[2021-01-04 11:19:19,681] [Log.py:67] [Log:__console] [INFO]- 【测试通过!!】执行第24条case:标题为"课程--获取教学日志"[0m
[36m[2021-01-04 11:19:19,932] [Log.py:69] [Log:__console] [DEBUG]- 正在执行第25条case:"标题为课程--获取话题列表"[0m
[32m[2021-01-04 11:19:19,932] [Log.py:67] [Log:__console] [INFO]- 【测试通过!!】执行第25条case:标题为"课程--获取话题列表"[0m
[36m[2021-01-04 11:19:20,928] [Log.py:69] [Log:__console] [DEBUG]- 正在执行第26条case:"标题为课程--发布话题"[0m
[32m[2021-01-04 11:19:20,928] [Log.py:67] [Log:__console] [INFO]- 【测试通过!!】执行第26条case:标题为"课程--发布话题"[0m
[36m[2021-01-04 11:19:21,152] [Log.py:69] [Log:__console] [DEBUG]- 正在执行第27条case:"标题为课程--获取班级成员"[0m
[32m[2021-01-04 11:19:21,152] [Log.py:67] [Log:__console] [INFO]- 【测试通过!!】执行第27条case:标题为"课程--获取班级成员"[0m
[36m[2021-01-04 14:13:11,593] [Log.py:69] [Log:__console] [DEBUG]- 正在执行第1条case:"标题为查询老师正在教学的课堂"[0m
[32m[2021-01-04 14:13:11,595] [Log.py:67] [Log:__console] [INFO]- 【测试通过!!】执行第1条case:标题为"查询老师正在教学的课堂"结束。[0m
[36m[2021-01-04 14:13:12,049] [Log.py:69] [Log:__console] [DEBUG]- 正在执行第2条case:"标题为课件-获取课件详情"[0m
[32m[2021-01-04 14:13:12,050] [Log.py:67] [Log:__console] [INFO]- 【测试通过!!】执行第2条case:标题为"课件-获取课件详情"结束。[0m
[36m[2021-01-04 14:13:12,595] [Log.py:69] [Log:__console] [DEBUG]- 正在执行第3条case:"标题为课件-获取互动课件内页详情"[0m
[32m[2021-01-04 14:13:12,595] [Log.py:67] [Log:__console] [INFO]- 【测试通过!!】执行第3条case:标题为"课件-获取互动课件内页详情"结束。[0m
[36m[2021-01-04 14:13:13,027] [Log.py:69] [Log:__console] [DEBUG]- 正在执行第4条case:"标题为试卷详情"[0m
[32m[2021-01-04 14:13:13,028] [Log.py:67] [Log:__console] [INFO]- 【测试通过!!】执行第4条case:标题为"试卷详情"结束。[0m
[36m[2021-01-04 14:13:13,367] [Log.py:69] [Log:__console] [DEBUG]- 正在执行第5条case:"标题为获取试卷中所有题型"[0m
[32m[2021-01-04 14:13:13,367] [Log.py:67] [Log:__console] [INFO]- 【测试通过!!】执行第5条case:标题为"获取试卷中所有题型"结束。[0m
[36m[2021-01-04 14:13:13,833] [Log.py:69] [Log:__console] [DEBUG]- 正在执行第6条case:"标题为获取试卷中所有习题|试卷预览"[0m
[32m[2021-01-04 14:13:13,834] [Log.py:67] [Log:__console] [INFO]- 【测试通过!!】执行第6条case:标题为"获取试卷中所有习题|试卷预览"结束。[0m
[33m[2021-01-04 14:13:13,835] [Log.py:71] [Log:__console] [WARNING]- 未执行第7条case:"标题为习题删除"未开启状态[0m
[36m[2021-01-04 14:13:14,112] [Log.py:69] [Log:__console] [DEBUG]- 正在执行第8条case:"标题为课件-试卷导出"[0m
[32m[2021-01-04 14:13:14,112] [Log.py:67] [Log:__console] [INFO]- 【测试通过!!】执行第8条case:标题为"课件-试卷导出"结束。[0m
[36m[2021-01-04 14:13:14,698] [Log.py:69] [Log:__console] [DEBUG]- 正在执行第9条case:"标题为我的-获取用户信息"[0m
[32m[2021-01-04 14:13:14,699] [Log.py:67] [Log:__console] [INFO]- 【测试通过!!】执行第9条case:标题为"我的-获取用户信息"结束。[0m
[36m[2021-01-04 14:13:14,888] [Log.py:69] [Log:__console] [DEBUG]- 正在执行第10条case:"标题为我的-获取我的错题集"[0m
[32m[2021-01-04 14:13:14,888] [Log.py:67] [Log:__console] [INFO]- 【测试通过!!】执行第10条case:标题为"我的-获取我的错题集"结束。[0m
[36m[2021-01-04 14:13:15,097] [Log.py:69] [Log:__console] [DEBUG]- 正在执行第11条case:"标题为我的-获取我的错题集"[0m
[32m[2021-01-04 14:13:15,098] [Log.py:67] [Log:__console] [INFO]- 【测试通过!!】执行第11条case:标题为"我的-获取我的错题集"结束。[0m
[36m[2021-01-04 14:13:15,272] [Log.py:69] [Log:__console] [DEBUG]- 正在执行第12条case:"标题为课程--我听的课"[0m
[32m[2021-01-04 14:13:15,273] [Log.py:67] [Log:__console] [INFO]- 【测试通过!!】执行第12条case:标题为"课程--我听的课"结束。[0m
[36m[2021-01-04 14:13:15,488] [Log.py:69] [Log:__console] [DEBUG]- 正在执行第13条case:"标题为学习日志-课堂详情"[0m
[32m[2021-01-04 14:13:15,488] [Log.py:67] [Log:__console] [INFO]- 【测试通过!!】执行第13条case:标题为"学习日志-课堂详情"结束。[0m
[36m[2021-01-04 14:13:15,685] [Log.py:69] [Log:__console] [DEBUG]- 正在执行第14条case:"标题为课堂--课堂习题统计"[0m
[32m[2021-01-04 14:13:15,685] [Log.py:67] [Log:__console] [INFO]- 【测试通过!!】执行第14条case:标题为"课堂--课堂习题统计"结束。[0m
[36m[2021-01-04 14:13:16,235] [Log.py:69] [Log:__console] [DEBUG]- 正在执行第15条case:"标题为课堂--获取课堂小测"[0m
[32m[2021-01-04 14:13:16,235] [Log.py:67] [Log:__console] [INFO]- 【测试通过!!】执行第15条case:标题为"课堂--获取课堂小测"结束。[0m
[36m[2021-01-04 14:13:17,147] [Log.py:69] [Log:__console] [DEBUG]- 正在执行第16条case:"标题为课堂--课堂互动"[0m
[32m[2021-01-04 14:13:17,147] [Log.py:67] [Log:__console] [INFO]- 【测试通过!!】执行第16条case:标题为"课堂--课堂互动"结束。[0m
[36m[2021-01-04 14:13:17,911] [Log.py:69] [Log:__console] [DEBUG]- 正在执行第17条case:"标题为课堂--课堂互动获取投稿列表"[0m
[32m[2021-01-04 14:13:17,911] [Log.py:67] [Log:__console] [INFO]- 【测试通过!!】执行第17条case:标题为"课堂--课堂互动获取投稿列表"结束。[0m
[36m[2021-01-04 14:13:18,552] [Log.py:69] [Log:__console] [DEBUG]- 正在执行第18条case:"标题为课堂--课堂互动获取点名列表"[0m
[32m[2021-01-04 14:13:18,552] [Log.py:67] [Log:__console] [INFO]- 【测试通过!!】执行第18条case:标题为"课堂--课堂互动获取点名列表"结束。[0m
[36m[2021-01-04 14:13:19,275] [Log.py:69] [Log:__console] [DEBUG]- 正在执行第19条case:"标题为课堂--获取教学内容"[0m
[32m[2021-01-04 14:13:19,275] [Log.py:67] [Log:__console] [INFO]- 【测试通过!!】执行第19条case:标题为"课堂--获取教学内容"结束。[0m
[36m[2021-01-04 14:13:19,709] [Log.py:69] [Log:__console] [DEBUG]- 正在执行第20条case:"标题为课堂--获取课堂视频"[0m
[36m[2021-01-04 14:13:20,028] [Log.py:69] [Log:__console] [DEBUG]- 正在执行第1条case:"标题为课件-添加课件"[0m
[32m[2021-01-04 14:13:20,028] [Log.py:67] [Log:__console] [INFO]- 【测试通过!!】执行第1条case:标题为"课件-添加课件"[0m
[36m[2021-01-04 14:13:20,647] [Log.py:69] [Log:__console] [DEBUG]- 正在执行第2条case:"标题为课件-添加外链"[0m
[32m[2021-01-04 14:13:20,647] [Log.py:67] [Log:__console] [INFO]- 【测试通过!!】执行第2条case:标题为"课件-添加外链"[0m
[36m[2021-01-04 14:13:21,133] [Log.py:69] [Log:__console] [DEBUG]- 正在执行第3条case:"标题为课件-复制课件"[0m
[32m[2021-01-04 14:13:21,134] [Log.py:67] [Log:__console] [INFO]- 【测试通过!!】执行第3条case:标题为"课件-复制课件"[0m
[36m[2021-01-04 14:13:21,436] [Log.py:69] [Log:__console] [DEBUG]- 正在执行第4条case:"标题为课件-获取课件列表"[0m
[32m[2021-01-04 14:13:21,436] [Log.py:67] [Log:__console] [INFO]- 【测试通过!!】执行第4条case:标题为"课件-获取课件列表"[0m
[36m[2021-01-04 14:13:21,739] [Log.py:69] [Log:__console] [DEBUG]- 正在执行第5条case:"标题为课件-创建章节目录"[0m
[32m[2021-01-04 14:13:21,739] [Log.py:67] [Log:__console] [INFO]- 【测试通过!!】执行第5条case:标题为"课件-创建章节目录"[0m
[36m[2021-01-04 14:13:22,200] [Log.py:69] [Log:__console] [DEBUG]- 正在执行第6条case:"标题为互动课件添加判断题"[0m
[32m[2021-01-04 14:13:22,201] [Log.py:67] [Log:__console] [INFO]- 【测试通过!!】执行第6条case:标题为"互动课件添加判断题"[0m
[36m[2021-01-04 14:13:22,696] [Log.py:69] [Log:__console] [DEBUG]- 正在执行第7条case:"标题为互动课件添加单选题"[0m
[32m[2021-01-04 14:13:22,697] [Log.py:67] [Log:__console] [INFO]- 【测试通过!!】执行第7条case:标题为"互动课件添加单选题"[0m
[36m[2021-01-04 14:13:24,110] [Log.py:69] [Log:__console] [DEBUG]- 正在执行第8条case:"标题为互动课件添加多选题"[0m
[32m[2021-01-04 14:13:24,110] [Log.py:67] [Log:__console] [INFO]- 【测试通过!!】执行第8条case:标题为"互动课件添加多选题"[0m
[36m[2021-01-04 14:13:24,970] [Log.py:69] [Log:__console] [DEBUG]- 正在执行第9条case:"标题为互动课件添加投票题"[0m
[32m[2021-01-04 14:13:24,970] [Log.py:67] [Log:__console] [INFO]- 【测试通过!!】执行第9条case:标题为"互动课件添加投票题"[0m
[36m[2021-01-04 14:13:25,746] [Log.py:69] [Log:__console] [DEBUG]- 正在执行第10条case:"标题为互动课件添加判断题"[0m
[32m[2021-01-04 14:13:25,746] [Log.py:67] [Log:__console] [INFO]- 【测试通过!!】执行第10条case:标题为"互动课件添加判断题"[0m
[36m[2021-01-04 14:13:26,949] [Log.py:69] [Log:__console] [DEBUG]- 正在执行第11条case:"标题为课件-发布课件到班级"[0m
[32m[2021-01-04 14:13:26,950] [Log.py:67] [Log:__console] [INFO]- 【测试通过!!】执行第11条case:标题为"课件-发布课件到班级"[0m
[33m[2021-01-04 14:13:26,951] [Log.py:71] [Log:__console] [WARNING]- 未执行第12条case:"标题为课件-添加试卷"未开启状态[0m
[36m[2021-01-04 14:13:27,904] [Log.py:69] [Log:__console] [DEBUG]- 正在执行第13条case:"标题为课件-添加试卷判断题"[0m
[32m[2021-01-04 14:13:27,904] [Log.py:67] [Log:__console] [INFO]- 【测试通过!!】执行第13条case:标题为"课件-添加试卷判断题"[0m
[36m[2021-01-04 14:13:28,469] [Log.py:69] [Log:__console] [DEBUG]- 正在执行第14条case:"标题为课件-添加试卷单选题"[0m
[32m[2021-01-04 14:13:28,469] [Log.py:67] [Log:__console] [INFO]- 【测试通过!!】执行第14条case:标题为"课件-添加试卷单选题"[0m
[36m[2021-01-04 14:13:28,874] [Log.py:69] [Log:__console] [DEBUG]- 正在执行第15条case:"标题为课件-添加试卷多选"[0m
[32m[2021-01-04 14:13:28,875] [Log.py:67] [Log:__console] [INFO]- 【测试通过!!】执行第15条case:标题为"课件-添加试卷多选"[0m
[36m[2021-01-04 14:13:29,376] [Log.py:69] [Log:__console] [DEBUG]- 正在执行第16条case:"标题为课件-添加试卷填空题"[0m
[32m[2021-01-04 14:13:29,376] [Log.py:67] [Log:__console] [INFO]- 【测试通过!!】执行第16条case:标题为"课件-添加试卷填空题"[0m
[36m[2021-01-04 14:13:29,925] [Log.py:69] [Log:__console] [DEBUG]- 正在执行第17条case:"标题为课件-添加试卷简答题"[0m
[32m[2021-01-04 14:13:29,925] [Log.py:67] [Log:__console] [INFO]- 【测试通过!!】执行第17条case:标题为"课件-添加试卷简答题"[0m
[36m[2021-01-04 14:13:30,512] [Log.py:69] [Log:__console] [DEBUG]- 正在执行第19条case:"标题为课件-添加段落说明"[0m
[32m[2021-01-04 14:13:30,512] [Log.py:67] [Log:__console] [INFO]- 【测试通过!!】执行第19条case:标题为"课件-添加段落说明"[0m
[36m[2021-01-04 14:13:31,588] [Log.py:69] [Log:__console] [DEBUG]- 正在执行第20条case:"标题为课件-发布试卷"[0m
[32m[2021-01-04 14:13:31,588] [Log.py:67] [Log:__console] [INFO]- 【测试通过!!】执行第20条case:标题为"课件-发布试卷"[0m
[36m[2021-01-04 14:13:32,021] [Log.py:69] [Log:__console] [DEBUG]- 正在执行第21条case:"标题为我的-获取我的学习记录"[0m
[32m[2021-01-04 14:13:32,021] [Log.py:67] [Log:__console] [INFO]- 【测试通过!!】执行第21条case:标题为"我的-获取我的学习记录"[0m
[36m[2021-01-04 14:13:32,854] [Log.py:69] [Log:__console] [DEBUG]- 正在执行第22条case:"标题为课程班级-置顶"[0m
[32m[2021-01-04 14:13:32,855] [Log.py:67] [Log:__console] [INFO]- 【测试通过!!】执行第22条case:标题为"课程班级-置顶"[0m
[36m[2021-01-04 14:13:33,726] [Log.py:69] [Log:__console] [DEBUG]- 正在执行第23条case:"标题为我的--编辑资料"[0m
[32m[2021-01-04 14:13:33,727] [Log.py:67] [Log:__console] [INFO]- 【测试通过!!】执行第23条case:标题为"我的--编辑资料"[0m
[36m[2021-01-04 14:13:34,031] [Log.py:69] [Log:__console] [DEBUG]- 正在执行第24条case:"标题为课程--获取教学日志"[0m
[32m[2021-01-04 14:13:34,032] [Log.py:67] [Log:__console] [INFO]- 【测试通过!!】执行第24条case:标题为"课程--获取教学日志"[0m
[36m[2021-01-04 14:13:34,489] [Log.py:69] [Log:__console] [DEBUG]- 正在执行第25条case:"标题为课程--获取话题列表"[0m
[32m[2021-01-04 14:13:34,490] [Log.py:67] [Log:__console] [INFO]- 【测试通过!!】执行第25条case:标题为"课程--获取话题列表"[0m
[36m[2021-01-04 14:13:35,241] [Log.py:69] [Log:__console] [DEBUG]- 正在执行第26条case:"标题为课程--发布话题"[0m
[32m[2021-01-04 14:13:35,241] [Log.py:67] [Log:__console] [INFO]- 【测试通过!!】执行第26条case:标题为"课程--发布话题"[0m
[36m[2021-01-04 14:13:35,440] [Log.py:69] [Log:__console] [DEBUG]- 正在执行第27条case:"标题为课程--获取班级成员"[0m
[32m[2021-01-04 14:13:35,440] [Log.py:67] [Log:__console] [INFO]- 【测试通过!!】执行第27条case:标题为"课程--获取班级成员"[0m
[36m[2021-01-04 14:13:35,643] [Log.py:69] [Log:__console] [DEBUG]- 正在执行第28条case:"标题为课堂--获取学生表现"[0m
[32m[2021-01-04 14:13:35,643] [Log.py:67] [Log:__console] [INFO]- 【测试通过!!】执行第28条case:标题为"课堂--获取学生表现"[0m
[36m[2021-01-04 14:13:36,353] [Log.py:69] [Log:__console] [DEBUG]- 正在执行第29条case:"标题为课堂--获取学生到课人数"[0m
[32m[2021-01-04 14:13:36,353] [Log.py:67] [Log:__console] [INFO]- 【测试通过!!】执行第29条case:标题为"课堂--获取学生到课人数"[0m
[36m[2021-01-04 14:13:36,731] [Log.py:69] [Log:__console] [DEBUG]- 正在执行第30条case:"标题为课堂--获取学生表现详情"[0m
[32m[2021-01-04 14:13:36,732] [Log.py:67] [Log:__console] [INFO]- 【测试通过!!】执行第30条case:标题为"课堂--获取学生表现详情"[0m
[36m[2021-01-04 14:13:37,365] [Log.py:69] [Log:__console] [DEBUG]- 正在执行第31条case:"标题为课堂--获取学生表现详情修改分数"[0m
[32m[2021-01-04 14:13:37,366] [Log.py:67] [Log:__console] [INFO]- 【测试通过!!】执行第31条case:标题为"课堂--获取学生表现详情修改分数"[0m
[36m[2021-01-04 14:13:37,550] [Log.py:69] [Log:__console] [DEBUG]- 正在执行第32条case:"标题为课堂--获取学生主观题为批改数量"[0m
[32m[2021-01-04 14:13:37,550] [Log.py:67] [Log:__console] [INFO]- 【测试通过!!】执行第32条case:标题为"课堂--获取学生主观题为批改数量"[0m
[36m[2021-01-04 14:13:37,890] [Log.py:69] [Log:__console] [DEBUG]- 正在执行第33条case:"标题为课堂--课堂习题答题统计"[0m
[32m[2021-01-04 14:13:37,891] [Log.py:67] [Log:__console] [INFO]- 【测试通过!!】执行第33条case:标题为"课堂--课堂习题答题统计"[0m
[36m[2021-01-04 16:48:04,046] [Log.py:69] [Log:__console] [DEBUG]- 正在执行第1条case:"标题为查询老师正在教学的课堂"[0m
[32m[2021-01-04 16:48:04,049] [Log.py:67] [Log:__console] [INFO]- 【测试通过!!】执行第1条case:标题为"查询老师正在教学的课堂"结束。[0m
[36m[2021-01-04 16:48:04,453] [Log.py:69] [Log:__console] [DEBUG]- 正在执行第2条case:"标题为课件-获取课件详情"[0m
[32m[2021-01-04 16:48:04,453] [Log.py:67] [Log:__console] [INFO]- 【测试通过!!】执行第2条case:标题为"课件-获取课件详情"结束。[0m
[36m[2021-01-04 16:48:04,878] [Log.py:69] [Log:__console] [DEBUG]- 正在执行第3条case:"标题为课件-获取互动课件内页详情"[0m
[32m[2021-01-04 16:48:04,878] [Log.py:67] [Log:__console] [INFO]- 【测试通过!!】执行第3条case:标题为"课件-获取互动课件内页详情"结束。[0m
[36m[2021-01-04 16:48:05,213] [Log.py:69] [Log:__console] [DEBUG]- 正在执行第4条case:"标题为试卷详情"[0m
[32m[2021-01-04 16:48:05,214] [Log.py:67] [Log:__console] [INFO]- 【测试通过!!】执行第4条case:标题为"试卷详情"结束。[0m
[36m[2021-01-04 16:48:05,463] [Log.py:69] [Log:__console] [DEBUG]- 正在执行第5条case:"标题为获取试卷中所有题型"[0m
[32m[2021-01-04 16:48:05,464] [Log.py:67] [Log:__console] [INFO]- 【测试通过!!】执行第5条case:标题为"获取试卷中所有题型"结束。[0m
[36m[2021-01-04 16:48:05,644] [Log.py:69] [Log:__console] [DEBUG]- 正在执行第6条case:"标题为获取试卷中所有习题|试卷预览"[0m
[32m[2021-01-04 16:48:05,644] [Log.py:67] [Log:__console] [INFO]- 【测试通过!!】执行第6条case:标题为"获取试卷中所有习题|试卷预览"结束。[0m
[33m[2021-01-04 16:48:05,646] [Log.py:71] [Log:__console] [WARNING]- 未执行第7条case:"标题为习题删除"未开启状态[0m
[36m[2021-01-04 16:48:05,884] [Log.py:69] [Log:__console] [DEBUG]- 正在执行第8条case:"标题为课件-试卷导出"[0m
[32m[2021-01-04 16:48:05,884] [Log.py:67] [Log:__console] [INFO]- 【测试通过!!】执行第8条case:标题为"课件-试卷导出"结束。[0m
[36m[2021-01-04 16:48:06,154] [Log.py:69] [Log:__console] [DEBUG]- 正在执行第9条case:"标题为我的-获取用户信息"[0m
[32m[2021-01-04 16:48:06,154] [Log.py:67] [Log:__console] [INFO]- 【测试通过!!】执行第9条case:标题为"我的-获取用户信息"结束。[0m
[36m[2021-01-04 16:48:06,340] [Log.py:69] [Log:__console] [DEBUG]- 正在执行第10条case:"标题为我的-获取我的错题集"[0m
[32m[2021-01-04 16:48:06,341] [Log.py:67] [Log:__console] [INFO]- 【测试通过!!】执行第10条case:标题为"我的-获取我的错题集"结束。[0m
[36m[2021-01-04 16:48:06,570] [Log.py:69] [Log:__console] [DEBUG]- 正在执行第11条case:"标题为我的-获取我的错题集"[0m
[32m[2021-01-04 16:48:06,570] [Log.py:67] [Log:__console] [INFO]- 【测试通过!!】执行第11条case:标题为"我的-获取我的错题集"结束。[0m
[36m[2021-01-04 16:48:07,020] [Log.py:69] [Log:__console] [DEBUG]- 正在执行第12条case:"标题为课程--我听的课"[0m
[32m[2021-01-04 16:48:07,021] [Log.py:67] [Log:__console] [INFO]- 【测试通过!!】执行第12条case:标题为"课程--我听的课"结束。[0m
[36m[2021-01-04 16:48:07,690] [Log.py:69] [Log:__console] [DEBUG]- 正在执行第13条case:"标题为学习日志-课堂详情"[0m
[32m[2021-01-04 16:48:07,690] [Log.py:67] [Log:__console] [INFO]- 【测试通过!!】执行第13条case:标题为"学习日志-课堂详情"结束。[0m
[36m[2021-01-04 16:48:08,331] [Log.py:69] [Log:__console] [DEBUG]- 正在执行第14条case:"标题为课堂--课堂习题统计"[0m
[32m[2021-01-04 16:48:08,332] [Log.py:67] [Log:__console] [INFO]- 【测试通过!!】执行第14条case:标题为"课堂--课堂习题统计"结束。[0m
[36m[2021-01-04 16:48:08,718] [Log.py:69] [Log:__console] [DEBUG]- 正在执行第15条case:"标题为课堂--获取课堂小测"[0m
[32m[2021-01-04 16:48:08,719] [Log.py:67] [Log:__console] [INFO]- 【测试通过!!】执行第15条case:标题为"课堂--获取课堂小测"结束。[0m
[36m[2021-01-04 16:48:09,694] [Log.py:69] [Log:__console] [DEBUG]- 正在执行第16条case:"标题为课堂--课堂互动"[0m
[32m[2021-01-04 16:48:09,694] [Log.py:67] [Log:__console] [INFO]- 【测试通过!!】执行第16条case:标题为"课堂--课堂互动"结束。[0m
[36m[2021-01-04 16:48:10,024] [Log.py:69] [Log:__console] [DEBUG]- 正在执行第17条case:"标题为课堂--课堂互动获取投稿列表"[0m
[32m[2021-01-04 16:48:10,024] [Log.py:67] [Log:__console] [INFO]- 【测试通过!!】执行第17条case:标题为"课堂--课堂互动获取投稿列表"结束。[0m
[36m[2021-01-04 16:48:10,385] [Log.py:69] [Log:__console] [DEBUG]- 正在执行第18条case:"标题为课堂--课堂互动获取点名列表"[0m
[32m[2021-01-04 16:48:10,386] [Log.py:67] [Log:__console] [INFO]- 【测试通过!!】执行第18条case:标题为"课堂--课堂互动获取点名列表"结束。[0m
[36m[2021-01-04 16:48:10,659] [Log.py:69] [Log:__console] [DEBUG]- 正在执行第19条case:"标题为课堂--获取教学内容"[0m
[32m[2021-01-04 16:48:10,659] [Log.py:67] [Log:__console] [INFO]- 【测试通过!!】执行第19条case:标题为"课堂--获取教学内容"结束。[0m
[36m[2021-01-04 16:48:11,120] [Log.py:69] [Log:__console] [DEBUG]- 正在执行第20条case:"标题为课堂--获取课堂视频"[0m
[32m[2021-01-04 16:48:11,121] [Log.py:67] [Log:__console] [INFO]- 【测试通过!!】执行第20条case:标题为"课堂--获取课堂视频"结束。[0m
[36m[2021-01-04 16:48:11,453] [Log.py:69] [Log:__console] [DEBUG]- 正在执行第21条case:"标题为课件--查看课件详情"[0m
[32m[2021-01-04 16:48:11,454] [Log.py:67] [Log:__console] [INFO]- 【测试通过!!】执行第21条case:标题为"课件--查看课件详情"结束。[0m
[36m[2021-01-04 16:48:11,712] [Log.py:69] [Log:__console] [DEBUG]- 正在执行第22条case:"标题为课件详情--习题分析--答题统计"[0m
[32m[2021-01-04 16:48:11,712] [Log.py:67] [Log:__console] [INFO]- 【测试通过!!】执行第22条case:标题为"课件详情--习题分析--答题统计"结束。[0m
[36m[2021-01-04 16:48:12,298] [Log.py:69] [Log:__console] [DEBUG]- 正在执行第23条case:"标题为学习日志--获取试卷详情"[0m
[32m[2021-01-04 16:48:12,299] [Log.py:67] [Log:__console] [INFO]- 【测试通过!!】执行第23条case:标题为"学习日志--获取试卷详情"结束。[0m
[36m[2021-01-04 16:48:12,531] [Log.py:69] [Log:__console] [DEBUG]- 正在执行第1条case:"标题为课件-添加课件"[0m
[32m[2021-01-04 16:48:12,531] [Log.py:67] [Log:__console] [INFO]- 【测试通过!!】执行第1条case:标题为"课件-添加课件"[0m
[36m[2021-01-04 16:48:13,361] [Log.py:69] [Log:__console] [DEBUG]- 正在执行第2条case:"标题为课件-添加外链"[0m
[32m[2021-01-04 16:48:13,362] [Log.py:67] [Log:__console] [INFO]- 【测试通过!!】执行第2条case:标题为"课件-添加外链"[0m
[36m[2021-01-04 16:48:14,049] [Log.py:69] [Log:__console] [DEBUG]- 正在执行第3条case:"标题为课件-复制课件"[0m
[32m[2021-01-04 16:48:14,049] [Log.py:67] [Log:__console] [INFO]- 【测试通过!!】执行第3条case:标题为"课件-复制课件"[0m
[36m[2021-01-04 16:48:15,022] [Log.py:69] [Log:__console] [DEBUG]- 正在执行第4条case:"标题为课件-获取课件列表"[0m
[32m[2021-01-04 16:48:15,023] [Log.py:67] [Log:__console] [INFO]- 【测试通过!!】执行第4条case:标题为"课件-获取课件列表"[0m
[36m[2021-01-04 16:48:15,593] [Log.py:69] [Log:__console] [DEBUG]- 正在执行第5条case:"标题为课件-创建章节目录"[0m
[32m[2021-01-04 16:48:15,594] [Log.py:67] [Log:__console] [INFO]- 【测试通过!!】执行第5条case:标题为"课件-创建章节目录"[0m
[36m[2021-01-04 16:48:15,940] [Log.py:69] [Log:__console] [DEBUG]- 正在执行第6条case:"标题为互动课件添加判断题"[0m
[32m[2021-01-04 16:48:15,940] [Log.py:67] [Log:__console] [INFO]- 【测试通过!!】执行第6条case:标题为"互动课件添加判断题"[0m
[36m[2021-01-04 16:48:16,204] [Log.py:69] [Log:__console] [DEBUG]- 正在执行第7条case:"标题为互动课件添加单选题"[0m
[32m[2021-01-04 16:48:16,205] [Log.py:67] [Log:__console] [INFO]- 【测试通过!!】执行第7条case:标题为"互动课件添加单选题"[0m
[36m[2021-01-04 16:48:16,648] [Log.py:69] [Log:__console] [DEBUG]- 正在执行第8条case:"标题为互动课件添加多选题"[0m
[32m[2021-01-04 16:48:16,649] [Log.py:67] [Log:__console] [INFO]- 【测试通过!!】执行第8条case:标题为"互动课件添加多选题"[0m
[36m[2021-01-04 16:48:17,022] [Log.py:69] [Log:__console] [DEBUG]- 正在执行第9条case:"标题为互动课件添加投票题"[0m
[32m[2021-01-04 16:48:17,022] [Log.py:67] [Log:__console] [INFO]- 【测试通过!!】执行第9条case:标题为"互动课件添加投票题"[0m
[36m[2021-01-04 16:48:17,743] [Log.py:69] [Log:__console] [DEBUG]- 正在执行第10条case:"标题为互动课件添加判断题"[0m
[32m[2021-01-04 16:48:17,743] [Log.py:67] [Log:__console] [INFO]- 【测试通过!!】执行第10条case:标题为"互动课件添加判断题"[0m
[36m[2021-01-04 16:48:18,683] [Log.py:69] [Log:__console] [DEBUG]- 正在执行第11条case:"标题为课件-发布课件到班级"[0m
[32m[2021-01-04 16:48:18,684] [Log.py:67] [Log:__console] [INFO]- 【测试通过!!】执行第11条case:标题为"课件-发布课件到班级"[0m
[33m[2021-01-04 16:48:18,685] [Log.py:71] [Log:__console] [WARNING]- 未执行第12条case:"标题为课件-添加试卷"未开启状态[0m
[36m[2021-01-04 16:48:19,094] [Log.py:69] [Log:__console] [DEBUG]- 正在执行第13条case:"标题为课件-添加试卷判断题"[0m
[32m[2021-01-04 16:48:19,094] [Log.py:67] [Log:__console] [INFO]- 【测试通过!!】执行第13条case:标题为"课件-添加试卷判断题"[0m
[36m[2021-01-04 16:48:19,503] [Log.py:69] [Log:__console] [DEBUG]- 正在执行第14条case:"标题为课件-添加试卷单选题"[0m
[32m[2021-01-04 16:48:19,504] [Log.py:67] [Log:__console] [INFO]- 【测试通过!!】执行第14条case:标题为"课件-添加试卷单选题"[0m
[36m[2021-01-04 16:48:19,981] [Log.py:69] [Log:__console] [DEBUG]- 正在执行第15条case:"标题为课件-添加试卷多选"[0m
[32m[2021-01-04 16:48:19,982] [Log.py:67] [Log:__console] [INFO]- 【测试通过!!】执行第15条case:标题为"课件-添加试卷多选"[0m
[36m[2021-01-04 16:48:20,934] [Log.py:69] [Log:__console] [DEBUG]- 正在执行第16条case:"标题为课件-添加试卷填空题"[0m
[32m[2021-01-04 16:48:20,934] [Log.py:67] [Log:__console] [INFO]- 【测试通过!!】执行第16条case:标题为"课件-添加试卷填空题"[0m
[36m[2021-01-04 16:48:21,342] [Log.py:69] [Log:__console] [DEBUG]- 正在执行第17条case:"标题为课件-添加试卷简答题"[0m
[32m[2021-01-04 16:48:21,343] [Log.py:67] [Log:__console] [INFO]- 【测试通过!!】执行第17条case:标题为"课件-添加试卷简答题"[0m
[36m[2021-01-04 16:48:21,716] [Log.py:69] [Log:__console] [DEBUG]- 正在执行第19条case:"标题为课件-添加段落说明"[0m
[32m[2021-01-04 16:48:21,718] [Log.py:67] [Log:__console] [INFO]- 【测试通过!!】执行第19条case:标题为"课件-添加段落说明"[0m
[36m[2021-01-04 16:48:22,197] [Log.py:69] [Log:__console] [DEBUG]- 正在执行第20条case:"标题为课件-发布试卷"[0m
[32m[2021-01-04 16:48:22,197] [Log.py:67] [Log:__console] [INFO]- 【测试通过!!】执行第20条case:标题为"课件-发布试卷"[0m
[36m[2021-01-04 16:48:22,628] [Log.py:69] [Log:__console] [DEBUG]- 正在执行第21条case:"标题为我的-获取我的学习记录"[0m
[32m[2021-01-04 16:48:22,630] [Log.py:67] [Log:__console] [INFO]- 【测试通过!!】执行第21条case:标题为"我的-获取我的学习记录"[0m
[36m[2021-01-04 16:48:22,950] [Log.py:69] [Log:__console] [DEBUG]- 正在执行第22条case:"标题为课程班级-置顶"[0m
[32m[2021-01-04 16:48:22,951] [Log.py:67] [Log:__console] [INFO]- 【测试通过!!】执行第22条case:标题为"课程班级-置顶"[0m
[36m[2021-01-04 16:48:24,070] [Log.py:69] [Log:__console] [DEBUG]- 正在执行第23条case:"标题为我的--编辑资料"[0m
[32m[2021-01-04 16:48:24,071] [Log.py:67] [Log:__console] [INFO]- 【测试通过!!】执行第23条case:标题为"我的--编辑资料"[0m
[36m[2021-01-04 16:48:24,606] [Log.py:69] [Log:__console] [DEBUG]- 正在执行第24条case:"标题为课程--获取教学日志"[0m
[32m[2021-01-04 16:48:24,607] [Log.py:67] [Log:__console] [INFO]- 【测试通过!!】执行第24条case:标题为"课程--获取教学日志"[0m
[36m[2021-01-04 16:48:25,354] [Log.py:69] [Log:__console] [DEBUG]- 正在执行第25条case:"标题为课程--获取话题列表"[0m
[32m[2021-01-04 16:48:25,354] [Log.py:67] [Log:__console] [INFO]- 【测试通过!!】执行第25条case:标题为"课程--获取话题列表"[0m
[36m[2021-01-04 16:48:26,359] [Log.py:69] [Log:__console] [DEBUG]- 正在执行第26条case:"标题为课程--发布话题"[0m
[32m[2021-01-04 16:48:26,359] [Log.py:67] [Log:__console] [INFO]- 【测试通过!!】执行第26条case:标题为"课程--发布话题"[0m
[36m[2021-01-04 16:48:26,783] [Log.py:69] [Log:__console] [DEBUG]- 正在执行第27条case:"标题为课程--获取班级成员"[0m
[32m[2021-01-04 16:48:26,784] [Log.py:67] [Log:__console] [INFO]- 【测试通过!!】执行第27条case:标题为"课程--获取班级成员"[0m
[36m[2021-01-04 16:48:27,179] [Log.py:69] [Log:__console] [DEBUG]- 正在执行第28条case:"标题为课堂--获取学生表现"[0m
[32m[2021-01-04 16:48:27,179] [Log.py:67] [Log:__console] [INFO]- 【测试通过!!】执行第28条case:标题为"课堂--获取学生表现"[0m
[36m[2021-01-04 16:48:27,501] [Log.py:69] [Log:__console] [DEBUG]- 正在执行第29条case:"标题为课堂--获取学生到课人数"[0m
[32m[2021-01-04 16:48:27,502] [Log.py:67] [Log:__console] [INFO]- 【测试通过!!】执行第29条case:标题为"课堂--获取学生到课人数"[0m
[36m[2021-01-04 16:48:27,795] [Log.py:69] [Log:__console] [DEBUG]- 正在执行第30条case:"标题为课堂--获取学生表现详情"[0m
[32m[2021-01-04 16:48:27,796] [Log.py:67] [Log:__console] [INFO]- 【测试通过!!】执行第30条case:标题为"课堂--获取学生表现详情"[0m
[36m[2021-01-04 16:48:28,150] [Log.py:69] [Log:__console] [DEBUG]- 正在执行第31条case:"标题为课堂--获取学生表现详情修改分数"[0m
[32m[2021-01-04 16:48:28,150] [Log.py:67] [Log:__console] [INFO]- 【测试通过!!】执行第31条case:标题为"课堂--获取学生表现详情修改分数"[0m
[36m[2021-01-04 16:48:28,484] [Log.py:69] [Log:__console] [DEBUG]- 正在执行第32条case:"标题为课堂--获取学生主观题为批改数量"[0m
[32m[2021-01-04 16:48:28,485] [Log.py:67] [Log:__console] [INFO]- 【测试通过!!】执行第32条case:标题为"课堂--获取学生主观题为批改数量"[0m
[36m[2021-01-04 16:48:28,767] [Log.py:69] [Log:__console] [DEBUG]- 正在执行第33条case:"标题为课堂--课堂习题答题统计"[0m
[32m[2021-01-04 16:48:28,767] [Log.py:67] [Log:__console] [INFO]- 【测试通过!!】执行第33条case:标题为"课堂--课堂习题答题统计"[0m
[36m[2021-01-04 16:48:29,149] [Log.py:69] [Log:__console] [DEBUG]- 正在执行第34条case:"标题为教学日志--获取课件列表"[0m
[32m[2021-01-04 16:48:29,150] [Log.py:67] [Log:__console] [INFO]- 【测试通过!!】执行第34条case:标题为"教学日志--获取课件列表"[0m
[36m[2021-01-04 16:48:29,737] [Log.py:69] [Log:__console] [DEBUG]- 正在执行第35条case:"标题为课件详情--学生表现列表"[0m
[32m[2021-01-04 16:48:29,738] [Log.py:67] [Log:__console] [INFO]- 【测试通过!!】执行第35条case:标题为"课件详情--学生表现列表"[0m
[36m[2021-01-04 16:48:30,118] [Log.py:69] [Log:__console] [DEBUG]- 正在执行第36条case:"标题为课件详情--学生表现列表--已完成"[0m
[32m[2021-01-04 16:48:30,118] [Log.py:67] [Log:__console] [INFO]- 【测试通过!!】执行第36条case:标题为"课件详情--学生表现列表--已完成"[0m
[36m[2021-01-04 16:48:30,505] [Log.py:69] [Log:__console] [DEBUG]- 正在执行第37条case:"标题为课件详情--学生表现列表--未完成"[0m
[32m[2021-01-04 16:48:30,505] [Log.py:67] [Log:__console] [INFO]- 【测试通过!!】执行第37条case:标题为"课件详情--学生表现列表--未完成"[0m
[36m[2021-01-04 16:48:30,885] [Log.py:69] [Log:__console] [DEBUG]- 正在执行第38条case:"标题为课件详情--学生表现列表--未查看"[0m
[32m[2021-01-04 16:48:30,885] [Log.py:67] [Log:__console] [INFO]- 【测试通过!!】执行第38条case:标题为"课件详情--学生表现列表--未查看"[0m
[36m[2021-01-04 16:48:31,402] [Log.py:69] [Log:__console] [DEBUG]- 正在执行第39条case:"标题为课件详情--报告老师列表"[0m
[32m[2021-01-04 16:48:31,402] [Log.py:67] [Log:__console] [INFO]- 【测试通过!!】执行第39条case:标题为"课件详情--报告老师列表"[0m
[36m[2021-01-04 16:48:31,743] [Log.py:69] [Log:__console] [DEBUG]- 正在执行第40条case:"标题为课件详情--习题分析"[0m
[32m[2021-01-04 16:48:31,744] [Log.py:67] [Log:__console] [INFO]- 【测试通过!!】执行第40条case:标题为"课件详情--习题分析"[0m
[36m[2021-01-04 16:48:32,061] [Log.py:69] [Log:__console] [DEBUG]- 正在执行第41条case:"标题为试卷详情--学生表现"[0m
[32m[2021-01-04 16:48:32,062] [Log.py:67] [Log:__console] [INFO]- 【测试通过!!】执行第41条case:标题为"试卷详情--学生表现"[0m
[36m[2021-01-04 16:48:32,709] [Log.py:69] [Log:__console] [DEBUG]- 正在执行第42条case:"标题为试卷详情--学生表现--完成人数"[0m
[36m[2021-01-04 16:48:33,354] [Log.py:69] [Log:__console] [DEBUG]- 正在执行第43条case:"标题为试卷详情--学生表现--未完成人数"[0m
[36m[2021-01-04 16:48:33,627] [Log.py:69] [Log:__console] [DEBUG]- 正在执行第44条case:"标题为试卷详情--学生表现--成绩单"[0m
[32m[2021-01-04 16:48:33,628] [Log.py:67] [Log:__console] [INFO]- 【测试通过!!】执行第44条case:标题为"试卷详情--学生表现--成绩单"[0m
[36m[2021-01-04 17:06:43,132] [Log.py:69] [Log:__console] [DEBUG]- 正在执行第1条case:"标题为查询老师正在教学的课堂"[0m
[32m[2021-01-04 17:06:43,133] [Log.py:67] [Log:__console] [INFO]- 【测试通过!!】执行第1条case:标题为"查询老师正在教学的课堂"结束。[0m
[36m[2021-01-04 17:06:43,391] [Log.py:69] [Log:__console] [DEBUG]- 正在执行第2条case:"标题为课件-获取课件详情"[0m
[32m[2021-01-04 17:06:43,392] [Log.py:67] [Log:__console] [INFO]- 【测试通过!!】执行第2条case:标题为"课件-获取课件详情"结束。[0m
[36m[2021-01-04 17:06:43,636] [Log.py:69] [Log:__console] [DEBUG]- 正在执行第3条case:"标题为课件-获取互动课件内页详情"[0m
[32m[2021-01-04 17:06:43,636] [Log.py:67] [Log:__console] [INFO]- 【测试通过!!】执行第3条case:标题为"课件-获取互动课件内页详情"结束。[0m
[36m[2021-01-04 17:06:43,904] [Log.py:69] [Log:__console] [DEBUG]- 正在执行第4条case:"标题为试卷详情"[0m
[32m[2021-01-04 17:06:43,905] [Log.py:67] [Log:__console] [INFO]- 【测试通过!!】执行第4条case:标题为"试卷详情"结束。[0m
[36m[2021-01-04 17:06:44,136] [Log.py:69] [Log:__console] [DEBUG]- 正在执行第5条case:"标题为获取试卷中所有题型"[0m
[32m[2021-01-04 17:06:44,136] [Log.py:67] [Log:__console] [INFO]- 【测试通过!!】执行第5条case:标题为"获取试卷中所有题型"结束。[0m
[36m[2021-01-04 17:06:44,329] [Log.py:69] [Log:__console] [DEBUG]- 正在执行第6条case:"标题为获取试卷中所有习题|试卷预览"[0m
[32m[2021-01-04 17:06:44,329] [Log.py:67] [Log:__console] [INFO]- 【测试通过!!】执行第6条case:标题为"获取试卷中所有习题|试卷预览"结束。[0m
[33m[2021-01-04 17:06:44,330] [Log.py:71] [Log:__console] [WARNING]- 未执行第7条case:"标题为习题删除"未开启状态[0m
[36m[2021-01-04 17:06:44,552] [Log.py:69] [Log:__console] [DEBUG]- 正在执行第8条case:"标题为课件-试卷导出"[0m
[32m[2021-01-04 17:06:44,552] [Log.py:67] [Log:__console] [INFO]- 【测试通过!!】执行第8条case:标题为"课件-试卷导出"结束。[0m
[36m[2021-01-04 17:06:45,212] [Log.py:69] [Log:__console] [DEBUG]- 正在执行第9条case:"标题为我的-获取用户信息"[0m
[32m[2021-01-04 17:06:45,213] [Log.py:67] [Log:__console] [INFO]- 【测试通过!!】执行第9条case:标题为"我的-获取用户信息"结束。[0m
[36m[2021-01-04 17:06:45,438] [Log.py:69] [Log:__console] [DEBUG]- 正在执行第10条case:"标题为我的-获取我的错题集"[0m
[32m[2021-01-04 17:06:45,439] [Log.py:67] [Log:__console] [INFO]- 【测试通过!!】执行第10条case:标题为"我的-获取我的错题集"结束。[0m
[36m[2021-01-04 17:06:45,663] [Log.py:69] [Log:__console] [DEBUG]- 正在执行第11条case:"标题为我的-获取我的错题集"[0m
[32m[2021-01-04 17:06:45,663] [Log.py:67] [Log:__console] [INFO]- 【测试通过!!】执行第11条case:标题为"我的-获取我的错题集"结束。[0m
[36m[2021-01-04 17:06:45,919] [Log.py:69] [Log:__console] [DEBUG]- 正在执行第12条case:"标题为课程--我听的课"[0m
[32m[2021-01-04 17:06:45,920] [Log.py:67] [Log:__console] [INFO]- 【测试通过!!】执行第12条case:标题为"课程--我听的课"结束。[0m
[36m[2021-01-04 17:06:46,306] [Log.py:69] [Log:__console] [DEBUG]- 正在执行第13条case:"标题为学习日志-课堂详情"[0m
[32m[2021-01-04 17:06:46,306] [Log.py:67] [Log:__console] [INFO]- 【测试通过!!】执行第13条case:标题为"学习日志-课堂详情"结束。[0m
[36m[2021-01-04 17:06:46,632] [Log.py:69] [Log:__console] [DEBUG]- 正在执行第14条case:"标题为课堂--课堂习题统计"[0m
[32m[2021-01-04 17:06:46,632] [Log.py:67] [Log:__console] [INFO]- 【测试通过!!】执行第14条case:标题为"课堂--课堂习题统计"结束。[0m
[36m[2021-01-04 17:06:47,001] [Log.py:69] [Log:__console] [DEBUG]- 正在执行第15条case:"标题为课堂--获取课堂小测"[0m
[32m[2021-01-04 17:06:47,001] [Log.py:67] [Log:__console] [INFO]- 【测试通过!!】执行第15条case:标题为"课堂--获取课堂小测"结束。[0m
[36m[2021-01-04 17:06:47,325] [Log.py:69] [Log:__console] [DEBUG]- 正在执行第16条case:"标题为课堂--课堂互动"[0m
[32m[2021-01-04 17:06:47,326] [Log.py:67] [Log:__console] [INFO]- 【测试通过!!】执行第16条case:标题为"课堂--课堂互动"结束。[0m
[36m[2021-01-04 17:06:47,526] [Log.py:69] [Log:__console] [DEBUG]- 正在执行第17条case:"标题为课堂--课堂互动获取投稿列表"[0m
[32m[2021-01-04 17:06:47,526] [Log.py:67] [Log:__console] [INFO]- 【测试通过!!】执行第17条case:标题为"课堂--课堂互动获取投稿列表"结束。[0m
[36m[2021-01-04 17:06:47,712] [Log.py:69] [Log:__console] [DEBUG]- 正在执行第18条case:"标题为课堂--课堂互动获取点名列表"[0m
[32m[2021-01-04 17:06:47,713] [Log.py:67] [Log:__console] [INFO]- 【测试通过!!】执行第18条case:标题为"课堂--课堂互动获取点名列表"结束。[0m
[36m[2021-01-04 17:06:47,963] [Log.py:69] [Log:__console] [DEBUG]- 正在执行第19条case:"标题为课堂--获取教学内容"[0m
[32m[2021-01-04 17:06:47,963] [Log.py:67] [Log:__console] [INFO]- 【测试通过!!】执行第19条case:标题为"课堂--获取教学内容"结束。[0m
[36m[2021-01-04 17:06:48,168] [Log.py:69] [Log:__console] [DEBUG]- 正在执行第20条case:"标题为课堂--获取课堂视频"[0m
[32m[2021-01-04 17:06:48,169] [Log.py:67] [Log:__console] [INFO]- 【测试通过!!】执行第20条case:标题为"课堂--获取课堂视频"结束。[0m
[36m[2021-01-04 17:06:48,361] [Log.py:69] [Log:__console] [DEBUG]- 正在执行第21条case:"标题为课件--查看课件详情"[0m
[32m[2021-01-04 17:06:48,362] [Log.py:67] [Log:__console] [INFO]- 【测试通过!!】执行第21条case:标题为"课件--查看课件详情"结束。[0m
[36m[2021-01-04 17:06:48,546] [Log.py:69] [Log:__console] [DEBUG]- 正在执行第22条case:"标题为课件详情--习题分析--答题统计"[0m
[32m[2021-01-04 17:06:48,546] [Log.py:67] [Log:__console] [INFO]- 【测试通过!!】执行第22条case:标题为"课件详情--习题分析--答题统计"结束。[0m
[36m[2021-01-04 17:06:48,722] [Log.py:69] [Log:__console] [DEBUG]- 正在执行第23条case:"标题为学习日志--获取试卷详情"[0m
[32m[2021-01-04 17:06:48,723] [Log.py:67] [Log:__console] [INFO]- 【测试通过!!】执行第23条case:标题为"学习日志--获取试卷详情"结束。[0m
[36m[2021-01-04 17:06:48,959] [Log.py:69] [Log:__console] [DEBUG]- 正在执行第1条case:"标题为课件-添加课件"[0m
[32m[2021-01-04 17:06:48,959] [Log.py:67] [Log:__console] [INFO]- 【测试通过!!】执行第1条case:标题为"课件-添加课件"[0m
[36m[2021-01-04 17:06:49,190] [Log.py:69] [Log:__console] [DEBUG]- 正在执行第2条case:"标题为课件-添加外链"[0m
[32m[2021-01-04 17:06:49,191] [Log.py:67] [Log:__console] [INFO]- 【测试通过!!】执行第2条case:标题为"课件-添加外链"[0m
[36m[2021-01-04 17:06:49,498] [Log.py:69] [Log:__console] [DEBUG]- 正在执行第3条case:"标题为课件-复制课件"[0m
[32m[2021-01-04 17:06:49,499] [Log.py:67] [Log:__console] [INFO]- 【测试通过!!】执行第3条case:标题为"课件-复制课件"[0m
[36m[2021-01-04 17:06:49,677] [Log.py:69] [Log:__console] [DEBUG]- 正在执行第4条case:"标题为课件-获取课件列表"[0m
[32m[2021-01-04 17:06:49,678] [Log.py:67] [Log:__console] [INFO]- 【测试通过!!】执行第4条case:标题为"课件-获取课件列表"[0m
[36m[2021-01-04 17:06:49,922] [Log.py:69] [Log:__console] [DEBUG]- 正在执行第5条case:"标题为课件-创建章节目录"[0m
[32m[2021-01-04 17:06:49,922] [Log.py:67] [Log:__console] [INFO]- 【测试通过!!】执行第5条case:标题为"课件-创建章节目录"[0m
[36m[2021-01-04 17:06:50,248] [Log.py:69] [Log:__console] [DEBUG]- 正在执行第6条case:"标题为互动课件添加判断题"[0m
[32m[2021-01-04 17:06:50,248] [Log.py:67] [Log:__console] [INFO]- 【测试通过!!】执行第6条case:标题为"互动课件添加判断题"[0m
[36m[2021-01-04 17:06:50,568] [Log.py:69] [Log:__console] [DEBUG]- 正在执行第7条case:"标题为互动课件添加单选题"[0m
[32m[2021-01-04 17:06:50,568] [Log.py:67] [Log:__console] [INFO]- 【测试通过!!】执行第7条case:标题为"互动课件添加单选题"[0m
[36m[2021-01-04 17:06:50,844] [Log.py:69] [Log:__console] [DEBUG]- 正在执行第8条case:"标题为互动课件添加多选题"[0m
[32m[2021-01-04 17:06:50,845] [Log.py:67] [Log:__console] [INFO]- 【测试通过!!】执行第8条case:标题为"互动课件添加多选题"[0m
[36m[2021-01-04 17:06:51,032] [Log.py:69] [Log:__console] [DEBUG]- 正在执行第9条case:"标题为互动课件添加投票题"[0m
[32m[2021-01-04 17:06:51,032] [Log.py:67] [Log:__console] [INFO]- 【测试通过!!】执行第9条case:标题为"互动课件添加投票题"[0m
[36m[2021-01-04 17:06:51,236] [Log.py:69] [Log:__console] [DEBUG]- 正在执行第10条case:"标题为互动课件添加判断题"[0m
[32m[2021-01-04 17:06:51,237] [Log.py:67] [Log:__console] [INFO]- 【测试通过!!】执行第10条case:标题为"互动课件添加判断题"[0m
[36m[2021-01-04 17:06:51,634] [Log.py:69] [Log:__console] [DEBUG]- 正在执行第11条case:"标题为课件-发布课件到班级"[0m
[32m[2021-01-04 17:06:51,635] [Log.py:67] [Log:__console] [INFO]- 【测试通过!!】执行第11条case:标题为"课件-发布课件到班级"[0m
[33m[2021-01-04 17:06:51,636] [Log.py:71] [Log:__console] [WARNING]- 未执行第12条case:"标题为课件-添加试卷"未开启状态[0m
[36m[2021-01-04 17:06:51,813] [Log.py:69] [Log:__console] [DEBUG]- 正在执行第13条case:"标题为课件-添加试卷判断题"[0m
[32m[2021-01-04 17:06:51,814] [Log.py:67] [Log:__console] [INFO]- 【测试通过!!】执行第13条case:标题为"课件-添加试卷判断题"[0m
[36m[2021-01-04 17:06:51,969] [Log.py:69] [Log:__console] [DEBUG]- 正在执行第14条case:"标题为课件-添加试卷单选题"[0m
[32m[2021-01-04 17:06:51,970] [Log.py:67] [Log:__console] [INFO]- 【测试通过!!】执行第14条case:标题为"课件-添加试卷单选题"[0m
[36m[2021-01-04 17:06:52,161] [Log.py:69] [Log:__console] [DEBUG]- 正在执行第15条case:"标题为课件-添加试卷多选"[0m
[32m[2021-01-04 17:06:52,161] [Log.py:67] [Log:__console] [INFO]- 【测试通过!!】执行第15条case:标题为"课件-添加试卷多选"[0m
[36m[2021-01-04 17:06:52,439] [Log.py:69] [Log:__console] [DEBUG]- 正在执行第16条case:"标题为课件-添加试卷填空题"[0m
[32m[2021-01-04 17:06:52,439] [Log.py:67] [Log:__console] [INFO]- 【测试通过!!】执行第16条case:标题为"课件-添加试卷填空题"[0m
[36m[2021-01-04 17:06:52,605] [Log.py:69] [Log:__console] [DEBUG]- 正在执行第17条case:"标题为课件-添加试卷简答题"[0m
[32m[2021-01-04 17:06:52,605] [Log.py:67] [Log:__console] [INFO]- 【测试通过!!】执行第17条case:标题为"课件-添加试卷简答题"[0m
[36m[2021-01-04 17:06:52,824] [Log.py:69] [Log:__console] [DEBUG]- 正在执行第19条case:"标题为课件-添加段落说明"[0m
[32m[2021-01-04 17:06:52,825] [Log.py:67] [Log:__console] [INFO]- 【测试通过!!】执行第19条case:标题为"课件-添加段落说明"[0m
[36m[2021-01-04 17:06:53,201] [Log.py:69] [Log:__console] [DEBUG]- 正在执行第20条case:"标题为课件-发布试卷"[0m
[32m[2021-01-04 17:06:53,202] [Log.py:67] [Log:__console] [INFO]- 【测试通过!!】执行第20条case:标题为"课件-发布试卷"[0m
[36m[2021-01-04 17:06:53,654] [Log.py:69] [Log:__console] [DEBUG]- 正在执行第21条case:"标题为我的-获取我的学习记录"[0m
[32m[2021-01-04 17:06:53,654] [Log.py:67] [Log:__console] [INFO]- 【测试通过!!】执行第21条case:标题为"我的-获取我的学习记录"[0m
[36m[2021-01-04 17:06:53,868] [Log.py:69] [Log:__console] [DEBUG]- 正在执行第22条case:"标题为课程班级-置顶"[0m
[32m[2021-01-04 17:06:53,868] [Log.py:67] [Log:__console] [INFO]- 【测试通过!!】执行第22条case:标题为"课程班级-置顶"[0m
[36m[2021-01-04 17:06:54,562] [Log.py:69] [Log:__console] [DEBUG]- 正在执行第23条case:"标题为我的--编辑资料"[0m
[32m[2021-01-04 17:06:54,563] [Log.py:67] [Log:__console] [INFO]- 【测试通过!!】执行第23条case:标题为"我的--编辑资料"[0m
[36m[2021-01-04 17:06:54,962] [Log.py:69] [Log:__console] [DEBUG]- 正在执行第24条case:"标题为课程--获取教学日志"[0m
[32m[2021-01-04 17:06:54,963] [Log.py:67] [Log:__console] [INFO]- 【测试通过!!】执行第24条case:标题为"课程--获取教学日志"[0m
[36m[2021-01-04 17:06:55,240] [Log.py:69] [Log:__console] [DEBUG]- 正在执行第25条case:"标题为课程--获取话题列表"[0m
[32m[2021-01-04 17:06:55,240] [Log.py:67] [Log:__console] [INFO]- 【测试通过!!】执行第25条case:标题为"课程--获取话题列表"[0m
[36m[2021-01-04 17:06:55,996] [Log.py:69] [Log:__console] [DEBUG]- 正在执行第26条case:"标题为课程--发布话题"[0m
[32m[2021-01-04 17:06:55,996] [Log.py:67] [Log:__console] [INFO]- 【测试通过!!】执行第26条case:标题为"课程--发布话题"[0m
[36m[2021-01-04 17:06:56,165] [Log.py:69] [Log:__console] [DEBUG]- 正在执行第27条case:"标题为课程--获取班级成员"[0m
[32m[2021-01-04 17:06:56,165] [Log.py:67] [Log:__console] [INFO]- 【测试通过!!】执行第27条case:标题为"课程--获取班级成员"[0m
[36m[2021-01-04 17:06:56,507] [Log.py:69] [Log:__console] [DEBUG]- 正在执行第28条case:"标题为课堂--获取学生表现"[0m
[32m[2021-01-04 17:06:56,508] [Log.py:67] [Log:__console] [INFO]- 【测试通过!!】执行第28条case:标题为"课堂--获取学生表现"[0m
[36m[2021-01-04 17:06:56,743] [Log.py:69] [Log:__console] [DEBUG]- 正在执行第29条case:"标题为课堂--获取学生到课人数"[0m
[32m[2021-01-04 17:06:56,743] [Log.py:67] [Log:__console] [INFO]- 【测试通过!!】执行第29条case:标题为"课堂--获取学生到课人数"[0m
[36m[2021-01-04 17:06:57,084] [Log.py:69] [Log:__console] [DEBUG]- 正在执行第30条case:"标题为课堂--获取学生表现详情"[0m
[32m[2021-01-04 17:06:57,084] [Log.py:67] [Log:__console] [INFO]- 【测试通过!!】执行第30条case:标题为"课堂--获取学生表现详情"[0m
[36m[2021-01-04 17:06:57,377] [Log.py:69] [Log:__console] [DEBUG]- 正在执行第31条case:"标题为课堂--获取学生表现详情修改分数"[0m
[32m[2021-01-04 17:06:57,377] [Log.py:67] [Log:__console] [INFO]- 【测试通过!!】执行第31条case:标题为"课堂--获取学生表现详情修改分数"[0m
[36m[2021-01-04 17:06:57,620] [Log.py:69] [Log:__console] [DEBUG]- 正在执行第32条case:"标题为课堂--获取学生主观题为批改数量"[0m
[32m[2021-01-04 17:06:57,621] [Log.py:67] [Log:__console] [INFO]- 【测试通过!!】执行第32条case:标题为"课堂--获取学生主观题为批改数量"[0m
[36m[2021-01-04 17:06:58,024] [Log.py:69] [Log:__console] [DEBUG]- 正在执行第33条case:"标题为课堂--课堂习题答题统计"[0m
[32m[2021-01-04 17:06:58,025] [Log.py:67] [Log:__console] [INFO]- 【测试通过!!】执行第33条case:标题为"课堂--课堂习题答题统计"[0m
[36m[2021-01-04 17:06:58,345] [Log.py:69] [Log:__console] [DEBUG]- 正在执行第34条case:"标题为教学日志--获取课件列表"[0m
[32m[2021-01-04 17:06:58,345] [Log.py:67] [Log:__console] [INFO]- 【测试通过!!】执行第34条case:标题为"教学日志--获取课件列表"[0m
[36m[2021-01-04 17:06:58,607] [Log.py:69] [Log:__console] [DEBUG]- 正在执行第35条case:"标题为课件详情--学生表现列表"[0m
[32m[2021-01-04 17:06:58,607] [Log.py:67] [Log:__console] [INFO]- 【测试通过!!】执行第35条case:标题为"课件详情--学生表现列表"[0m
[36m[2021-01-04 17:06:58,859] [Log.py:69] [Log:__console] [DEBUG]- 正在执行第36条case:"标题为课件详情--学生表现列表--已完成"[0m
[32m[2021-01-04 17:06:58,859] [Log.py:67] [Log:__console] [INFO]- 【测试通过!!】执行第36条case:标题为"课件详情--学生表现列表--已完成"[0m
[36m[2021-01-04 17:06:59,194] [Log.py:69] [Log:__console] [DEBUG]- 正在执行第37条case:"标题为课件详情--学生表现列表--未完成"[0m
[32m[2021-01-04 17:06:59,195] [Log.py:67] [Log:__console] [INFO]- 【测试通过!!】执行第37条case:标题为"课件详情--学生表现列表--未完成"[0m
[36m[2021-01-04 17:06:59,486] [Log.py:69] [Log:__console] [DEBUG]- 正在执行第38条case:"标题为课件详情--学生表现列表--未查看"[0m
[32m[2021-01-04 17:06:59,487] [Log.py:67] [Log:__console] [INFO]- 【测试通过!!】执行第38条case:标题为"课件详情--学生表现列表--未查看"[0m
[36m[2021-01-04 17:06:59,850] [Log.py:69] [Log:__console] [DEBUG]- 正在执行第39条case:"标题为课件详情--报告老师列表"[0m
[32m[2021-01-04 17:06:59,850] [Log.py:67] [Log:__console] [INFO]- 【测试通过!!】执行第39条case:标题为"课件详情--报告老师列表"[0m
[36m[2021-01-04 17:07:00,097] [Log.py:69] [Log:__console] [DEBUG]- 正在执行第40条case:"标题为课件详情--习题分析"[0m
[32m[2021-01-04 17:07:00,098] [Log.py:67] [Log:__console] [INFO]- 【测试通过!!】执行第40条case:标题为"课件详情--习题分析"[0m
[36m[2021-01-04 17:07:00,422] [Log.py:69] [Log:__console] [DEBUG]- 正在执行第41条case:"标题为试卷详情--学生表现"[0m
[32m[2021-01-04 17:07:00,422] [Log.py:67] [Log:__console] [INFO]- 【测试通过!!】执行第41条case:标题为"试卷详情--学生表现"[0m
[36m[2021-01-04 17:07:00,699] [Log.py:69] [Log:__console] [DEBUG]- 正在执行第42条case:"标题为试卷详情--学生表现--完成人数"[0m
[32m[2021-01-04 17:07:00,700] [Log.py:67] [Log:__console] [INFO]- 【测试通过!!】执行第42条case:标题为"试卷详情--学生表现--完成人数"[0m
[36m[2021-01-04 17:07:00,916] [Log.py:69] [Log:__console] [DEBUG]- 正在执行第43条case:"标题为试卷详情--学生表现--未完成人数"[0m
[32m[2021-01-04 17:07:00,917] [Log.py:67] [Log:__console] [INFO]- 【测试通过!!】执行第43条case:标题为"试卷详情--学生表现--未完成人数"[0m
[36m[2021-01-04 17:07:01,146] [Log.py:69] [Log:__console] [DEBUG]- 正在执行第44条case:"标题为试卷详情--学生表现--成绩单"[0m
[32m[2021-01-04 17:07:01,147] [Log.py:67] [Log:__console] [INFO]- 【测试通过!!】执行第44条case:标题为"试卷详情--学生表现--成绩单"[0m
[36m[2021-01-04 17:07:01,326] [Log.py:69] [Log:__console] [DEBUG]- 正在执行第45条case:"标题为试卷详情--学生表现--查看试卷详情"[0m
[36m[2021-01-04 17:07:01,937] [Log.py:69] [Log:__console] [DEBUG]- 正在执行第46条case:"标题为老师发送公告"[0m
[32m[2021-01-04 17:07:01,937] [Log.py:67] [Log:__console] [INFO]- 【测试通过!!】执行第46条case:标题为"老师发送公告"[0m
