[36m[2021-02-24 17:27:33,025] [Log.py:69] [Log:__console] [DEBUG]- 正在执行第1条case:"标题为查询老师正在教学的课堂"[0m
[32m[2021-02-24 17:27:33,026] [Log.py:67] [Log:__console] [INFO]- 【测试通过!!】执行第1条case:标题为"查询老师正在教学的课堂"结束。[0m
[36m[2021-02-24 17:27:33,383] [Log.py:69] [Log:__console] [DEBUG]- 正在执行第2条case:"标题为课件-获取课件详情"[0m
[32m[2021-02-24 17:27:33,384] [Log.py:67] [Log:__console] [INFO]- 【测试通过!!】执行第2条case:标题为"课件-获取课件详情"结束。[0m
[36m[2021-02-24 17:27:33,654] [Log.py:69] [Log:__console] [DEBUG]- 正在执行第3条case:"标题为课件-获取互动课件内页详情"[0m
[32m[2021-02-24 17:27:33,655] [Log.py:67] [Log:__console] [INFO]- 【测试通过!!】执行第3条case:标题为"课件-获取互动课件内页详情"结束。[0m
[36m[2021-02-24 17:27:34,087] [Log.py:69] [Log:__console] [DEBUG]- 正在执行第4条case:"标题为试卷详情"[0m
[32m[2021-02-24 17:27:34,087] [Log.py:67] [Log:__console] [INFO]- 【测试通过!!】执行第4条case:标题为"试卷详情"结束。[0m
[36m[2021-02-24 17:27:34,325] [Log.py:69] [Log:__console] [DEBUG]- 正在执行第5条case:"标题为获取试卷中所有题型"[0m
[32m[2021-02-24 17:27:34,325] [Log.py:67] [Log:__console] [INFO]- 【测试通过!!】执行第5条case:标题为"获取试卷中所有题型"结束。[0m
[36m[2021-02-24 17:27:34,683] [Log.py:69] [Log:__console] [DEBUG]- 正在执行第6条case:"标题为获取试卷中所有习题|试卷预览"[0m
[32m[2021-02-24 17:27:34,684] [Log.py:67] [Log:__console] [INFO]- 【测试通过!!】执行第6条case:标题为"获取试卷中所有习题|试卷预览"结束。[0m
[33m[2021-02-24 17:27:34,685] [Log.py:71] [Log:__console] [WARNING]- 未执行第7条case:"标题为习题删除"未开启状态[0m
[36m[2021-02-24 17:27:35,418] [Log.py:69] [Log:__console] [DEBUG]- 正在执行第8条case:"标题为课件-试卷导出"[0m
[32m[2021-02-24 17:27:35,419] [Log.py:67] [Log:__console] [INFO]- 【测试通过!!】执行第8条case:标题为"课件-试卷导出"结束。[0m
[36m[2021-02-24 17:27:35,682] [Log.py:69] [Log:__console] [DEBUG]- 正在执行第9条case:"标题为我的-获取用户信息"[0m
[32m[2021-02-24 17:27:35,682] [Log.py:67] [Log:__console] [INFO]- 【测试通过!!】执行第9条case:标题为"我的-获取用户信息"结束。[0m
[36m[2021-02-24 17:27:35,928] [Log.py:69] [Log:__console] [DEBUG]- 正在执行第10条case:"标题为我的-获取我的错题集"[0m
[32m[2021-02-24 17:27:35,928] [Log.py:67] [Log:__console] [INFO]- 【测试通过!!】执行第10条case:标题为"我的-获取我的错题集"结束。[0m
[36m[2021-02-24 17:27:36,104] [Log.py:69] [Log:__console] [DEBUG]- 正在执行第11条case:"标题为我的-获取我的错题集"[0m
[32m[2021-02-24 17:27:36,105] [Log.py:67] [Log:__console] [INFO]- 【测试通过!!】执行第11条case:标题为"我的-获取我的错题集"结束。[0m
[36m[2021-02-24 17:27:36,357] [Log.py:69] [Log:__console] [DEBUG]- 正在执行第12条case:"标题为课程--我听的课"[0m
[32m[2021-02-24 17:27:36,358] [Log.py:67] [Log:__console] [INFO]- 【测试通过!!】执行第12条case:标题为"课程--我听的课"结束。[0m
[36m[2021-02-24 17:27:36,686] [Log.py:69] [Log:__console] [DEBUG]- 正在执行第13条case:"标题为学习日志-课堂详情"[0m
[32m[2021-02-24 17:27:36,687] [Log.py:67] [Log:__console] [INFO]- 【测试通过!!】执行第13条case:标题为"学习日志-课堂详情"结束。[0m
[36m[2021-02-24 17:27:37,433] [Log.py:69] [Log:__console] [DEBUG]- 正在执行第14条case:"标题为课堂--课堂习题统计"[0m
[32m[2021-02-24 17:27:37,434] [Log.py:67] [Log:__console] [INFO]- 【测试通过!!】执行第14条case:标题为"课堂--课堂习题统计"结束。[0m
[36m[2021-02-24 17:27:38,134] [Log.py:69] [Log:__console] [DEBUG]- 正在执行第15条case:"标题为课堂--获取课堂小测"[0m
[32m[2021-02-24 17:27:38,135] [Log.py:67] [Log:__console] [INFO]- 【测试通过!!】执行第15条case:标题为"课堂--获取课堂小测"结束。[0m
[36m[2021-02-24 17:27:38,619] [Log.py:69] [Log:__console] [DEBUG]- 正在执行第16条case:"标题为课堂--课堂互动"[0m
[32m[2021-02-24 17:27:38,620] [Log.py:67] [Log:__console] [INFO]- 【测试通过!!】执行第16条case:标题为"课堂--课堂互动"结束。[0m
[36m[2021-02-24 17:27:39,193] [Log.py:69] [Log:__console] [DEBUG]- 正在执行第17条case:"标题为课堂--课堂互动获取投稿列表"[0m
[32m[2021-02-24 17:27:39,194] [Log.py:67] [Log:__console] [INFO]- 【测试通过!!】执行第17条case:标题为"课堂--课堂互动获取投稿列表"结束。[0m
[36m[2021-02-24 17:27:39,474] [Log.py:69] [Log:__console] [DEBUG]- 正在执行第18条case:"标题为课堂--课堂互动获取点名列表"[0m
[32m[2021-02-24 17:27:39,475] [Log.py:67] [Log:__console] [INFO]- 【测试通过!!】执行第18条case:标题为"课堂--课堂互动获取点名列表"结束。[0m
[36m[2021-02-24 17:27:39,807] [Log.py:69] [Log:__console] [DEBUG]- 正在执行第19条case:"标题为课堂--获取教学内容"[0m
[32m[2021-02-24 17:27:39,807] [Log.py:67] [Log:__console] [INFO]- 【测试通过!!】执行第19条case:标题为"课堂--获取教学内容"结束。[0m
[36m[2021-02-24 17:27:39,991] [Log.py:69] [Log:__console] [DEBUG]- 正在执行第20条case:"标题为课堂--获取课堂视频"[0m
[32m[2021-02-24 17:27:39,991] [Log.py:67] [Log:__console] [INFO]- 【测试通过!!】执行第20条case:标题为"课堂--获取课堂视频"结束。[0m
[36m[2021-02-24 17:27:40,191] [Log.py:69] [Log:__console] [DEBUG]- 正在执行第21条case:"标题为课件--查看课件详情"[0m
[32m[2021-02-24 17:27:40,192] [Log.py:67] [Log:__console] [INFO]- 【测试通过!!】执行第21条case:标题为"课件--查看课件详情"结束。[0m
[36m[2021-02-24 17:27:40,456] [Log.py:69] [Log:__console] [DEBUG]- 正在执行第22条case:"标题为课件详情--习题分析--答题统计"[0m
[32m[2021-02-24 17:27:40,456] [Log.py:67] [Log:__console] [INFO]- 【测试通过!!】执行第22条case:标题为"课件详情--习题分析--答题统计"结束。[0m
[36m[2021-02-24 17:27:40,629] [Log.py:69] [Log:__console] [DEBUG]- 正在执行第23条case:"标题为学习日志--获取试卷详情"[0m
[32m[2021-02-24 17:27:40,630] [Log.py:67] [Log:__console] [INFO]- 【测试通过!!】执行第23条case:标题为"学习日志--获取试卷详情"结束。[0m
[36m[2021-02-24 17:27:40,880] [Log.py:69] [Log:__console] [DEBUG]- 正在执行第1条case:"标题为课件-添加课件"[0m
[32m[2021-02-24 17:27:40,881] [Log.py:67] [Log:__console] [INFO]- 【测试通过!!】执行第1条case:标题为"课件-添加课件"[0m
[36m[2021-02-24 17:27:41,158] [Log.py:69] [Log:__console] [DEBUG]- 正在执行第2条case:"标题为课件-添加外链"[0m
[32m[2021-02-24 17:27:41,159] [Log.py:67] [Log:__console] [INFO]- 【测试通过!!】执行第2条case:标题为"课件-添加外链"[0m
[36m[2021-02-24 17:27:41,442] [Log.py:69] [Log:__console] [DEBUG]- 正在执行第3条case:"标题为课件-复制课件"[0m
[32m[2021-02-24 17:27:41,442] [Log.py:67] [Log:__console] [INFO]- 【测试通过!!】执行第3条case:标题为"课件-复制课件"[0m
[36m[2021-02-24 17:27:41,785] [Log.py:69] [Log:__console] [DEBUG]- 正在执行第4条case:"标题为课件-获取课件列表"[0m
[32m[2021-02-24 17:27:41,785] [Log.py:67] [Log:__console] [INFO]- 【测试通过!!】执行第4条case:标题为"课件-获取课件列表"[0m
[36m[2021-02-24 17:27:42,200] [Log.py:69] [Log:__console] [DEBUG]- 正在执行第5条case:"标题为课件-创建章节目录"[0m
[32m[2021-02-24 17:27:42,201] [Log.py:67] [Log:__console] [INFO]- 【测试通过!!】执行第5条case:标题为"课件-创建章节目录"[0m
[36m[2021-02-24 17:27:42,682] [Log.py:69] [Log:__console] [DEBUG]- 正在执行第6条case:"标题为互动课件添加判断题"[0m
[32m[2021-02-24 17:27:42,683] [Log.py:67] [Log:__console] [INFO]- 【测试通过!!】执行第6条case:标题为"互动课件添加判断题"[0m
[36m[2021-02-24 17:27:43,079] [Log.py:69] [Log:__console] [DEBUG]- 正在执行第7条case:"标题为互动课件添加单选题"[0m
[32m[2021-02-24 17:27:43,080] [Log.py:67] [Log:__console] [INFO]- 【测试通过!!】执行第7条case:标题为"互动课件添加单选题"[0m
[36m[2021-02-24 17:27:43,342] [Log.py:69] [Log:__console] [DEBUG]- 正在执行第8条case:"标题为互动课件添加多选题"[0m
[32m[2021-02-24 17:27:43,343] [Log.py:67] [Log:__console] [INFO]- 【测试通过!!】执行第8条case:标题为"互动课件添加多选题"[0m
[36m[2021-02-24 17:27:43,735] [Log.py:69] [Log:__console] [DEBUG]- 正在执行第9条case:"标题为互动课件添加投票题"[0m
[32m[2021-02-24 17:27:43,736] [Log.py:67] [Log:__console] [INFO]- 【测试通过!!】执行第9条case:标题为"互动课件添加投票题"[0m
[36m[2021-02-24 17:27:44,128] [Log.py:69] [Log:__console] [DEBUG]- 正在执行第10条case:"标题为互动课件添加判断题"[0m
[32m[2021-02-24 17:27:44,129] [Log.py:67] [Log:__console] [INFO]- 【测试通过!!】执行第10条case:标题为"互动课件添加判断题"[0m
[36m[2021-02-24 17:27:44,731] [Log.py:69] [Log:__console] [DEBUG]- 正在执行第11条case:"标题为课件-发布课件到班级"[0m
[32m[2021-02-24 17:27:44,732] [Log.py:67] [Log:__console] [INFO]- 【测试通过!!】执行第11条case:标题为"课件-发布课件到班级"[0m
[33m[2021-02-24 17:27:44,733] [Log.py:71] [Log:__console] [WARNING]- 未执行第12条case:"标题为课件-添加试卷"未开启状态[0m
[36m[2021-02-24 17:27:44,915] [Log.py:69] [Log:__console] [DEBUG]- 正在执行第13条case:"标题为课件-添加试卷判断题"[0m
[32m[2021-02-24 17:27:44,915] [Log.py:67] [Log:__console] [INFO]- 【测试通过!!】执行第13条case:标题为"课件-添加试卷判断题"[0m
[36m[2021-02-24 17:27:45,065] [Log.py:69] [Log:__console] [DEBUG]- 正在执行第14条case:"标题为课件-添加试卷单选题"[0m
[32m[2021-02-24 17:27:45,065] [Log.py:67] [Log:__console] [INFO]- 【测试通过!!】执行第14条case:标题为"课件-添加试卷单选题"[0m
[36m[2021-02-24 17:27:45,247] [Log.py:69] [Log:__console] [DEBUG]- 正在执行第15条case:"标题为课件-添加试卷多选"[0m
[32m[2021-02-24 17:27:45,248] [Log.py:67] [Log:__console] [INFO]- 【测试通过!!】执行第15条case:标题为"课件-添加试卷多选"[0m
[36m[2021-02-24 17:27:45,476] [Log.py:69] [Log:__console] [DEBUG]- 正在执行第16条case:"标题为课件-添加试卷填空题"[0m
[32m[2021-02-24 17:27:45,477] [Log.py:67] [Log:__console] [INFO]- 【测试通过!!】执行第16条case:标题为"课件-添加试卷填空题"[0m
[36m[2021-02-24 17:27:45,715] [Log.py:69] [Log:__console] [DEBUG]- 正在执行第17条case:"标题为课件-添加试卷简答题"[0m
[32m[2021-02-24 17:27:45,716] [Log.py:67] [Log:__console] [INFO]- 【测试通过!!】执行第17条case:标题为"课件-添加试卷简答题"[0m
[36m[2021-02-24 17:27:46,060] [Log.py:69] [Log:__console] [DEBUG]- 正在执行第19条case:"标题为课件-添加段落说明"[0m
[32m[2021-02-24 17:27:46,061] [Log.py:67] [Log:__console] [INFO]- 【测试通过!!】执行第19条case:标题为"课件-添加段落说明"[0m
[36m[2021-02-24 17:27:46,298] [Log.py:69] [Log:__console] [DEBUG]- 正在执行第20条case:"标题为课件-发布试卷"[0m
[32m[2021-02-24 17:27:46,299] [Log.py:67] [Log:__console] [INFO]- 【测试通过!!】执行第20条case:标题为"课件-发布试卷"[0m
[36m[2021-02-24 17:27:46,638] [Log.py:69] [Log:__console] [DEBUG]- 正在执行第21条case:"标题为我的-获取我的学习记录"[0m
[32m[2021-02-24 17:27:46,639] [Log.py:67] [Log:__console] [INFO]- 【测试通过!!】执行第21条case:标题为"我的-获取我的学习记录"[0m
[36m[2021-02-24 17:27:46,989] [Log.py:69] [Log:__console] [DEBUG]- 正在执行第22条case:"标题为课程班级-置顶"[0m
[32m[2021-02-24 17:27:46,990] [Log.py:67] [Log:__console] [INFO]- 【测试通过!!】执行第22条case:标题为"课程班级-置顶"[0m
[36m[2021-02-24 17:27:47,766] [Log.py:69] [Log:__console] [DEBUG]- 正在执行第23条case:"标题为我的--编辑资料"[0m
[32m[2021-02-24 17:27:47,767] [Log.py:67] [Log:__console] [INFO]- 【测试通过!!】执行第23条case:标题为"我的--编辑资料"[0m
[36m[2021-02-24 17:27:49,072] [Log.py:69] [Log:__console] [DEBUG]- 正在执行第24条case:"标题为课程--获取教学日志"[0m
[32m[2021-02-24 17:27:49,073] [Log.py:67] [Log:__console] [INFO]- 【测试通过!!】执行第24条case:标题为"课程--获取教学日志"[0m
[36m[2021-02-24 17:27:49,519] [Log.py:69] [Log:__console] [DEBUG]- 正在执行第25条case:"标题为课程--获取话题列表"[0m
[32m[2021-02-24 17:27:49,520] [Log.py:67] [Log:__console] [INFO]- 【测试通过!!】执行第25条case:标题为"课程--获取话题列表"[0m
[36m[2021-02-24 17:27:50,466] [Log.py:69] [Log:__console] [DEBUG]- 正在执行第26条case:"标题为课程--发布话题"[0m
[32m[2021-02-24 17:27:50,466] [Log.py:67] [Log:__console] [INFO]- 【测试通过!!】执行第26条case:标题为"课程--发布话题"[0m
[36m[2021-02-24 17:27:50,694] [Log.py:69] [Log:__console] [DEBUG]- 正在执行第27条case:"标题为课程--获取班级成员"[0m
[32m[2021-02-24 17:27:50,694] [Log.py:67] [Log:__console] [INFO]- 【测试通过!!】执行第27条case:标题为"课程--获取班级成员"[0m
[36m[2021-02-24 17:27:50,942] [Log.py:69] [Log:__console] [DEBUG]- 正在执行第28条case:"标题为课堂--获取学生表现"[0m
[32m[2021-02-24 17:27:50,943] [Log.py:67] [Log:__console] [INFO]- 【测试通过!!】执行第28条case:标题为"课堂--获取学生表现"[0m
[36m[2021-02-24 17:27:51,164] [Log.py:69] [Log:__console] [DEBUG]- 正在执行第29条case:"标题为课堂--获取学生到课人数"[0m
[32m[2021-02-24 17:27:51,165] [Log.py:67] [Log:__console] [INFO]- 【测试通过!!】执行第29条case:标题为"课堂--获取学生到课人数"[0m
[36m[2021-02-24 17:27:51,434] [Log.py:69] [Log:__console] [DEBUG]- 正在执行第30条case:"标题为课堂--获取学生表现详情"[0m
[32m[2021-02-24 17:27:51,435] [Log.py:67] [Log:__console] [INFO]- 【测试通过!!】执行第30条case:标题为"课堂--获取学生表现详情"[0m
[36m[2021-02-24 17:27:51,809] [Log.py:69] [Log:__console] [DEBUG]- 正在执行第31条case:"标题为课堂--获取学生表现详情修改分数"[0m
[32m[2021-02-24 17:27:51,810] [Log.py:67] [Log:__console] [INFO]- 【测试通过!!】执行第31条case:标题为"课堂--获取学生表现详情修改分数"[0m
[36m[2021-02-24 17:27:52,137] [Log.py:69] [Log:__console] [DEBUG]- 正在执行第32条case:"标题为课堂--获取学生主观题为批改数量"[0m
[32m[2021-02-24 17:27:52,137] [Log.py:67] [Log:__console] [INFO]- 【测试通过!!】执行第32条case:标题为"课堂--获取学生主观题为批改数量"[0m
[36m[2021-02-24 17:27:52,928] [Log.py:69] [Log:__console] [DEBUG]- 正在执行第33条case:"标题为课堂--课堂习题答题统计"[0m
[32m[2021-02-24 17:27:52,929] [Log.py:67] [Log:__console] [INFO]- 【测试通过!!】执行第33条case:标题为"课堂--课堂习题答题统计"[0m
[36m[2021-02-24 17:27:53,223] [Log.py:69] [Log:__console] [DEBUG]- 正在执行第34条case:"标题为教学日志--获取课件列表"[0m
[32m[2021-02-24 17:27:53,224] [Log.py:67] [Log:__console] [INFO]- 【测试通过!!】执行第34条case:标题为"教学日志--获取课件列表"[0m
[36m[2021-02-24 17:27:53,710] [Log.py:69] [Log:__console] [DEBUG]- 正在执行第35条case:"标题为课件详情--学生表现列表"[0m
[32m[2021-02-24 17:27:53,711] [Log.py:67] [Log:__console] [INFO]- 【测试通过!!】执行第35条case:标题为"课件详情--学生表现列表"[0m
[36m[2021-02-24 17:27:54,204] [Log.py:69] [Log:__console] [DEBUG]- 正在执行第36条case:"标题为课件详情--学生表现列表--已完成"[0m
[32m[2021-02-24 17:27:54,204] [Log.py:67] [Log:__console] [INFO]- 【测试通过!!】执行第36条case:标题为"课件详情--学生表现列表--已完成"[0m
[36m[2021-02-24 17:27:54,493] [Log.py:69] [Log:__console] [DEBUG]- 正在执行第37条case:"标题为课件详情--学生表现列表--未完成"[0m
[32m[2021-02-24 17:27:54,494] [Log.py:67] [Log:__console] [INFO]- 【测试通过!!】执行第37条case:标题为"课件详情--学生表现列表--未完成"[0m
[36m[2021-02-24 17:27:54,699] [Log.py:69] [Log:__console] [DEBUG]- 正在执行第38条case:"标题为课件详情--学生表现列表--未查看"[0m
[32m[2021-02-24 17:27:54,700] [Log.py:67] [Log:__console] [INFO]- 【测试通过!!】执行第38条case:标题为"课件详情--学生表现列表--未查看"[0m
[36m[2021-02-24 17:27:55,016] [Log.py:69] [Log:__console] [DEBUG]- 正在执行第39条case:"标题为课件详情--报告老师列表"[0m
[32m[2021-02-24 17:27:55,017] [Log.py:67] [Log:__console] [INFO]- 【测试通过!!】执行第39条case:标题为"课件详情--报告老师列表"[0m
[36m[2021-02-24 17:27:55,509] [Log.py:69] [Log:__console] [DEBUG]- 正在执行第40条case:"标题为课件详情--习题分析"[0m
[32m[2021-02-24 17:27:55,510] [Log.py:67] [Log:__console] [INFO]- 【测试通过!!】执行第40条case:标题为"课件详情--习题分析"[0m
[36m[2021-02-24 17:27:55,896] [Log.py:69] [Log:__console] [DEBUG]- 正在执行第41条case:"标题为试卷详情--学生表现"[0m
[32m[2021-02-24 17:27:55,896] [Log.py:67] [Log:__console] [INFO]- 【测试通过!!】执行第41条case:标题为"试卷详情--学生表现"[0m
[36m[2021-02-24 17:27:56,484] [Log.py:69] [Log:__console] [DEBUG]- 正在执行第42条case:"标题为试卷详情--学生表现--完成人数"[0m
[32m[2021-02-24 17:27:56,485] [Log.py:67] [Log:__console] [INFO]- 【测试通过!!】执行第42条case:标题为"试卷详情--学生表现--完成人数"[0m
[36m[2021-02-24 17:27:56,817] [Log.py:69] [Log:__console] [DEBUG]- 正在执行第43条case:"标题为试卷详情--学生表现--未完成人数"[0m
[32m[2021-02-24 17:27:56,818] [Log.py:67] [Log:__console] [INFO]- 【测试通过!!】执行第43条case:标题为"试卷详情--学生表现--未完成人数"[0m
[36m[2021-02-24 17:27:57,000] [Log.py:69] [Log:__console] [DEBUG]- 正在执行第44条case:"标题为试卷详情--学生表现--成绩单"[0m
[32m[2021-02-24 17:27:57,002] [Log.py:67] [Log:__console] [INFO]- 【测试通过!!】执行第44条case:标题为"试卷详情--学生表现--成绩单"[0m
[36m[2021-02-24 17:27:57,286] [Log.py:69] [Log:__console] [DEBUG]- 正在执行第45条case:"标题为试卷详情--学生表现--查看试卷详情"[0m
[32m[2021-02-24 17:27:57,287] [Log.py:67] [Log:__console] [INFO]- 【测试通过!!】执行第45条case:标题为"试卷详情--学生表现--查看试卷详情"[0m
[36m[2021-02-24 17:27:59,807] [Log.py:69] [Log:__console] [DEBUG]- 正在执行第46条case:"标题为老师发送公告"[0m
[32m[2021-02-24 17:27:59,807] [Log.py:67] [Log:__console] [INFO]- 【测试通过!!】执行第46条case:标题为"老师发送公告"[0m
