[36m[2021-01-20 18:08:06,252] [Log.py:69] [Log:__console] [DEBUG]- 正在执行第1条case:"标题为查询老师正在教学的课堂"[0m
[32m[2021-01-20 18:08:06,253] [Log.py:67] [Log:__console] [INFO]- 【测试通过!!】执行第1条case:标题为"查询老师正在教学的课堂"结束。[0m
[36m[2021-01-20 18:08:06,600] [Log.py:69] [Log:__console] [DEBUG]- 正在执行第2条case:"标题为课件-获取课件详情"[0m
[32m[2021-01-20 18:08:06,600] [Log.py:67] [Log:__console] [INFO]- 【测试通过!!】执行第2条case:标题为"课件-获取课件详情"结束。[0m
[36m[2021-01-20 18:08:06,891] [Log.py:69] [Log:__console] [DEBUG]- 正在执行第3条case:"标题为课件-获取互动课件内页详情"[0m
[32m[2021-01-20 18:08:06,891] [Log.py:67] [Log:__console] [INFO]- 【测试通过!!】执行第3条case:标题为"课件-获取互动课件内页详情"结束。[0m
[36m[2021-01-20 18:08:07,305] [Log.py:69] [Log:__console] [DEBUG]- 正在执行第4条case:"标题为试卷详情"[0m
[32m[2021-01-20 18:08:07,306] [Log.py:67] [Log:__console] [INFO]- 【测试通过!!】执行第4条case:标题为"试卷详情"结束。[0m
[36m[2021-01-20 18:08:08,262] [Log.py:69] [Log:__console] [DEBUG]- 正在执行第5条case:"标题为获取试卷中所有题型"[0m
[32m[2021-01-20 18:08:08,263] [Log.py:67] [Log:__console] [INFO]- 【测试通过!!】执行第5条case:标题为"获取试卷中所有题型"结束。[0m
[36m[2021-01-20 18:08:08,571] [Log.py:69] [Log:__console] [DEBUG]- 正在执行第6条case:"标题为获取试卷中所有习题|试卷预览"[0m
[32m[2021-01-20 18:08:08,572] [Log.py:67] [Log:__console] [INFO]- 【测试通过!!】执行第6条case:标题为"获取试卷中所有习题|试卷预览"结束。[0m
[33m[2021-01-20 18:08:08,573] [Log.py:71] [Log:__console] [WARNING]- 未执行第7条case:"标题为习题删除"未开启状态[0m
[36m[2021-01-20 18:08:09,128] [Log.py:69] [Log:__console] [DEBUG]- 正在执行第8条case:"标题为课件-试卷导出"[0m
[32m[2021-01-20 18:08:09,129] [Log.py:67] [Log:__console] [INFO]- 【测试通过!!】执行第8条case:标题为"课件-试卷导出"结束。[0m
[36m[2021-01-20 18:08:09,981] [Log.py:69] [Log:__console] [DEBUG]- 正在执行第9条case:"标题为我的-获取用户信息"[0m
[32m[2021-01-20 18:08:09,982] [Log.py:67] [Log:__console] [INFO]- 【测试通过!!】执行第9条case:标题为"我的-获取用户信息"结束。[0m
[36m[2021-01-20 18:08:10,932] [Log.py:69] [Log:__console] [DEBUG]- 正在执行第10条case:"标题为我的-获取我的错题集"[0m
[32m[2021-01-20 18:08:10,933] [Log.py:67] [Log:__console] [INFO]- 【测试通过!!】执行第10条case:标题为"我的-获取我的错题集"结束。[0m
[36m[2021-01-20 18:08:11,235] [Log.py:69] [Log:__console] [DEBUG]- 正在执行第11条case:"标题为我的-获取我的错题集"[0m
[32m[2021-01-20 18:08:11,236] [Log.py:67] [Log:__console] [INFO]- 【测试通过!!】执行第11条case:标题为"我的-获取我的错题集"结束。[0m
[36m[2021-01-20 18:08:11,922] [Log.py:69] [Log:__console] [DEBUG]- 正在执行第12条case:"标题为课程--我听的课"[0m
[32m[2021-01-20 18:08:11,923] [Log.py:67] [Log:__console] [INFO]- 【测试通过!!】执行第12条case:标题为"课程--我听的课"结束。[0m
[36m[2021-01-20 18:08:12,320] [Log.py:69] [Log:__console] [DEBUG]- 正在执行第13条case:"标题为学习日志-课堂详情"[0m
[32m[2021-01-20 18:08:12,321] [Log.py:67] [Log:__console] [INFO]- 【测试通过!!】执行第13条case:标题为"学习日志-课堂详情"结束。[0m
[36m[2021-01-20 18:08:13,326] [Log.py:69] [Log:__console] [DEBUG]- 正在执行第14条case:"标题为课堂--课堂习题统计"[0m
[32m[2021-01-20 18:08:13,326] [Log.py:67] [Log:__console] [INFO]- 【测试通过!!】执行第14条case:标题为"课堂--课堂习题统计"结束。[0m
[36m[2021-01-20 18:08:13,546] [Log.py:69] [Log:__console] [DEBUG]- 正在执行第15条case:"标题为课堂--获取课堂小测"[0m
[32m[2021-01-20 18:08:13,547] [Log.py:67] [Log:__console] [INFO]- 【测试通过!!】执行第15条case:标题为"课堂--获取课堂小测"结束。[0m
[36m[2021-01-20 18:08:14,062] [Log.py:69] [Log:__console] [DEBUG]- 正在执行第16条case:"标题为课堂--课堂互动"[0m
[32m[2021-01-20 18:08:14,063] [Log.py:67] [Log:__console] [INFO]- 【测试通过!!】执行第16条case:标题为"课堂--课堂互动"结束。[0m
[36m[2021-01-20 18:08:14,515] [Log.py:69] [Log:__console] [DEBUG]- 正在执行第17条case:"标题为课堂--课堂互动获取投稿列表"[0m
[32m[2021-01-20 18:08:14,515] [Log.py:67] [Log:__console] [INFO]- 【测试通过!!】执行第17条case:标题为"课堂--课堂互动获取投稿列表"结束。[0m
[36m[2021-01-20 18:08:15,123] [Log.py:69] [Log:__console] [DEBUG]- 正在执行第18条case:"标题为课堂--课堂互动获取点名列表"[0m
[32m[2021-01-20 18:08:15,123] [Log.py:67] [Log:__console] [INFO]- 【测试通过!!】执行第18条case:标题为"课堂--课堂互动获取点名列表"结束。[0m
[36m[2021-01-20 18:08:15,371] [Log.py:69] [Log:__console] [DEBUG]- 正在执行第19条case:"标题为课堂--获取教学内容"[0m
[32m[2021-01-20 18:08:15,372] [Log.py:67] [Log:__console] [INFO]- 【测试通过!!】执行第19条case:标题为"课堂--获取教学内容"结束。[0m
[36m[2021-01-20 18:08:15,568] [Log.py:69] [Log:__console] [DEBUG]- 正在执行第20条case:"标题为课堂--获取课堂视频"[0m
[32m[2021-01-20 18:08:15,569] [Log.py:67] [Log:__console] [INFO]- 【测试通过!!】执行第20条case:标题为"课堂--获取课堂视频"结束。[0m
[36m[2021-01-20 18:08:15,838] [Log.py:69] [Log:__console] [DEBUG]- 正在执行第21条case:"标题为课件--查看课件详情"[0m
[32m[2021-01-20 18:08:15,838] [Log.py:67] [Log:__console] [INFO]- 【测试通过!!】执行第21条case:标题为"课件--查看课件详情"结束。[0m
[36m[2021-01-20 18:08:16,106] [Log.py:69] [Log:__console] [DEBUG]- 正在执行第22条case:"标题为课件详情--习题分析--答题统计"[0m
[32m[2021-01-20 18:08:16,107] [Log.py:67] [Log:__console] [INFO]- 【测试通过!!】执行第22条case:标题为"课件详情--习题分析--答题统计"结束。[0m
[36m[2021-01-20 18:08:16,341] [Log.py:69] [Log:__console] [DEBUG]- 正在执行第23条case:"标题为学习日志--获取试卷详情"[0m
[32m[2021-01-20 18:08:16,341] [Log.py:67] [Log:__console] [INFO]- 【测试通过!!】执行第23条case:标题为"学习日志--获取试卷详情"结束。[0m
[36m[2021-01-20 18:08:16,505] [Log.py:69] [Log:__console] [DEBUG]- 正在执行第1条case:"标题为课件-添加课件"[0m
[32m[2021-01-20 18:08:16,506] [Log.py:67] [Log:__console] [INFO]- 【测试通过!!】执行第1条case:标题为"课件-添加课件"[0m
[36m[2021-01-20 18:08:16,988] [Log.py:69] [Log:__console] [DEBUG]- 正在执行第2条case:"标题为课件-添加外链"[0m
[32m[2021-01-20 18:08:16,989] [Log.py:67] [Log:__console] [INFO]- 【测试通过!!】执行第2条case:标题为"课件-添加外链"[0m
[36m[2021-01-20 18:08:17,547] [Log.py:69] [Log:__console] [DEBUG]- 正在执行第3条case:"标题为课件-复制课件"[0m
[32m[2021-01-20 18:08:17,548] [Log.py:67] [Log:__console] [INFO]- 【测试通过!!】执行第3条case:标题为"课件-复制课件"[0m
[36m[2021-01-20 18:08:18,028] [Log.py:69] [Log:__console] [DEBUG]- 正在执行第4条case:"标题为课件-获取课件列表"[0m
[32m[2021-01-20 18:08:18,029] [Log.py:67] [Log:__console] [INFO]- 【测试通过!!】执行第4条case:标题为"课件-获取课件列表"[0m
[36m[2021-01-20 18:08:18,630] [Log.py:69] [Log:__console] [DEBUG]- 正在执行第5条case:"标题为课件-创建章节目录"[0m
[32m[2021-01-20 18:08:18,631] [Log.py:67] [Log:__console] [INFO]- 【测试通过!!】执行第5条case:标题为"课件-创建章节目录"[0m
[36m[2021-01-20 18:08:18,854] [Log.py:69] [Log:__console] [DEBUG]- 正在执行第6条case:"标题为互动课件添加判断题"[0m
[32m[2021-01-20 18:08:18,855] [Log.py:67] [Log:__console] [INFO]- 【测试通过!!】执行第6条case:标题为"互动课件添加判断题"[0m
[36m[2021-01-20 18:08:19,170] [Log.py:69] [Log:__console] [DEBUG]- 正在执行第7条case:"标题为互动课件添加单选题"[0m
[32m[2021-01-20 18:08:19,171] [Log.py:67] [Log:__console] [INFO]- 【测试通过!!】执行第7条case:标题为"互动课件添加单选题"[0m
[36m[2021-01-20 18:08:19,572] [Log.py:69] [Log:__console] [DEBUG]- 正在执行第8条case:"标题为互动课件添加多选题"[0m
[32m[2021-01-20 18:08:19,573] [Log.py:67] [Log:__console] [INFO]- 【测试通过!!】执行第8条case:标题为"互动课件添加多选题"[0m
[36m[2021-01-20 18:08:20,131] [Log.py:69] [Log:__console] [DEBUG]- 正在执行第9条case:"标题为互动课件添加投票题"[0m
[32m[2021-01-20 18:08:20,132] [Log.py:67] [Log:__console] [INFO]- 【测试通过!!】执行第9条case:标题为"互动课件添加投票题"[0m
[36m[2021-01-20 18:08:20,387] [Log.py:69] [Log:__console] [DEBUG]- 正在执行第10条case:"标题为互动课件添加判断题"[0m
[32m[2021-01-20 18:08:20,387] [Log.py:67] [Log:__console] [INFO]- 【测试通过!!】执行第10条case:标题为"互动课件添加判断题"[0m
[36m[2021-01-20 18:08:20,932] [Log.py:69] [Log:__console] [DEBUG]- 正在执行第11条case:"标题为课件-发布课件到班级"[0m
[32m[2021-01-20 18:08:20,933] [Log.py:67] [Log:__console] [INFO]- 【测试通过!!】执行第11条case:标题为"课件-发布课件到班级"[0m
[33m[2021-01-20 18:08:20,934] [Log.py:71] [Log:__console] [WARNING]- 未执行第12条case:"标题为课件-添加试卷"未开启状态[0m
[36m[2021-01-20 18:08:21,147] [Log.py:69] [Log:__console] [DEBUG]- 正在执行第13条case:"标题为课件-添加试卷判断题"[0m
[32m[2021-01-20 18:08:21,148] [Log.py:67] [Log:__console] [INFO]- 【测试通过!!】执行第13条case:标题为"课件-添加试卷判断题"[0m
[36m[2021-01-20 18:08:21,669] [Log.py:69] [Log:__console] [DEBUG]- 正在执行第14条case:"标题为课件-添加试卷单选题"[0m
[32m[2021-01-20 18:08:21,669] [Log.py:67] [Log:__console] [INFO]- 【测试通过!!】执行第14条case:标题为"课件-添加试卷单选题"[0m
[36m[2021-01-20 18:08:22,457] [Log.py:69] [Log:__console] [DEBUG]- 正在执行第15条case:"标题为课件-添加试卷多选"[0m
[32m[2021-01-20 18:08:22,457] [Log.py:67] [Log:__console] [INFO]- 【测试通过!!】执行第15条case:标题为"课件-添加试卷多选"[0m
[36m[2021-01-20 18:08:22,716] [Log.py:69] [Log:__console] [DEBUG]- 正在执行第16条case:"标题为课件-添加试卷填空题"[0m
[32m[2021-01-20 18:08:22,717] [Log.py:67] [Log:__console] [INFO]- 【测试通过!!】执行第16条case:标题为"课件-添加试卷填空题"[0m
[36m[2021-01-20 18:08:22,949] [Log.py:69] [Log:__console] [DEBUG]- 正在执行第17条case:"标题为课件-添加试卷简答题"[0m
[32m[2021-01-20 18:08:22,950] [Log.py:67] [Log:__console] [INFO]- 【测试通过!!】执行第17条case:标题为"课件-添加试卷简答题"[0m
[36m[2021-01-20 18:08:23,514] [Log.py:69] [Log:__console] [DEBUG]- 正在执行第19条case:"标题为课件-添加段落说明"[0m
[32m[2021-01-20 18:08:23,515] [Log.py:67] [Log:__console] [INFO]- 【测试通过!!】执行第19条case:标题为"课件-添加段落说明"[0m
[36m[2021-01-20 18:08:24,211] [Log.py:69] [Log:__console] [DEBUG]- 正在执行第20条case:"标题为课件-发布试卷"[0m
[32m[2021-01-20 18:08:24,212] [Log.py:67] [Log:__console] [INFO]- 【测试通过!!】执行第20条case:标题为"课件-发布试卷"[0m
[36m[2021-01-20 18:08:24,502] [Log.py:69] [Log:__console] [DEBUG]- 正在执行第21条case:"标题为我的-获取我的学习记录"[0m
[32m[2021-01-20 18:08:24,502] [Log.py:67] [Log:__console] [INFO]- 【测试通过!!】执行第21条case:标题为"我的-获取我的学习记录"[0m
[36m[2021-01-20 18:08:24,726] [Log.py:69] [Log:__console] [DEBUG]- 正在执行第22条case:"标题为课程班级-置顶"[0m
[32m[2021-01-20 18:08:24,727] [Log.py:67] [Log:__console] [INFO]- 【测试通过!!】执行第22条case:标题为"课程班级-置顶"[0m
[36m[2021-01-20 18:08:25,644] [Log.py:69] [Log:__console] [DEBUG]- 正在执行第23条case:"标题为我的--编辑资料"[0m
[32m[2021-01-20 18:08:25,644] [Log.py:67] [Log:__console] [INFO]- 【测试通过!!】执行第23条case:标题为"我的--编辑资料"[0m
[36m[2021-01-20 18:08:26,107] [Log.py:69] [Log:__console] [DEBUG]- 正在执行第24条case:"标题为课程--获取教学日志"[0m
[32m[2021-01-20 18:08:26,108] [Log.py:67] [Log:__console] [INFO]- 【测试通过!!】执行第24条case:标题为"课程--获取教学日志"[0m
[36m[2021-01-20 18:08:26,446] [Log.py:69] [Log:__console] [DEBUG]- 正在执行第25条case:"标题为课程--获取话题列表"[0m
[32m[2021-01-20 18:08:26,447] [Log.py:67] [Log:__console] [INFO]- 【测试通过!!】执行第25条case:标题为"课程--获取话题列表"[0m
[36m[2021-01-20 18:08:27,385] [Log.py:69] [Log:__console] [DEBUG]- 正在执行第26条case:"标题为课程--发布话题"[0m
[32m[2021-01-20 18:08:27,386] [Log.py:67] [Log:__console] [INFO]- 【测试通过!!】执行第26条case:标题为"课程--发布话题"[0m
[36m[2021-01-20 18:08:27,624] [Log.py:69] [Log:__console] [DEBUG]- 正在执行第27条case:"标题为课程--获取班级成员"[0m
[32m[2021-01-20 18:08:27,624] [Log.py:67] [Log:__console] [INFO]- 【测试通过!!】执行第27条case:标题为"课程--获取班级成员"[0m
[36m[2021-01-20 18:08:28,201] [Log.py:69] [Log:__console] [DEBUG]- 正在执行第28条case:"标题为课堂--获取学生表现"[0m
[32m[2021-01-20 18:08:28,202] [Log.py:67] [Log:__console] [INFO]- 【测试通过!!】执行第28条case:标题为"课堂--获取学生表现"[0m
[36m[2021-01-20 18:08:28,774] [Log.py:69] [Log:__console] [DEBUG]- 正在执行第29条case:"标题为课堂--获取学生到课人数"[0m
[32m[2021-01-20 18:08:28,774] [Log.py:67] [Log:__console] [INFO]- 【测试通过!!】执行第29条case:标题为"课堂--获取学生到课人数"[0m
[36m[2021-01-20 18:08:29,740] [Log.py:69] [Log:__console] [DEBUG]- 正在执行第30条case:"标题为课堂--获取学生表现详情"[0m
[32m[2021-01-20 18:08:29,741] [Log.py:67] [Log:__console] [INFO]- 【测试通过!!】执行第30条case:标题为"课堂--获取学生表现详情"[0m
[36m[2021-01-20 18:08:30,095] [Log.py:69] [Log:__console] [DEBUG]- 正在执行第31条case:"标题为课堂--获取学生表现详情修改分数"[0m
[32m[2021-01-20 18:08:30,095] [Log.py:67] [Log:__console] [INFO]- 【测试通过!!】执行第31条case:标题为"课堂--获取学生表现详情修改分数"[0m
[36m[2021-01-20 18:08:30,749] [Log.py:69] [Log:__console] [DEBUG]- 正在执行第32条case:"标题为课堂--获取学生主观题为批改数量"[0m
[32m[2021-01-20 18:08:30,749] [Log.py:67] [Log:__console] [INFO]- 【测试通过!!】执行第32条case:标题为"课堂--获取学生主观题为批改数量"[0m
[36m[2021-01-20 18:08:31,892] [Log.py:69] [Log:__console] [DEBUG]- 正在执行第33条case:"标题为课堂--课堂习题答题统计"[0m
[32m[2021-01-20 18:08:31,893] [Log.py:67] [Log:__console] [INFO]- 【测试通过!!】执行第33条case:标题为"课堂--课堂习题答题统计"[0m
[36m[2021-01-20 18:08:32,442] [Log.py:69] [Log:__console] [DEBUG]- 正在执行第34条case:"标题为教学日志--获取课件列表"[0m
[32m[2021-01-20 18:08:32,443] [Log.py:67] [Log:__console] [INFO]- 【测试通过!!】执行第34条case:标题为"教学日志--获取课件列表"[0m
[36m[2021-01-20 18:08:33,378] [Log.py:69] [Log:__console] [DEBUG]- 正在执行第35条case:"标题为课件详情--学生表现列表"[0m
[32m[2021-01-20 18:08:33,379] [Log.py:67] [Log:__console] [INFO]- 【测试通过!!】执行第35条case:标题为"课件详情--学生表现列表"[0m
[36m[2021-01-20 18:08:34,114] [Log.py:69] [Log:__console] [DEBUG]- 正在执行第36条case:"标题为课件详情--学生表现列表--已完成"[0m
[32m[2021-01-20 18:08:34,115] [Log.py:67] [Log:__console] [INFO]- 【测试通过!!】执行第36条case:标题为"课件详情--学生表现列表--已完成"[0m
[36m[2021-01-20 18:08:34,372] [Log.py:69] [Log:__console] [DEBUG]- 正在执行第37条case:"标题为课件详情--学生表现列表--未完成"[0m
[32m[2021-01-20 18:08:34,373] [Log.py:67] [Log:__console] [INFO]- 【测试通过!!】执行第37条case:标题为"课件详情--学生表现列表--未完成"[0m
[36m[2021-01-20 18:08:34,864] [Log.py:69] [Log:__console] [DEBUG]- 正在执行第38条case:"标题为课件详情--学生表现列表--未查看"[0m
[32m[2021-01-20 18:08:34,865] [Log.py:67] [Log:__console] [INFO]- 【测试通过!!】执行第38条case:标题为"课件详情--学生表现列表--未查看"[0m
[36m[2021-01-20 18:08:35,320] [Log.py:69] [Log:__console] [DEBUG]- 正在执行第39条case:"标题为课件详情--报告老师列表"[0m
[32m[2021-01-20 18:08:35,321] [Log.py:67] [Log:__console] [INFO]- 【测试通过!!】执行第39条case:标题为"课件详情--报告老师列表"[0m
[36m[2021-01-20 18:08:35,772] [Log.py:69] [Log:__console] [DEBUG]- 正在执行第40条case:"标题为课件详情--习题分析"[0m
[32m[2021-01-20 18:08:35,773] [Log.py:67] [Log:__console] [INFO]- 【测试通过!!】执行第40条case:标题为"课件详情--习题分析"[0m
[36m[2021-01-20 18:08:36,301] [Log.py:69] [Log:__console] [DEBUG]- 正在执行第41条case:"标题为试卷详情--学生表现"[0m
[32m[2021-01-20 18:08:36,301] [Log.py:67] [Log:__console] [INFO]- 【测试通过!!】执行第41条case:标题为"试卷详情--学生表现"[0m
[36m[2021-01-20 18:08:36,630] [Log.py:69] [Log:__console] [DEBUG]- 正在执行第42条case:"标题为试卷详情--学生表现--完成人数"[0m
[32m[2021-01-20 18:08:36,631] [Log.py:67] [Log:__console] [INFO]- 【测试通过!!】执行第42条case:标题为"试卷详情--学生表现--完成人数"[0m
[36m[2021-01-20 18:08:37,114] [Log.py:69] [Log:__console] [DEBUG]- 正在执行第43条case:"标题为试卷详情--学生表现--未完成人数"[0m
[32m[2021-01-20 18:08:37,115] [Log.py:67] [Log:__console] [INFO]- 【测试通过!!】执行第43条case:标题为"试卷详情--学生表现--未完成人数"[0m
[36m[2021-01-20 18:08:37,456] [Log.py:69] [Log:__console] [DEBUG]- 正在执行第44条case:"标题为试卷详情--学生表现--成绩单"[0m
[32m[2021-01-20 18:08:37,457] [Log.py:67] [Log:__console] [INFO]- 【测试通过!!】执行第44条case:标题为"试卷详情--学生表现--成绩单"[0m
[36m[2021-01-20 18:08:38,245] [Log.py:69] [Log:__console] [DEBUG]- 正在执行第45条case:"标题为试卷详情--学生表现--查看试卷详情"[0m
[32m[2021-01-20 18:08:38,245] [Log.py:67] [Log:__console] [INFO]- 【测试通过!!】执行第45条case:标题为"试卷详情--学生表现--查看试卷详情"[0m
[36m[2021-01-20 18:08:38,751] [Log.py:69] [Log:__console] [DEBUG]- 正在执行第46条case:"标题为老师发送公告"[0m
[32m[2021-01-20 18:08:38,752] [Log.py:67] [Log:__console] [INFO]- 【测试通过!!】执行第46条case:标题为"老师发送公告"[0m
