[36m[2021-01-28 19:51:00,441] [Log.py:69] [Log:__console] [DEBUG]- 正在执行第1条case:"标题为查询老师正在教学的课堂"[0m
[32m[2021-01-28 19:51:00,443] [Log.py:67] [Log:__console] [INFO]- 【测试通过!!】执行第1条case:标题为"查询老师正在教学的课堂"结束。[0m
[36m[2021-01-28 19:51:00,654] [Log.py:69] [Log:__console] [DEBUG]- 正在执行第2条case:"标题为课件-获取课件详情"[0m
[32m[2021-01-28 19:51:00,655] [Log.py:67] [Log:__console] [INFO]- 【测试通过!!】执行第2条case:标题为"课件-获取课件详情"结束。[0m
[36m[2021-01-28 19:51:00,815] [Log.py:69] [Log:__console] [DEBUG]- 正在执行第3条case:"标题为课件-获取互动课件内页详情"[0m
[32m[2021-01-28 19:51:00,816] [Log.py:67] [Log:__console] [INFO]- 【测试通过!!】执行第3条case:标题为"课件-获取互动课件内页详情"结束。[0m
[36m[2021-01-28 19:51:00,978] [Log.py:69] [Log:__console] [DEBUG]- 正在执行第4条case:"标题为试卷详情"[0m
[32m[2021-01-28 19:51:00,979] [Log.py:67] [Log:__console] [INFO]- 【测试通过!!】执行第4条case:标题为"试卷详情"结束。[0m
[36m[2021-01-28 19:51:01,123] [Log.py:69] [Log:__console] [DEBUG]- 正在执行第5条case:"标题为获取试卷中所有题型"[0m
[32m[2021-01-28 19:51:01,124] [Log.py:67] [Log:__console] [INFO]- 【测试通过!!】执行第5条case:标题为"获取试卷中所有题型"结束。[0m
[36m[2021-01-28 19:51:01,285] [Log.py:69] [Log:__console] [DEBUG]- 正在执行第6条case:"标题为获取试卷中所有习题|试卷预览"[0m
[32m[2021-01-28 19:51:01,285] [Log.py:67] [Log:__console] [INFO]- 【测试通过!!】执行第6条case:标题为"获取试卷中所有习题|试卷预览"结束。[0m
[33m[2021-01-28 19:51:01,287] [Log.py:71] [Log:__console] [WARNING]- 未执行第7条case:"标题为习题删除"未开启状态[0m
[36m[2021-01-28 19:51:01,459] [Log.py:69] [Log:__console] [DEBUG]- 正在执行第8条case:"标题为课件-试卷导出"[0m
[32m[2021-01-28 19:51:01,460] [Log.py:67] [Log:__console] [INFO]- 【测试通过!!】执行第8条case:标题为"课件-试卷导出"结束。[0m
[36m[2021-01-28 19:51:01,643] [Log.py:69] [Log:__console] [DEBUG]- 正在执行第9条case:"标题为我的-获取用户信息"[0m
[32m[2021-01-28 19:51:01,643] [Log.py:67] [Log:__console] [INFO]- 【测试通过!!】执行第9条case:标题为"我的-获取用户信息"结束。[0m
[36m[2021-01-28 19:51:01,818] [Log.py:69] [Log:__console] [DEBUG]- 正在执行第10条case:"标题为我的-获取我的错题集"[0m
[32m[2021-01-28 19:51:01,819] [Log.py:67] [Log:__console] [INFO]- 【测试通过!!】执行第10条case:标题为"我的-获取我的错题集"结束。[0m
[36m[2021-01-28 19:51:01,968] [Log.py:69] [Log:__console] [DEBUG]- 正在执行第11条case:"标题为我的-获取我的错题集"[0m
[32m[2021-01-28 19:51:01,968] [Log.py:67] [Log:__console] [INFO]- 【测试通过!!】执行第11条case:标题为"我的-获取我的错题集"结束。[0m
[36m[2021-01-28 19:51:02,127] [Log.py:69] [Log:__console] [DEBUG]- 正在执行第12条case:"标题为课程--我听的课"[0m
[32m[2021-01-28 19:51:02,128] [Log.py:67] [Log:__console] [INFO]- 【测试通过!!】执行第12条case:标题为"课程--我听的课"结束。[0m
[36m[2021-01-28 19:51:02,282] [Log.py:69] [Log:__console] [DEBUG]- 正在执行第13条case:"标题为学习日志-课堂详情"[0m
[32m[2021-01-28 19:51:02,283] [Log.py:67] [Log:__console] [INFO]- 【测试通过!!】执行第13条case:标题为"学习日志-课堂详情"结束。[0m
[36m[2021-01-28 19:51:02,453] [Log.py:69] [Log:__console] [DEBUG]- 正在执行第14条case:"标题为课堂--课堂习题统计"[0m
[32m[2021-01-28 19:51:02,454] [Log.py:67] [Log:__console] [INFO]- 【测试通过!!】执行第14条case:标题为"课堂--课堂习题统计"结束。[0m
[36m[2021-01-28 19:51:02,625] [Log.py:69] [Log:__console] [DEBUG]- 正在执行第15条case:"标题为课堂--获取课堂小测"[0m
[32m[2021-01-28 19:51:02,626] [Log.py:67] [Log:__console] [INFO]- 【测试通过!!】执行第15条case:标题为"课堂--获取课堂小测"结束。[0m
[36m[2021-01-28 19:51:02,809] [Log.py:69] [Log:__console] [DEBUG]- 正在执行第16条case:"标题为课堂--课堂互动"[0m
[32m[2021-01-28 19:51:02,810] [Log.py:67] [Log:__console] [INFO]- 【测试通过!!】执行第16条case:标题为"课堂--课堂互动"结束。[0m
[36m[2021-01-28 19:51:02,989] [Log.py:69] [Log:__console] [DEBUG]- 正在执行第17条case:"标题为课堂--课堂互动获取投稿列表"[0m
[32m[2021-01-28 19:51:02,990] [Log.py:67] [Log:__console] [INFO]- 【测试通过!!】执行第17条case:标题为"课堂--课堂互动获取投稿列表"结束。[0m
[36m[2021-01-28 19:51:03,141] [Log.py:69] [Log:__console] [DEBUG]- 正在执行第18条case:"标题为课堂--课堂互动获取点名列表"[0m
[32m[2021-01-28 19:51:03,141] [Log.py:67] [Log:__console] [INFO]- 【测试通过!!】执行第18条case:标题为"课堂--课堂互动获取点名列表"结束。[0m
[36m[2021-01-28 19:51:03,362] [Log.py:69] [Log:__console] [DEBUG]- 正在执行第19条case:"标题为课堂--获取教学内容"[0m
[32m[2021-01-28 19:51:03,363] [Log.py:67] [Log:__console] [INFO]- 【测试通过!!】执行第19条case:标题为"课堂--获取教学内容"结束。[0m
[36m[2021-01-28 19:51:03,498] [Log.py:69] [Log:__console] [DEBUG]- 正在执行第20条case:"标题为课堂--获取课堂视频"[0m
[32m[2021-01-28 19:51:03,499] [Log.py:67] [Log:__console] [INFO]- 【测试通过!!】执行第20条case:标题为"课堂--获取课堂视频"结束。[0m
[36m[2021-01-28 19:51:03,675] [Log.py:69] [Log:__console] [DEBUG]- 正在执行第21条case:"标题为课件--查看课件详情"[0m
[32m[2021-01-28 19:51:03,676] [Log.py:67] [Log:__console] [INFO]- 【测试通过!!】执行第21条case:标题为"课件--查看课件详情"结束。[0m
[36m[2021-01-28 19:51:03,881] [Log.py:69] [Log:__console] [DEBUG]- 正在执行第22条case:"标题为课件详情--习题分析--答题统计"[0m
[32m[2021-01-28 19:51:03,882] [Log.py:67] [Log:__console] [INFO]- 【测试通过!!】执行第22条case:标题为"课件详情--习题分析--答题统计"结束。[0m
[36m[2021-01-28 19:51:04,107] [Log.py:69] [Log:__console] [DEBUG]- 正在执行第23条case:"标题为学习日志--获取试卷详情"[0m
[32m[2021-01-28 19:51:04,108] [Log.py:67] [Log:__console] [INFO]- 【测试通过!!】执行第23条case:标题为"学习日志--获取试卷详情"结束。[0m
[36m[2021-01-28 19:51:04,255] [Log.py:69] [Log:__console] [DEBUG]- 正在执行第1条case:"标题为课件-添加课件"[0m
[32m[2021-01-28 19:51:04,256] [Log.py:67] [Log:__console] [INFO]- 【测试通过!!】执行第1条case:标题为"课件-添加课件"[0m
[36m[2021-01-28 19:51:04,434] [Log.py:69] [Log:__console] [DEBUG]- 正在执行第2条case:"标题为课件-添加外链"[0m
[32m[2021-01-28 19:51:04,435] [Log.py:67] [Log:__console] [INFO]- 【测试通过!!】执行第2条case:标题为"课件-添加外链"[0m
[36m[2021-01-28 19:51:04,661] [Log.py:69] [Log:__console] [DEBUG]- 正在执行第3条case:"标题为课件-复制课件"[0m
[32m[2021-01-28 19:51:04,662] [Log.py:67] [Log:__console] [INFO]- 【测试通过!!】执行第3条case:标题为"课件-复制课件"[0m
[36m[2021-01-28 19:51:04,837] [Log.py:69] [Log:__console] [DEBUG]- 正在执行第4条case:"标题为课件-获取课件列表"[0m
[32m[2021-01-28 19:51:04,838] [Log.py:67] [Log:__console] [INFO]- 【测试通过!!】执行第4条case:标题为"课件-获取课件列表"[0m
[36m[2021-01-28 19:51:05,015] [Log.py:69] [Log:__console] [DEBUG]- 正在执行第5条case:"标题为课件-创建章节目录"[0m
[32m[2021-01-28 19:51:05,016] [Log.py:67] [Log:__console] [INFO]- 【测试通过!!】执行第5条case:标题为"课件-创建章节目录"[0m
[36m[2021-01-28 19:51:05,361] [Log.py:69] [Log:__console] [DEBUG]- 正在执行第6条case:"标题为互动课件添加判断题"[0m
[32m[2021-01-28 19:51:05,361] [Log.py:67] [Log:__console] [INFO]- 【测试通过!!】执行第6条case:标题为"互动课件添加判断题"[0m
[36m[2021-01-28 19:51:05,831] [Log.py:69] [Log:__console] [DEBUG]- 正在执行第7条case:"标题为互动课件添加单选题"[0m
[32m[2021-01-28 19:51:05,832] [Log.py:67] [Log:__console] [INFO]- 【测试通过!!】执行第7条case:标题为"互动课件添加单选题"[0m
[36m[2021-01-28 19:51:06,175] [Log.py:69] [Log:__console] [DEBUG]- 正在执行第8条case:"标题为互动课件添加多选题"[0m
[32m[2021-01-28 19:51:06,176] [Log.py:67] [Log:__console] [INFO]- 【测试通过!!】执行第8条case:标题为"互动课件添加多选题"[0m
[36m[2021-01-28 19:51:06,575] [Log.py:69] [Log:__console] [DEBUG]- 正在执行第9条case:"标题为互动课件添加投票题"[0m
[32m[2021-01-28 19:51:06,576] [Log.py:67] [Log:__console] [INFO]- 【测试通过!!】执行第9条case:标题为"互动课件添加投票题"[0m
[36m[2021-01-28 19:51:06,799] [Log.py:69] [Log:__console] [DEBUG]- 正在执行第10条case:"标题为互动课件添加判断题"[0m
[32m[2021-01-28 19:51:06,800] [Log.py:67] [Log:__console] [INFO]- 【测试通过!!】执行第10条case:标题为"互动课件添加判断题"[0m
[36m[2021-01-28 19:51:07,390] [Log.py:69] [Log:__console] [DEBUG]- 正在执行第11条case:"标题为课件-发布课件到班级"[0m
[32m[2021-01-28 19:51:07,391] [Log.py:67] [Log:__console] [INFO]- 【测试通过!!】执行第11条case:标题为"课件-发布课件到班级"[0m
[33m[2021-01-28 19:51:07,392] [Log.py:71] [Log:__console] [WARNING]- 未执行第12条case:"标题为课件-添加试卷"未开启状态[0m
[36m[2021-01-28 19:51:07,871] [Log.py:69] [Log:__console] [DEBUG]- 正在执行第13条case:"标题为课件-添加试卷判断题"[0m
[32m[2021-01-28 19:51:07,872] [Log.py:67] [Log:__console] [INFO]- 【测试通过!!】执行第13条case:标题为"课件-添加试卷判断题"[0m
[36m[2021-01-28 19:51:08,157] [Log.py:69] [Log:__console] [DEBUG]- 正在执行第14条case:"标题为课件-添加试卷单选题"[0m
[32m[2021-01-28 19:51:08,158] [Log.py:67] [Log:__console] [INFO]- 【测试通过!!】执行第14条case:标题为"课件-添加试卷单选题"[0m
[36m[2021-01-28 19:51:08,605] [Log.py:69] [Log:__console] [DEBUG]- 正在执行第15条case:"标题为课件-添加试卷多选"[0m
[32m[2021-01-28 19:51:08,606] [Log.py:67] [Log:__console] [INFO]- 【测试通过!!】执行第15条case:标题为"课件-添加试卷多选"[0m
[36m[2021-01-28 19:51:08,953] [Log.py:69] [Log:__console] [DEBUG]- 正在执行第16条case:"标题为课件-添加试卷填空题"[0m
[32m[2021-01-28 19:51:08,954] [Log.py:67] [Log:__console] [INFO]- 【测试通过!!】执行第16条case:标题为"课件-添加试卷填空题"[0m
[36m[2021-01-28 19:51:09,360] [Log.py:69] [Log:__console] [DEBUG]- 正在执行第17条case:"标题为课件-添加试卷简答题"[0m
[32m[2021-01-28 19:51:09,361] [Log.py:67] [Log:__console] [INFO]- 【测试通过!!】执行第17条case:标题为"课件-添加试卷简答题"[0m
[36m[2021-01-28 19:51:09,659] [Log.py:69] [Log:__console] [DEBUG]- 正在执行第19条case:"标题为课件-添加段落说明"[0m
[32m[2021-01-28 19:51:09,660] [Log.py:67] [Log:__console] [INFO]- 【测试通过!!】执行第19条case:标题为"课件-添加段落说明"[0m
[36m[2021-01-28 19:51:10,195] [Log.py:69] [Log:__console] [DEBUG]- 正在执行第20条case:"标题为课件-发布试卷"[0m
[32m[2021-01-28 19:51:10,196] [Log.py:67] [Log:__console] [INFO]- 【测试通过!!】执行第20条case:标题为"课件-发布试卷"[0m
[36m[2021-01-28 19:51:10,568] [Log.py:69] [Log:__console] [DEBUG]- 正在执行第21条case:"标题为我的-获取我的学习记录"[0m
[32m[2021-01-28 19:51:10,569] [Log.py:67] [Log:__console] [INFO]- 【测试通过!!】执行第21条case:标题为"我的-获取我的学习记录"[0m
[36m[2021-01-28 19:51:10,935] [Log.py:69] [Log:__console] [DEBUG]- 正在执行第22条case:"标题为课程班级-置顶"[0m
[32m[2021-01-28 19:51:10,936] [Log.py:67] [Log:__console] [INFO]- 【测试通过!!】执行第22条case:标题为"课程班级-置顶"[0m
[36m[2021-01-28 19:51:11,682] [Log.py:69] [Log:__console] [DEBUG]- 正在执行第23条case:"标题为我的--编辑资料"[0m
[32m[2021-01-28 19:51:11,683] [Log.py:67] [Log:__console] [INFO]- 【测试通过!!】执行第23条case:标题为"我的--编辑资料"[0m
[36m[2021-01-28 19:51:12,050] [Log.py:69] [Log:__console] [DEBUG]- 正在执行第24条case:"标题为课程--获取教学日志"[0m
[32m[2021-01-28 19:51:12,051] [Log.py:67] [Log:__console] [INFO]- 【测试通过!!】执行第24条case:标题为"课程--获取教学日志"[0m
[36m[2021-01-28 19:51:12,462] [Log.py:69] [Log:__console] [DEBUG]- 正在执行第25条case:"标题为课程--获取话题列表"[0m
[32m[2021-01-28 19:51:12,463] [Log.py:67] [Log:__console] [INFO]- 【测试通过!!】执行第25条case:标题为"课程--获取话题列表"[0m
[36m[2021-01-28 19:51:13,203] [Log.py:69] [Log:__console] [DEBUG]- 正在执行第26条case:"标题为课程--发布话题"[0m
[32m[2021-01-28 19:51:13,204] [Log.py:67] [Log:__console] [INFO]- 【测试通过!!】执行第26条case:标题为"课程--发布话题"[0m
[36m[2021-01-28 19:51:13,566] [Log.py:69] [Log:__console] [DEBUG]- 正在执行第27条case:"标题为课程--获取班级成员"[0m
[32m[2021-01-28 19:51:13,567] [Log.py:67] [Log:__console] [INFO]- 【测试通过!!】执行第27条case:标题为"课程--获取班级成员"[0m
[36m[2021-01-28 19:51:13,872] [Log.py:69] [Log:__console] [DEBUG]- 正在执行第28条case:"标题为课堂--获取学生表现"[0m
[32m[2021-01-28 19:51:13,873] [Log.py:67] [Log:__console] [INFO]- 【测试通过!!】执行第28条case:标题为"课堂--获取学生表现"[0m
[36m[2021-01-28 19:51:14,276] [Log.py:69] [Log:__console] [DEBUG]- 正在执行第29条case:"标题为课堂--获取学生到课人数"[0m
[32m[2021-01-28 19:51:14,277] [Log.py:67] [Log:__console] [INFO]- 【测试通过!!】执行第29条case:标题为"课堂--获取学生到课人数"[0m
[36m[2021-01-28 19:51:15,391] [Log.py:69] [Log:__console] [DEBUG]- 正在执行第30条case:"标题为课堂--获取学生表现详情"[0m
[32m[2021-01-28 19:51:15,392] [Log.py:67] [Log:__console] [INFO]- 【测试通过!!】执行第30条case:标题为"课堂--获取学生表现详情"[0m
[36m[2021-01-28 19:51:15,796] [Log.py:69] [Log:__console] [DEBUG]- 正在执行第31条case:"标题为课堂--获取学生表现详情修改分数"[0m
[32m[2021-01-28 19:51:15,797] [Log.py:67] [Log:__console] [INFO]- 【测试通过!!】执行第31条case:标题为"课堂--获取学生表现详情修改分数"[0m
[36m[2021-01-28 19:51:16,065] [Log.py:69] [Log:__console] [DEBUG]- 正在执行第32条case:"标题为课堂--获取学生主观题为批改数量"[0m
[32m[2021-01-28 19:51:16,065] [Log.py:67] [Log:__console] [INFO]- 【测试通过!!】执行第32条case:标题为"课堂--获取学生主观题为批改数量"[0m
[36m[2021-01-28 19:51:16,400] [Log.py:69] [Log:__console] [DEBUG]- 正在执行第33条case:"标题为课堂--课堂习题答题统计"[0m
[32m[2021-01-28 19:51:16,400] [Log.py:67] [Log:__console] [INFO]- 【测试通过!!】执行第33条case:标题为"课堂--课堂习题答题统计"[0m
[36m[2021-01-28 19:51:16,978] [Log.py:69] [Log:__console] [DEBUG]- 正在执行第34条case:"标题为教学日志--获取课件列表"[0m
[32m[2021-01-28 19:51:16,979] [Log.py:67] [Log:__console] [INFO]- 【测试通过!!】执行第34条case:标题为"教学日志--获取课件列表"[0m
[36m[2021-01-28 19:51:17,211] [Log.py:69] [Log:__console] [DEBUG]- 正在执行第35条case:"标题为课件详情--学生表现列表"[0m
[32m[2021-01-28 19:51:17,212] [Log.py:67] [Log:__console] [INFO]- 【测试通过!!】执行第35条case:标题为"课件详情--学生表现列表"[0m
[36m[2021-01-28 19:51:17,618] [Log.py:69] [Log:__console] [DEBUG]- 正在执行第36条case:"标题为课件详情--学生表现列表--已完成"[0m
[32m[2021-01-28 19:51:17,619] [Log.py:67] [Log:__console] [INFO]- 【测试通过!!】执行第36条case:标题为"课件详情--学生表现列表--已完成"[0m
[36m[2021-01-28 19:51:17,952] [Log.py:69] [Log:__console] [DEBUG]- 正在执行第37条case:"标题为课件详情--学生表现列表--未完成"[0m
[32m[2021-01-28 19:51:17,953] [Log.py:67] [Log:__console] [INFO]- 【测试通过!!】执行第37条case:标题为"课件详情--学生表现列表--未完成"[0m
[36m[2021-01-28 19:51:18,257] [Log.py:69] [Log:__console] [DEBUG]- 正在执行第38条case:"标题为课件详情--学生表现列表--未查看"[0m
[32m[2021-01-28 19:51:18,258] [Log.py:67] [Log:__console] [INFO]- 【测试通过!!】执行第38条case:标题为"课件详情--学生表现列表--未查看"[0m
[36m[2021-01-28 19:51:18,531] [Log.py:69] [Log:__console] [DEBUG]- 正在执行第39条case:"标题为课件详情--报告老师列表"[0m
[32m[2021-01-28 19:51:18,532] [Log.py:67] [Log:__console] [INFO]- 【测试通过!!】执行第39条case:标题为"课件详情--报告老师列表"[0m
[36m[2021-01-28 19:51:18,815] [Log.py:69] [Log:__console] [DEBUG]- 正在执行第40条case:"标题为课件详情--习题分析"[0m
[32m[2021-01-28 19:51:18,816] [Log.py:67] [Log:__console] [INFO]- 【测试通过!!】执行第40条case:标题为"课件详情--习题分析"[0m
[36m[2021-01-28 19:51:19,147] [Log.py:69] [Log:__console] [DEBUG]- 正在执行第41条case:"标题为试卷详情--学生表现"[0m
[32m[2021-01-28 19:51:19,148] [Log.py:67] [Log:__console] [INFO]- 【测试通过!!】执行第41条case:标题为"试卷详情--学生表现"[0m
[36m[2021-01-28 19:51:20,131] [Log.py:69] [Log:__console] [DEBUG]- 正在执行第42条case:"标题为试卷详情--学生表现--完成人数"[0m
[32m[2021-01-28 19:51:20,131] [Log.py:67] [Log:__console] [INFO]- 【测试通过!!】执行第42条case:标题为"试卷详情--学生表现--完成人数"[0m
[36m[2021-01-28 19:51:20,428] [Log.py:69] [Log:__console] [DEBUG]- 正在执行第43条case:"标题为试卷详情--学生表现--未完成人数"[0m
[32m[2021-01-28 19:51:20,429] [Log.py:67] [Log:__console] [INFO]- 【测试通过!!】执行第43条case:标题为"试卷详情--学生表现--未完成人数"[0m
[36m[2021-01-28 19:51:20,693] [Log.py:69] [Log:__console] [DEBUG]- 正在执行第44条case:"标题为试卷详情--学生表现--成绩单"[0m
[32m[2021-01-28 19:51:20,695] [Log.py:67] [Log:__console] [INFO]- 【测试通过!!】执行第44条case:标题为"试卷详情--学生表现--成绩单"[0m
[36m[2021-01-28 19:51:21,062] [Log.py:69] [Log:__console] [DEBUG]- 正在执行第45条case:"标题为试卷详情--学生表现--查看试卷详情"[0m
[32m[2021-01-28 19:51:21,063] [Log.py:67] [Log:__console] [INFO]- 【测试通过!!】执行第45条case:标题为"试卷详情--学生表现--查看试卷详情"[0m
[36m[2021-01-28 19:51:21,619] [Log.py:69] [Log:__console] [DEBUG]- 正在执行第46条case:"标题为老师发送公告"[0m
[32m[2021-01-28 19:51:21,620] [Log.py:67] [Log:__console] [INFO]- 【测试通过!!】执行第46条case:标题为"老师发送公告"[0m
