[36m[2021-05-11 17:28:49,519] [Log.py:69] [Log:__console] [DEBUG]- 正在执行第1条case:"标题为查询老师正在教学的课堂"[0m
[32m[2021-05-11 17:28:49,520] [Log.py:67] [Log:__console] [INFO]- 【测试通过!!】执行第1条case:标题为"查询老师正在教学的课堂"结束。[0m
[36m[2021-05-11 17:28:50,933] [Log.py:69] [Log:__console] [DEBUG]- 正在执行第2条case:"标题为课件-获取课件详情"[0m
[32m[2021-05-11 17:28:50,934] [Log.py:67] [Log:__console] [INFO]- 【测试通过!!】执行第2条case:标题为"课件-获取课件详情"结束。[0m
[36m[2021-05-11 17:28:51,522] [Log.py:69] [Log:__console] [DEBUG]- 正在执行第3条case:"标题为课件-获取互动课件内页详情"[0m
[32m[2021-05-11 17:28:51,523] [Log.py:67] [Log:__console] [INFO]- 【测试通过!!】执行第3条case:标题为"课件-获取互动课件内页详情"结束。[0m
[36m[2021-05-11 17:28:52,068] [Log.py:69] [Log:__console] [DEBUG]- 正在执行第4条case:"标题为试卷详情"[0m
[32m[2021-05-11 17:28:52,069] [Log.py:67] [Log:__console] [INFO]- 【测试通过!!】执行第4条case:标题为"试卷详情"结束。[0m
[36m[2021-05-11 17:28:52,685] [Log.py:69] [Log:__console] [DEBUG]- 正在执行第5条case:"标题为获取试卷中所有题型"[0m
[32m[2021-05-11 17:28:52,686] [Log.py:67] [Log:__console] [INFO]- 【测试通过!!】执行第5条case:标题为"获取试卷中所有题型"结束。[0m
[36m[2021-05-11 17:28:53,228] [Log.py:69] [Log:__console] [DEBUG]- 正在执行第6条case:"标题为获取试卷中所有习题|试卷预览"[0m
[32m[2021-05-11 17:28:53,229] [Log.py:67] [Log:__console] [INFO]- 【测试通过!!】执行第6条case:标题为"获取试卷中所有习题|试卷预览"结束。[0m
[33m[2021-05-11 17:28:53,231] [Log.py:71] [Log:__console] [WARNING]- 未执行第7条case:"标题为习题删除"未开启状态[0m
[36m[2021-05-11 17:28:53,756] [Log.py:69] [Log:__console] [DEBUG]- 正在执行第8条case:"标题为课件-试卷导出"[0m
[32m[2021-05-11 17:28:53,757] [Log.py:67] [Log:__console] [INFO]- 【测试通过!!】执行第8条case:标题为"课件-试卷导出"结束。[0m
[36m[2021-05-11 17:28:54,315] [Log.py:69] [Log:__console] [DEBUG]- 正在执行第9条case:"标题为我的-获取用户信息"[0m
[32m[2021-05-11 17:28:54,316] [Log.py:67] [Log:__console] [INFO]- 【测试通过!!】执行第9条case:标题为"我的-获取用户信息"结束。[0m
[36m[2021-05-11 17:28:55,113] [Log.py:69] [Log:__console] [DEBUG]- 正在执行第10条case:"标题为我的-获取我的错题集"[0m
[32m[2021-05-11 17:28:55,115] [Log.py:67] [Log:__console] [INFO]- 【测试通过!!】执行第10条case:标题为"我的-获取我的错题集"结束。[0m
[36m[2021-05-11 17:28:55,667] [Log.py:69] [Log:__console] [DEBUG]- 正在执行第11条case:"标题为我的-获取我的错题集"[0m
[32m[2021-05-11 17:28:55,667] [Log.py:67] [Log:__console] [INFO]- 【测试通过!!】执行第11条case:标题为"我的-获取我的错题集"结束。[0m
[36m[2021-05-11 17:28:56,527] [Log.py:69] [Log:__console] [DEBUG]- 正在执行第12条case:"标题为课程--我听的课"[0m
[32m[2021-05-11 17:28:56,528] [Log.py:67] [Log:__console] [INFO]- 【测试通过!!】执行第12条case:标题为"课程--我听的课"结束。[0m
[36m[2021-05-11 17:28:57,043] [Log.py:69] [Log:__console] [DEBUG]- 正在执行第13条case:"标题为学习日志-课堂详情"[0m
[32m[2021-05-11 17:28:57,043] [Log.py:67] [Log:__console] [INFO]- 【测试通过!!】执行第13条case:标题为"学习日志-课堂详情"结束。[0m
[36m[2021-05-11 17:28:58,019] [Log.py:69] [Log:__console] [DEBUG]- 正在执行第14条case:"标题为课堂--课堂习题统计"[0m
[32m[2021-05-11 17:28:58,020] [Log.py:67] [Log:__console] [INFO]- 【测试通过!!】执行第14条case:标题为"课堂--课堂习题统计"结束。[0m
[36m[2021-05-11 17:28:58,879] [Log.py:69] [Log:__console] [DEBUG]- 正在执行第15条case:"标题为课堂--获取课堂小测"[0m
[32m[2021-05-11 17:28:58,880] [Log.py:67] [Log:__console] [INFO]- 【测试通过!!】执行第15条case:标题为"课堂--获取课堂小测"结束。[0m
[36m[2021-05-11 17:28:59,812] [Log.py:69] [Log:__console] [DEBUG]- 正在执行第16条case:"标题为课堂--课堂互动"[0m
[32m[2021-05-11 17:28:59,812] [Log.py:67] [Log:__console] [INFO]- 【测试通过!!】执行第16条case:标题为"课堂--课堂互动"结束。[0m
[36m[2021-05-11 17:29:00,326] [Log.py:69] [Log:__console] [DEBUG]- 正在执行第17条case:"标题为课堂--课堂互动获取投稿列表"[0m
[32m[2021-05-11 17:29:00,327] [Log.py:67] [Log:__console] [INFO]- 【测试通过!!】执行第17条case:标题为"课堂--课堂互动获取投稿列表"结束。[0m
[36m[2021-05-11 17:34:25,496] [Log.py:69] [Log:__console] [DEBUG]- 正在执行第1条case:"标题为查询老师正在教学的课堂"[0m
[32m[2021-05-11 17:34:25,498] [Log.py:67] [Log:__console] [INFO]- 【测试通过!!】执行第1条case:标题为"查询老师正在教学的课堂"结束。[0m
[36m[2021-05-11 17:34:25,763] [Log.py:69] [Log:__console] [DEBUG]- 正在执行第2条case:"标题为课件-获取课件详情"[0m
[32m[2021-05-11 17:34:25,763] [Log.py:67] [Log:__console] [INFO]- 【测试通过!!】执行第2条case:标题为"课件-获取课件详情"结束。[0m
[36m[2021-05-11 17:34:25,962] [Log.py:69] [Log:__console] [DEBUG]- 正在执行第3条case:"标题为课件-获取互动课件内页详情"[0m
[32m[2021-05-11 17:34:25,963] [Log.py:67] [Log:__console] [INFO]- 【测试通过!!】执行第3条case:标题为"课件-获取互动课件内页详情"结束。[0m
[36m[2021-05-11 17:34:26,171] [Log.py:69] [Log:__console] [DEBUG]- 正在执行第4条case:"标题为试卷详情"[0m
[32m[2021-05-11 17:34:26,172] [Log.py:67] [Log:__console] [INFO]- 【测试通过!!】执行第4条case:标题为"试卷详情"结束。[0m
[36m[2021-05-11 17:34:26,391] [Log.py:69] [Log:__console] [DEBUG]- 正在执行第5条case:"标题为获取试卷中所有题型"[0m
[32m[2021-05-11 17:34:26,392] [Log.py:67] [Log:__console] [INFO]- 【测试通过!!】执行第5条case:标题为"获取试卷中所有题型"结束。[0m
[36m[2021-05-11 17:34:26,602] [Log.py:69] [Log:__console] [DEBUG]- 正在执行第6条case:"标题为获取试卷中所有习题|试卷预览"[0m
[32m[2021-05-11 17:34:26,603] [Log.py:67] [Log:__console] [INFO]- 【测试通过!!】执行第6条case:标题为"获取试卷中所有习题|试卷预览"结束。[0m
[33m[2021-05-11 17:34:26,604] [Log.py:71] [Log:__console] [WARNING]- 未执行第7条case:"标题为习题删除"未开启状态[0m
[36m[2021-05-11 17:34:26,813] [Log.py:69] [Log:__console] [DEBUG]- 正在执行第8条case:"标题为课件-试卷导出"[0m
[32m[2021-05-11 17:34:26,814] [Log.py:67] [Log:__console] [INFO]- 【测试通过!!】执行第8条case:标题为"课件-试卷导出"结束。[0m
[36m[2021-05-11 17:34:27,043] [Log.py:69] [Log:__console] [DEBUG]- 正在执行第9条case:"标题为我的-获取用户信息"[0m
[32m[2021-05-11 17:34:27,044] [Log.py:67] [Log:__console] [INFO]- 【测试通过!!】执行第9条case:标题为"我的-获取用户信息"结束。[0m
[36m[2021-05-11 17:34:27,260] [Log.py:69] [Log:__console] [DEBUG]- 正在执行第10条case:"标题为我的-获取我的错题集"[0m
[32m[2021-05-11 17:34:27,261] [Log.py:67] [Log:__console] [INFO]- 【测试通过!!】执行第10条case:标题为"我的-获取我的错题集"结束。[0m
[36m[2021-05-11 17:34:27,447] [Log.py:69] [Log:__console] [DEBUG]- 正在执行第11条case:"标题为我的-获取我的错题集"[0m
[32m[2021-05-11 17:34:27,448] [Log.py:67] [Log:__console] [INFO]- 【测试通过!!】执行第11条case:标题为"我的-获取我的错题集"结束。[0m
[36m[2021-05-11 17:34:27,676] [Log.py:69] [Log:__console] [DEBUG]- 正在执行第12条case:"标题为课程--我听的课"[0m
[32m[2021-05-11 17:34:27,678] [Log.py:67] [Log:__console] [INFO]- 【测试通过!!】执行第12条case:标题为"课程--我听的课"结束。[0m
[36m[2021-05-11 17:34:27,884] [Log.py:69] [Log:__console] [DEBUG]- 正在执行第13条case:"标题为学习日志-课堂详情"[0m
[32m[2021-05-11 17:34:27,886] [Log.py:67] [Log:__console] [INFO]- 【测试通过!!】执行第13条case:标题为"学习日志-课堂详情"结束。[0m
[36m[2021-05-11 17:34:28,102] [Log.py:69] [Log:__console] [DEBUG]- 正在执行第14条case:"标题为课堂--课堂习题统计"[0m
[32m[2021-05-11 17:34:28,103] [Log.py:67] [Log:__console] [INFO]- 【测试通过!!】执行第14条case:标题为"课堂--课堂习题统计"结束。[0m
